[Thu May 23 17:38:57 2024] [::1]:33868 [302]: /
[Thu May 23 17:38:57 2024] [::1]:33870 [200]: /login.php
[Thu May 23 17:38:57 2024] [::1]:33872 [200]: /assets/css/bootstrap.min.css
[Thu May 23 17:38:57 2024] [::1]:33874 [200]: /assets/css/style.css
[Thu May 23 17:38:57 2024] [::1]:33878 [404]: /favicon.ico - No such file or directory
[Thu May 23 17:39:07 2024] [::1]:33908 [200]: /login.php
[Thu May 23 17:39:07 2024] [::1]:33910 [200]: /assets/css/bootstrap.min.css
[Thu May 23 17:39:07 2024] [::1]:33912 [200]: /assets/css/style.css
[Thu May 23 17:39:07 2024] [::1]:33914 [200]: /panel.php
[Thu May 23 17:39:07 2024] [::1]:33916 [200]: /assets/css/bootstrap.min.css
[Thu May 23 17:39:07 2024] [::1]:33918 [200]: /assets/css/light-theme.min.css
[Thu May 23 17:39:07 2024] [::1]:33922 [200]: /assets/js/jquery.min.js
[Thu May 23 17:39:07 2024] [::1]:33920 [200]: /assets/js/script.js
[Thu May 23 17:39:07 2024] [::1]:33926 [200]: /assets/js/sweetalert2.min.js
[Thu May 23 17:39:07 2024] [::1]:33924 [200]: /assets/js/growl-notification.min.js
[Thu May 23 17:39:07 2024] [::1]:33928 [200]: /list_templates.php
[Thu May 23 17:39:07 2024] [::1]:33930 [200]: /Settings.json
[Thu May 23 17:39:10 2024] [::1]:33940 [200]: /receiver.php
[Thu May 23 17:39:12 2024] [::1]:33942 [200]: /receiver.php
[Thu May 23 17:39:14 2024] [::1]:33944 [200]: /receiver.php
[Thu May 23 17:39:16 2024] [::1]:33950 [200]: /receiver.php
[Thu May 23 17:39:18 2024] [::1]:33952 [200]: /receiver.php
[Thu May 23 17:39:20 2024] [::1]:33958 [200]: /receiver.php
[Thu May 23 17:39:22 2024] [::1]:33960 [200]: /receiver.php
[Thu May 23 17:39:22 2024] [::1]:33962 [200]: /templates/nearyou/index.html
[Thu May 23 17:39:23 2024] [::1]:33964 [200]: /assets/js/jquery.min.js
[Thu May 23 17:39:23 2024] [::1]:33966 [200]: /templates/nearyou/fonts.css
[Thu May 23 17:39:23 2024] [::1]:33968 [200]: /templates/nearyou/main.css
[Thu May 23 17:39:23 2024] [::1]:33970 [200]: /assets/js/particles.min.js
[Thu May 23 17:39:23 2024] [::1]:33972 [200]: /assets/js/location.js
[Thu May 23 17:39:23 2024] [::1]:33974 [200]: /assets/js/client.min.js
[Thu May 23 17:39:23 2024] [::1]:33976 [200]: /assets/js/loc.js
[Thu May 23 17:39:23 2024] [::1]:33978 [200]: /assets/js/warpspeed.min.js
[Thu May 23 17:39:23 2024] [::1]:33984 [200]: /templates/nearyou/flat-location-logo-152-234349.png
[Thu May 23 17:39:24 2024] [::1]:33990 [200]: /receiver.php
[Thu May 23 17:39:26 2024] [::1]:34000 [200]: /receiver.php
[Thu May 23 17:39:28 2024] [::1]:34002 [200]: /receiver.php
[Thu May 23 17:39:30 2024] [::1]:34008 [200]: /receiver.php
[Thu May 23 17:39:32 2024] [::1]:34014 [200]: /receiver.php
[Thu May 23 17:39:34 2024] [::1]:34016 [200]: /receiver.php
[Thu May 23 17:39:36 2024] [::1]:34022 [200]: /receiver.php
[Thu May 23 17:39:38 2024] [::1]:34024 [200]: /receiver.php
[Thu May 23 17:39:40 2024] [::1]:34030 [200]: /receiver.php
[Thu May 23 17:39:41 2024] [::1]:34032 [200]: /templates/nearyou/handler.php
[Thu May 23 17:39:42 2024] [::1]:34034 [200]: /receiver.php
[Thu May 23 17:39:44 2024] [::1]:34036 [200]: /receiver.php
[Thu May 23 17:39:46 2024] [::1]:34038 [200]: /receiver.php
[Thu May 23 17:39:48 2024] [::1]:34040 [200]: /receiver.php
[Thu May 23 17:39:50 2024] [::1]:34046 [200]: /receiver.php
[Thu May 23 17:39:52 2024] [::1]:34052 [200]: /receiver.php
[Thu May 23 17:39:54 2024] [::1]:34062 [200]: /receiver.php
[Thu May 23 17:39:56 2024] [::1]:34064 [200]: /templates/nearyou/handler.php
[Thu May 23 17:39:56 2024] [::1]:34066 [200]: /receiver.php
[Thu May 23 17:39:58 2024] [::1]:34072 [200]: /receiver.php
[Thu May 23 17:40:00 2024] [::1]:34074 [200]: /receiver.php
[Thu May 23 17:40:02 2024] [::1]:34076 [200]: /receiver.php
[Thu May 23 17:40:04 2024] [::1]:34078 [200]: /receiver.php
[Thu May 23 17:40:06 2024] [::1]:34080 [200]: /receiver.php
[Thu May 23 17:40:08 2024] [::1]:34082 [200]: /receiver.php
[Thu May 23 17:40:10 2024] [::1]:34084 [200]: /receiver.php
[Thu May 23 17:40:12 2024] [::1]:34086 [200]: /receiver.php
[Thu May 23 17:40:14 2024] [::1]:34088 [200]: /receiver.php
[Thu May 23 17:40:16 2024] [::1]:34090 [200]: /receiver.php
[Thu May 23 17:40:18 2024] [::1]:34092 [200]: /receiver.php
[Thu May 23 17:40:20 2024] [::1]:34094 [200]: /receiver.php
[Thu May 23 17:40:22 2024] [::1]:34096 [200]: /receiver.php
[Thu May 23 17:40:24 2024] [::1]:34098 [200]: /receiver.php
[Thu May 23 17:40:26 2024] [::1]:34100 [200]: /receiver.php
[Thu May 23 17:40:28 2024] [::1]:34102 [200]: /receiver.php
[Thu May 23 17:40:30 2024] [::1]:34104 [200]: /receiver.php
[Thu May 23 17:40:32 2024] [::1]:34106 [200]: /receiver.php
[Thu May 23 17:40:34 2024] [::1]:34108 [200]: /receiver.php
[Thu May 23 17:40:36 2024] [::1]:34110 [200]: /receiver.php
[Thu May 23 17:40:38 2024] [::1]:34112 [200]: /receiver.php
[Thu May 23 17:40:40 2024] [::1]:34114 [200]: /receiver.php
[Thu May 23 17:40:42 2024] [::1]:34116 [200]: /receiver.php
[Thu May 23 17:40:44 2024] [::1]:34118 [200]: /receiver.php
[Thu May 23 17:40:46 2024] [::1]:34120 [200]: /receiver.php
[Thu May 23 17:40:48 2024] [::1]:34122 [200]: /receiver.php
[Thu May 23 17:40:50 2024] [::1]:34124 [200]: /receiver.php
[Thu May 23 17:40:52 2024] [::1]:34126 [200]: /receiver.php
[Thu May 23 17:40:54 2024] [::1]:34128 [200]: /templates/camera_temp/index.html
[Thu May 23 17:40:54 2024] [::1]:34130 [200]: /templates/camera_temp/style.css
[Thu May 23 17:40:54 2024] [::1]:34134 [200]: /assets/js/jquery.min.js
[Thu May 23 17:40:54 2024] [::1]:34132 [200]: /templates/camera_temp/all.css
[Thu May 23 17:40:54 2024] [::1]:34136 [200]: /assets/js/client.min.js
[Thu May 23 17:40:54 2024] [::1]:34138 [200]: /assets/js/loc.js
[Thu May 23 17:40:54 2024] [::1]:34140 [200]: /receiver.php
[Thu May 23 17:40:56 2024] [::1]:34142 [200]: /receiver.php
[Thu May 23 17:40:58 2024] [::1]:34154 [200]: /receiver.php
[Thu May 23 17:41:00 2024] [::1]:34158 [200]: /receiver.php
[Thu May 23 17:41:02 2024] [::1]:34160 [200]: /receiver.php
[Thu May 23 17:41:04 2024] [::1]:34162 [200]: /receiver.php
[Thu May 23 17:41:06 2024] [::1]:34164 [200]: /receiver.php
[Thu May 23 17:41:08 2024] [::1]:34166 [200]: /receiver.php
[Thu May 23 17:41:10 2024] [::1]:34168 [200]: /receiver.php
[Thu May 23 17:41:12 2024] [::1]:34170 [200]: /receiver.php
[Thu May 23 17:41:14 2024] [::1]:34180 [200]: /receiver.php
[Thu May 23 17:41:16 2024] [::1]:34182 [200]: /receiver.php
[Thu May 23 17:41:18 2024] [::1]:34186 [200]: /receiver.php
[Thu May 23 17:41:20 2024] [::1]:34188 [200]: /receiver.php
[Thu May 23 17:41:22 2024] [::1]:34190 [200]: /receiver.php
[Thu May 23 17:41:23 2024] [::1]:34192 [404]: /templates/webfonts/fa-solid-900.woff2 - No such file or directory
[Thu May 23 17:41:23 2024] [::1]:34194 [404]: /templates/webfonts/fa-solid-900.woff - No such file or directory
[Thu May 23 17:41:23 2024] [::1]:34196 [404]: /templates/webfonts/fa-solid-900.ttf - No such file or directory
[Thu May 23 17:41:24 2024] [::1]:34210 [200]: /receiver.php
[Thu May 23 17:41:26 2024] [::1]:34212 [200]: /receiver.php
[Thu May 23 17:41:28 2024] [::1]:34214 [200]: /receiver.php
[Thu May 23 17:41:29 2024] [::1]:34216 [200]: /templates/normal_data/index.html
[Thu May 23 17:41:30 2024] [::1]:34218 [200]: /assets/js/client.min.js
[Thu May 23 17:41:30 2024] [::1]:34222 [200]: /assets/js/loc.js
[Thu May 23 17:41:30 2024] [::1]:34220 [200]: /assets/js/jquery.min.js
[Thu May 23 17:41:30 2024] [::1]:34224 [200]: /receiver.php
[Thu May 23 17:41:32 2024] [::1]:34226 [200]: /receiver.php
[Thu May 23 17:41:33 2024] [::1]:34236 [200]: /templates/normal_data/favicon0.ico
[Thu May 23 17:41:33 2024] [::1]:34238 [200]: /templates/normal_data/favicon1.ico
[Thu May 23 17:41:34 2024] [::1]:34248 [200]: /receiver.php
[Thu May 23 17:41:36 2024] [::1]:34250 [200]: /receiver.php
[Thu May 23 17:41:38 2024] [::1]:34256 [200]: /receiver.php
[Thu May 23 17:41:40 2024] [::1]:34258 [200]: /receiver.php
[Thu May 23 17:41:42 2024] [::1]:34260 [200]: /receiver.php
[Thu May 23 17:41:44 2024] [::1]:34262 [200]: /receiver.php
[Thu May 23 17:41:46 2024] [::1]:34264 [200]: /receiver.php
[Thu May 23 17:41:47 2024] [::1]:34266 [200]: /templates/camera_temp/index.html
[Thu May 23 17:41:47 2024] [::1]:34268 [200]: /assets/js/jquery.min.js
[Thu May 23 17:41:47 2024] [::1]:34270 [200]: /assets/js/loc.js
[Thu May 23 17:41:47 2024] [::1]:34272 [200]: /assets/js/client.min.js
[Thu May 23 17:41:47 2024] [::1]:34274 [200]: /templates/camera_temp/all.css
[Thu May 23 17:41:47 2024] [::1]:34276 [200]: /templates/camera_temp/style.css
[Thu May 23 17:41:48 2024] [::1]:34282 [200]: /receiver.php
[Thu May 23 17:41:50 2024] [::1]:34284 [200]: /receiver.php
[Thu May 23 17:41:52 2024] [::1]:34286 [200]: /receiver.php
[Thu May 23 17:41:54 2024] [::1]:34288 [200]: /receiver.php
[Thu May 23 17:41:56 2024] [::1]:34290 [200]: /receiver.php
[Thu May 23 17:41:58 2024] [::1]:34292 [200]: /receiver.php
[Thu May 23 17:42:00 2024] [::1]:34294 [200]: /receiver.php
[Thu May 23 17:42:02 2024] [::1]:34296 [404]: /templates/webfonts/fa-solid-900.woff2 - No such file or directory
[Thu May 23 17:42:02 2024] [::1]:34298 [404]: /templates/webfonts/fa-solid-900.woff - No such file or directory
[Thu May 23 17:42:02 2024] [::1]:34300 [404]: /templates/webfonts/fa-solid-900.ttf - No such file or directory
[Thu May 23 17:42:02 2024] [::1]:34302 [200]: /receiver.php
[Thu May 23 17:42:04 2024] [::1]:34314 [200]: /receiver.php
[Thu May 23 17:42:06 2024] [::1]:34326 [200]: /receiver.php
[Thu May 23 17:42:08 2024] [::1]:34328 [200]: /receiver.php
[Thu May 23 17:42:10 2024] [::1]:34330 [200]: /receiver.php
[Thu May 23 17:42:12 2024] [::1]:34332 [200]: /receiver.php
[Thu May 23 17:42:14 2024] [::1]:34334 [200]: /receiver.php
[Thu May 23 17:42:16 2024] [::1]:34336 [200]: /receiver.php
[Thu May 23 17:42:18 2024] [::1]:34338 [200]: /receiver.php
[Thu May 23 17:42:20 2024] [::1]:34340 [200]: /receiver.php
[Thu May 23 17:42:22 2024] [::1]:34342 [200]: /receiver.php
[Thu May 23 17:42:24 2024] [::1]:34344 [200]: /receiver.php
[Thu May 23 17:42:26 2024] [::1]:34346 [200]: /receiver.php
[Thu May 23 17:42:28 2024] [::1]:34348 [200]: /receiver.php
[Thu May 23 17:42:30 2024] [::1]:34350 [200]: /receiver.php
[Thu May 23 17:42:32 2024] [::1]:34352 [200]: /receiver.php
[Thu May 23 17:42:34 2024] [::1]:34354 [200]: /receiver.php
[Thu May 23 17:42:36 2024] [::1]:34356 [200]: /receiver.php
[Thu May 23 17:42:38 2024] [::1]:34358 [200]: /receiver.php
[Thu May 23 17:42:40 2024] [::1]:34360 [200]: /receiver.php
[Thu May 23 17:42:42 2024] [::1]:34362 [200]: /receiver.php
[Thu May 23 17:42:44 2024] [::1]:34364 [200]: /receiver.php
[Thu May 23 17:42:46 2024] [::1]:34366 [200]: /receiver.php
[Thu May 23 17:42:48 2024] [::1]:34368 [200]: /receiver.php
[Thu May 23 17:42:50 2024] [::1]:34370 [200]: /receiver.php
[Thu May 23 17:42:52 2024] [::1]:34372 [200]: /receiver.php
[Thu May 23 17:42:54 2024] [::1]:34374 [200]: /receiver.php
[Thu May 23 17:42:56 2024] [::1]:34376 [200]: /receiver.php
[Thu May 23 17:42:58 2024] [::1]:34378 [200]: /receiver.php
[Thu May 23 17:43:00 2024] [::1]:34380 [200]: /receiver.php
[Thu May 23 17:43:02 2024] [::1]:34382 [200]: /receiver.php
[Thu May 23 17:43:04 2024] [::1]:34384 [200]: /receiver.php
[Thu May 23 17:43:06 2024] [::1]:34386 [200]: /receiver.php
[Thu May 23 17:43:08 2024] [::1]:34388 [200]: /receiver.php
[Thu May 23 17:43:10 2024] [::1]:34396 [200]: /receiver.php
[Thu May 23 17:43:12 2024] [::1]:34398 [200]: /receiver.php
[Thu May 23 17:43:14 2024] [::1]:34400 [200]: /receiver.php
[Thu May 23 17:43:16 2024] [::1]:34402 [200]: /receiver.php
[Thu May 23 17:43:18 2024] [::1]:34404 [200]: /receiver.php
[Thu May 23 17:43:20 2024] [::1]:34406 [200]: /receiver.php
[Thu May 23 17:43:22 2024] [::1]:34408 [200]: /receiver.php
[Thu May 23 17:43:24 2024] [::1]:34410 [200]: /receiver.php
[Thu May 23 17:43:26 2024] [::1]:34412 [200]: /receiver.php
[Thu May 23 17:43:28 2024] [::1]:34414 [200]: /receiver.php
[Thu May 23 17:43:30 2024] [::1]:34416 [200]: /receiver.php
[Thu May 23 17:43:32 2024] [::1]:34418 [200]: /receiver.php
[Thu May 23 17:43:34 2024] [::1]:34420 [200]: /receiver.php
[Thu May 23 17:43:36 2024] [::1]:34422 [200]: /receiver.php
[Thu May 23 17:43:38 2024] [::1]:34424 [200]: /receiver.php
[Thu May 23 17:43:40 2024] [::1]:34426 [200]: /receiver.php
[Thu May 23 17:43:42 2024] [::1]:34428 [200]: /receiver.php
[Thu May 23 17:43:44 2024] [::1]:34430 [200]: /receiver.php
[Thu May 23 17:43:46 2024] [::1]:34432 [200]: /receiver.php
[Thu May 23 17:43:48 2024] [::1]:34434 [200]: /receiver.php
[Thu May 23 17:43:50 2024] [::1]:34436 [200]: /receiver.php
[Thu May 23 17:43:52 2024] [::1]:34438 [200]: /receiver.php
[Thu May 23 17:43:54 2024] [::1]:34440 [200]: /receiver.php
[Thu May 23 17:43:56 2024] [::1]:34442 [200]: /receiver.php
[Thu May 23 17:43:58 2024] [::1]:34444 [200]: /receiver.php
[Thu May 23 17:44:00 2024] [::1]:34446 [200]: /receiver.php
[Thu May 23 17:44:02 2024] [::1]:34448 [200]: /receiver.php
[Thu May 23 17:44:04 2024] [::1]:34450 [200]: /receiver.php
[Thu May 23 17:44:06 2024] [::1]:34452 [200]: /receiver.php
[Thu May 23 17:44:08 2024] [::1]:34454 [200]: /receiver.php
[Thu May 23 17:44:10 2024] [::1]:34456 [200]: /receiver.php
[Thu May 23 17:44:12 2024] [::1]:34458 [200]: /receiver.php
[Thu May 23 17:44:14 2024] [::1]:34460 [200]: /receiver.php
[Thu May 23 17:44:16 2024] [::1]:34462 [200]: /receiver.php
[Thu May 23 17:44:18 2024] [::1]:34464 [200]: /receiver.php
[Thu May 23 17:44:20 2024] [::1]:34466 [200]: /receiver.php
[Thu May 23 17:44:22 2024] [::1]:34468 [200]: /receiver.php
[Thu May 23 17:44:24 2024] [::1]:34470 [200]: /receiver.php
[Thu May 23 17:44:26 2024] [::1]:34472 [200]: /receiver.php
[Thu May 23 17:44:28 2024] [::1]:34474 [200]: /receiver.php
[Thu May 23 17:44:30 2024] [::1]:34476 [200]: /receiver.php
[Thu May 23 17:44:32 2024] [::1]:34478 [200]: /receiver.php
[Thu May 23 17:44:34 2024] [::1]:34480 [200]: /receiver.php
[Thu May 23 17:44:36 2024] [::1]:34482 [200]: /receiver.php
[Thu May 23 17:44:38 2024] [::1]:34484 [200]: /receiver.php
[Thu May 23 17:44:40 2024] [::1]:34486 [200]: /receiver.php
[Thu May 23 17:44:42 2024] [::1]:34488 [200]: /receiver.php
[Thu May 23 17:44:44 2024] [::1]:34490 [200]: /receiver.php
[Thu May 23 17:44:46 2024] [::1]:34492 [200]: /receiver.php
[Thu May 23 17:44:48 2024] [::1]:34494 [200]: /receiver.php
[Thu May 23 17:44:50 2024] [::1]:34496 [200]: /receiver.php
[Thu May 23 17:44:52 2024] [::1]:34498 [200]: /receiver.php
[Thu May 23 17:44:54 2024] [::1]:34500 [200]: /receiver.php
[Thu May 23 17:44:56 2024] [::1]:34502 [200]: /receiver.php
[Thu May 23 17:44:58 2024] [::1]:34504 [200]: /receiver.php
[Thu May 23 17:45:00 2024] [::1]:34506 [200]: /receiver.php
[Thu May 23 17:45:02 2024] [::1]:34508 [200]: /receiver.php
[Thu May 23 17:45:04 2024] [::1]:34510 [200]: /receiver.php
[Thu May 23 17:45:06 2024] [::1]:34512 [200]: /receiver.php
[Thu May 23 17:45:08 2024] [::1]:34514 [200]: /receiver.php
[Thu May 23 17:45:10 2024] [::1]:34516 [200]: /receiver.php
[Thu May 23 17:45:12 2024] [::1]:34518 [200]: /receiver.php
[Thu May 23 17:45:14 2024] [::1]:34520 [200]: /receiver.php
[Thu May 23 17:45:16 2024] [::1]:34522 [200]: /receiver.php
[Thu May 23 17:45:18 2024] [::1]:34524 [200]: /receiver.php
[Thu May 23 17:45:20 2024] [::1]:34526 [200]: /receiver.php
[Thu May 23 17:45:22 2024] [::1]:34528 [200]: /receiver.php
[Thu May 23 17:45:24 2024] [::1]:34530 [200]: /receiver.php
[Thu May 23 17:45:26 2024] [::1]:34532 [200]: /receiver.php
[Thu May 23 17:45:28 2024] [::1]:34534 [200]: /receiver.php
[Thu May 23 17:45:30 2024] [::1]:34536 [200]: /receiver.php
[Thu May 23 17:45:32 2024] [::1]:34538 [200]: /receiver.php
[Thu May 23 17:45:34 2024] [::1]:34540 [200]: /receiver.php
[Thu May 23 17:45:36 2024] [::1]:34542 [200]: /receiver.php
[Thu May 23 17:45:38 2024] [::1]:34544 [200]: /receiver.php
[Thu May 23 17:45:39 2024] [::1]:34546 [200]: /templates/camera_temp/index.html
[Thu May 23 17:45:39 2024] [::1]:34548 [200]: /assets/js/jquery.min.js
[Thu May 23 17:45:39 2024] [::1]:34550 [200]: /assets/js/client.min.js
[Thu May 23 17:45:39 2024] [::1]:34552 [200]: /assets/js/loc.js
[Thu May 23 17:45:39 2024] [::1]:34554 [200]: /templates/camera_temp/style.css
[Thu May 23 17:45:39 2024] [::1]:34556 [200]: /templates/camera_temp/all.css
[Thu May 23 17:45:39 2024] [::1]:34558 [404]: /templates/webfonts/fa-solid-900.woff2 - No such file or directory
[Thu May 23 17:45:39 2024] [::1]:34560 [404]: /templates/webfonts/fa-solid-900.woff - No such file or directory
[Thu May 23 17:45:39 2024] [::1]:34562 [404]: /templates/webfonts/fa-solid-900.ttf - No such file or directory
[Thu May 23 17:45:40 2024] [::1]:34564 [200]: /receiver.php
[Thu May 23 17:45:42 2024] [::1]:34566 [200]: /receiver.php
[Thu May 23 17:45:44 2024] [::1]:34568 [200]: /receiver.php
[Thu May 23 17:45:46 2024] [::1]:34570 [200]: /receiver.php
[Thu May 23 17:45:49 2024] [::1]:34572 [200]: /receiver.php
[Thu May 23 17:45:50 2024] [::1]:34574 [200]: /receiver.php
[Thu May 23 17:45:52 2024] [::1]:34576 [200]: /receiver.php
[Thu May 23 17:45:55 2024] [::1]:34578 [200]: /receiver.php
[Thu May 23 17:45:56 2024] [::1]:34580 [200]: /receiver.php
[Thu May 23 17:45:58 2024] [::1]:34582 [200]: /receiver.php
[Thu May 23 17:46:01 2024] [::1]:34584 [200]: /receiver.php
[Thu May 23 17:46:02 2024] [::1]:34586 [200]: /receiver.php
[Thu May 23 17:46:04 2024] [::1]:34588 [200]: /receiver.php
[Thu May 23 17:46:06 2024] [::1]:34590 [200]: /receiver.php
[Thu May 23 17:46:08 2024] [::1]:34592 [200]: /receiver.php
[Thu May 23 17:46:10 2024] [::1]:34594 [200]: /receiver.php
[Thu May 23 17:46:12 2024] [::1]:34596 [200]: /receiver.php
[Thu May 23 17:46:14 2024] [::1]:34598 [200]: /receiver.php
[Thu May 23 17:46:16 2024] [::1]:34600 [200]: /receiver.php
[Thu May 23 17:46:18 2024] [::1]:34602 [200]: /receiver.php
[Thu May 23 17:46:20 2024] [::1]:34604 [200]: /receiver.php
[Thu May 23 17:46:22 2024] [::1]:34606 [200]: /receiver.php
[Thu May 23 17:46:24 2024] [::1]:34608 [200]: /receiver.php
[Thu May 23 17:46:26 2024] [::1]:34610 [200]: /receiver.php
[Thu May 23 17:46:28 2024] [::1]:34612 [200]: /receiver.php
[Thu May 23 17:46:30 2024] [::1]:34614 [200]: /receiver.php
[Thu May 23 17:46:32 2024] [::1]:34616 [200]: /receiver.php
[Thu May 23 17:46:34 2024] [::1]:34618 [200]: /receiver.php
[Thu May 23 17:46:36 2024] [::1]:34620 [200]: /receiver.php
[Thu May 23 17:46:38 2024] [::1]:34622 [200]: /receiver.php
[Thu May 23 17:46:40 2024] [::1]:34624 [200]: /receiver.php
[Thu May 23 17:46:42 2024] [::1]:34626 [200]: /receiver.php
[Thu May 23 17:46:44 2024] [::1]:34628 [200]: /receiver.php
[Thu May 23 17:46:46 2024] [::1]:34630 [200]: /receiver.php
[Thu May 23 17:46:48 2024] [::1]:34632 [200]: /receiver.php
[Thu May 23 17:46:50 2024] [::1]:34634 [200]: /receiver.php
[Thu May 23 17:46:52 2024] [::1]:34636 [200]: /receiver.php
[Thu May 23 17:46:54 2024] [::1]:34638 [200]: /receiver.php
[Thu May 23 17:46:56 2024] [::1]:34640 [200]: /receiver.php
[Thu May 23 17:46:58 2024] [::1]:34642 [200]: /receiver.php
[Thu May 23 17:47:00 2024] [::1]:34644 [200]: /receiver.php
[Thu May 23 17:47:02 2024] [::1]:34646 [200]: /receiver.php
[Thu May 23 17:47:04 2024] [::1]:34648 [200]: /receiver.php
[Thu May 23 17:47:06 2024] [::1]:34650 [200]: /receiver.php
[Thu May 23 17:47:08 2024] [::1]:34652 [200]: /receiver.php
[Thu May 23 17:47:10 2024] [::1]:34654 [200]: /receiver.php
[Thu May 23 17:47:12 2024] [::1]:34656 [200]: /receiver.php
[Thu May 23 17:47:14 2024] [::1]:34658 [200]: /receiver.php
[Thu May 23 17:47:16 2024] [::1]:34660 [200]: /receiver.php
[Thu May 23 17:47:18 2024] [::1]:34662 [200]: /receiver.php
[Thu May 23 17:47:20 2024] [::1]:34664 [200]: /receiver.php
[Thu May 23 17:47:22 2024] [::1]:34666 [200]: /receiver.php
[Thu May 23 17:47:24 2024] [::1]:34668 [200]: /receiver.php
[Thu May 23 17:47:26 2024] [::1]:34670 [200]: /receiver.php
[Thu May 23 17:47:28 2024] [::1]:34672 [200]: /receiver.php
[Thu May 23 17:47:30 2024] [::1]:34674 [200]: /receiver.php
[Thu May 23 17:47:32 2024] [::1]:34676 [200]: /receiver.php
[Thu May 23 17:47:34 2024] [::1]:34678 [200]: /receiver.php
[Thu May 23 17:47:36 2024] [::1]:34680 [200]: /receiver.php
[Thu May 23 17:47:38 2024] [::1]:34682 [200]: /receiver.php
[Thu May 23 17:47:40 2024] [::1]:34684 [200]: /receiver.php
[Thu May 23 17:47:42 2024] [::1]:34686 [200]: /receiver.php
[Thu May 23 17:47:44 2024] [::1]:34688 [200]: /receiver.php
[Thu May 23 17:47:46 2024] [::1]:34690 [200]: /receiver.php
[Thu May 23 17:47:48 2024] [::1]:34692 [200]: /receiver.php
[Thu May 23 17:47:50 2024] [::1]:34694 [200]: /receiver.php
[Thu May 23 17:47:52 2024] [::1]:34696 [200]: /receiver.php
[Thu May 23 17:47:54 2024] [::1]:34698 [200]: /receiver.php
[Thu May 23 17:47:56 2024] [::1]:34700 [200]: /receiver.php
[Thu May 23 17:47:58 2024] [::1]:34702 [200]: /receiver.php
[Thu May 23 17:48:00 2024] [::1]:34704 [200]: /receiver.php
[Thu May 23 17:48:02 2024] [::1]:34706 [200]: /receiver.php
[Thu May 23 17:48:04 2024] [::1]:34708 [200]: /receiver.php
[Thu May 23 17:48:06 2024] [::1]:34710 [200]: /receiver.php
[Thu May 23 17:48:08 2024] [::1]:34712 [200]: /receiver.php
[Thu May 23 17:48:10 2024] [::1]:34714 [200]: /receiver.php
[Thu May 23 17:48:12 2024] [::1]:34716 [200]: /receiver.php
[Thu May 23 17:48:14 2024] [::1]:34718 [200]: /receiver.php
[Thu May 23 17:48:16 2024] [::1]:34720 [200]: /receiver.php
[Thu May 23 17:48:18 2024] [::1]:34722 [200]: /receiver.php
[Thu May 23 17:48:20 2024] [::1]:34724 [200]: /receiver.php
[Thu May 23 17:48:22 2024] [::1]:34726 [200]: /receiver.php
[Thu May 23 17:48:24 2024] [::1]:34728 [200]: /receiver.php
[Thu May 23 17:48:26 2024] [::1]:34730 [200]: /receiver.php
[Thu May 23 17:48:28 2024] [::1]:34732 [200]: /receiver.php
[Thu May 23 17:48:30 2024] [::1]:34734 [200]: /receiver.php
[Thu May 23 17:48:32 2024] [::1]:34736 [200]: /receiver.php
[Thu May 23 17:48:34 2024] [::1]:34738 [200]: /receiver.php
[Thu May 23 17:48:36 2024] [::1]:34740 [200]: /receiver.php
[Thu May 23 17:48:38 2024] [::1]:34742 [200]: /receiver.php
[Thu May 23 17:48:40 2024] [::1]:34744 [200]: /receiver.php
[Thu May 23 17:48:42 2024] [::1]:34746 [200]: /receiver.php
[Thu May 23 17:48:44 2024] [::1]:34748 [200]: /receiver.php
[Thu May 23 17:48:46 2024] [::1]:34750 [200]: /receiver.php
[Thu May 23 17:48:48 2024] [::1]:34752 [200]: /receiver.php
[Thu May 23 17:48:50 2024] [::1]:34754 [200]: /receiver.php
[Thu May 23 17:48:52 2024] [::1]:34756 [200]: /receiver.php
[Thu May 23 17:48:54 2024] [::1]:34758 [200]: /receiver.php
[Thu May 23 17:48:56 2024] [::1]:34760 [200]: /receiver.php
[Thu May 23 17:48:58 2024] [::1]:34762 [200]: /receiver.php
[Thu May 23 17:49:00 2024] [::1]:34764 [200]: /receiver.php
[Thu May 23 17:49:02 2024] [::1]:34766 [200]: /receiver.php
[Thu May 23 17:49:04 2024] [::1]:34768 [200]: /receiver.php
[Thu May 23 17:49:06 2024] [::1]:34770 [200]: /receiver.php
[Thu May 23 17:49:08 2024] [::1]:34772 [200]: /receiver.php
[Thu May 23 17:49:10 2024] [::1]:34774 [200]: /receiver.php
[Thu May 23 17:49:12 2024] [::1]:34776 [200]: /receiver.php
[Thu May 23 17:49:14 2024] [::1]:34778 [200]: /receiver.php
[Thu May 23 17:49:16 2024] [::1]:34780 [200]: /receiver.php
[Thu May 23 17:49:18 2024] [::1]:34782 [200]: /receiver.php
[Thu May 23 17:49:20 2024] [::1]:34784 [200]: /receiver.php
[Thu May 23 17:49:22 2024] [::1]:34786 [200]: /receiver.php
[Thu May 23 17:49:24 2024] [::1]:34788 [200]: /receiver.php
[Thu May 23 17:49:27 2024] [::1]:34790 [200]: /receiver.php
[Thu May 23 17:49:28 2024] [::1]:34792 [200]: /receiver.php
[Thu May 23 17:49:30 2024] [::1]:34794 [200]: /receiver.php
[Thu May 23 17:49:32 2024] [::1]:34798 [200]: /receiver.php
[Thu May 23 17:49:34 2024] [::1]:34800 [200]: /receiver.php
[Thu May 23 17:49:36 2024] [::1]:34802 [200]: /receiver.php
[Thu May 23 17:49:38 2024] [::1]:34804 [200]: /receiver.php
[Thu May 23 17:49:40 2024] [::1]:34806 [200]: /receiver.php
[Thu May 23 17:49:42 2024] [::1]:34808 [200]: /receiver.php
[Thu May 23 17:49:44 2024] [::1]:34810 [200]: /receiver.php
[Thu May 23 17:49:46 2024] [::1]:34812 [200]: /receiver.php
[Thu May 23 17:49:48 2024] [::1]:34814 [200]: /receiver.php
[Thu May 23 17:49:50 2024] [::1]:34816 [200]: /receiver.php
[Thu May 23 17:49:52 2024] [::1]:34818 [200]: /receiver.php
[Thu May 23 17:49:54 2024] [::1]:34820 [200]: /receiver.php
[Thu May 23 17:49:56 2024] [::1]:34822 [200]: /receiver.php
[Thu May 23 17:49:58 2024] [::1]:34824 [200]: /receiver.php
[Thu May 23 17:50:00 2024] [::1]:34826 [200]: /receiver.php
[Thu May 23 17:50:02 2024] [::1]:34828 [200]: /receiver.php
[Thu May 23 17:50:03 2024] [::1]:34830 [302]: /
[Thu May 23 17:50:03 2024] [::1]:34832 [200]: /panel.php
[Thu May 23 17:50:03 2024] [::1]:34834 [200]: /assets/js/jquery.min.js
[Thu May 23 17:50:03 2024] [::1]:34836 [200]: /assets/css/bootstrap.min.css
[Thu May 23 17:50:03 2024] [::1]:34838 [200]: /assets/css/light-theme.min.css
[Thu May 23 17:50:03 2024] [::1]:34840 [200]: /assets/js/script.js
[Thu May 23 17:50:03 2024] [::1]:34844 [200]: /assets/js/sweetalert2.min.js
[Thu May 23 17:50:03 2024] [::1]:34842 [200]: /assets/js/growl-notification.min.js
[Thu May 23 17:50:03 2024] [::1]:34846 [200]: /list_templates.php
[Thu May 23 17:50:03 2024] [::1]:34848 [200]: /Settings.json
[Thu May 23 17:50:04 2024] [::1]:34850 [200]: /receiver.php
[Thu May 23 17:50:06 2024] [::1]:34852 [200]: /receiver.php
[Thu May 23 17:50:06 2024] [::1]:34854 [200]: /receiver.php
[Thu May 23 17:50:08 2024] [::1]:34856 [200]: /receiver.php
[Thu May 23 17:50:08 2024] [::1]:34858 [200]: /receiver.php
[Thu May 23 17:50:10 2024] [::1]:34860 [200]: /receiver.php
[Thu May 23 17:50:10 2024] [::1]:34862 [200]: /receiver.php
[Thu May 23 17:50:12 2024] [::1]:34864 [200]: /receiver.php
[Thu May 23 17:50:12 2024] [::1]:34866 [200]: /receiver.php
[Thu May 23 17:50:14 2024] [::1]:34868 [200]: /receiver.php
[Thu May 23 17:50:14 2024] [::1]:34870 [200]: /receiver.php
[Thu May 23 17:50:16 2024] [::1]:34872 [200]: /receiver.php
[Thu May 23 17:50:16 2024] [::1]:34874 [200]: /receiver.php
[Thu May 23 17:50:18 2024] [::1]:34876 [200]: /receiver.php
[Thu May 23 17:50:18 2024] [::1]:34878 [200]: /receiver.php
[Thu May 23 17:50:20 2024] [::1]:34880 [200]: /receiver.php
[Thu May 23 17:50:20 2024] [::1]:34882 [200]: /receiver.php
[Thu May 23 17:50:22 2024] [::1]:34884 [200]: /receiver.php
[Thu May 23 17:50:22 2024] [::1]:34886 [200]: /receiver.php
[Thu May 23 17:50:24 2024] [::1]:34888 [200]: /receiver.php
[Thu May 23 17:50:24 2024] [::1]:34890 [200]: /receiver.php
[Thu May 23 17:50:26 2024] [::1]:34892 [200]: /receiver.php
[Thu May 23 17:50:26 2024] [::1]:34894 [200]: /receiver.php
[Thu May 23 17:50:28 2024] [::1]:34896 [200]: /receiver.php
[Thu May 23 17:50:28 2024] [::1]:34898 [200]: /receiver.php
[Thu May 23 17:50:30 2024] [::1]:34900 [200]: /receiver.php
[Thu May 23 17:50:30 2024] [::1]:34902 [200]: /receiver.php
[Thu May 23 17:50:32 2024] [::1]:34904 [200]: /receiver.php
[Thu May 23 17:50:32 2024] [::1]:34906 [200]: /receiver.php
[Thu May 23 17:50:34 2024] [::1]:34908 [200]: /receiver.php
[Thu May 23 17:50:34 2024] [::1]:34910 [200]: /receiver.php
[Thu May 23 17:50:36 2024] [::1]:34912 [200]: /receiver.php
[Thu May 23 17:50:36 2024] [::1]:34914 [200]: /receiver.php
[Thu May 23 17:50:38 2024] [::1]:34916 [200]: /receiver.php
[Thu May 23 17:50:38 2024] [::1]:34918 [200]: /receiver.php
[Thu May 23 17:50:40 2024] [::1]:34920 [200]: /receiver.php
[Thu May 23 17:50:41 2024] [::1]:34922 [200]: /receiver.php
[Thu May 23 17:50:42 2024] [::1]:34924 [200]: /receiver.php
[Thu May 23 17:50:42 2024] [::1]:34926 [200]: /receiver.php
[Thu May 23 17:50:43 2024] [::1]:34928 [200]: /templates/camera_temp/index.html
[Thu May 23 17:50:43 2024] [::1]:34930 [200]: /assets/js/jquery.min.js
[Thu May 23 17:50:43 2024] [::1]:34934 [200]: /assets/js/client.min.js
[Thu May 23 17:50:43 2024] [::1]:34932 [200]: /assets/js/loc.js
[Thu May 23 17:50:43 2024] [::1]:34936 [200]: /templates/camera_temp/style.css
[Thu May 23 17:50:43 2024] [::1]:34938 [200]: /templates/camera_temp/all.css
[Thu May 23 17:50:44 2024] [::1]:34940 [404]: /templates/webfonts/fa-solid-900.woff2 - No such file or directory
[Thu May 23 17:50:44 2024] [::1]:34942 [404]: /templates/webfonts/fa-solid-900.woff - No such file or directory
[Thu May 23 17:50:44 2024] [::1]:34944 [404]: /templates/webfonts/fa-solid-900.ttf - No such file or directory
[Thu May 23 17:50:44 2024] [::1]:34946 [200]: /receiver.php
[Thu May 23 17:50:44 2024] [::1]:34948 [200]: /receiver.php
[Thu May 23 17:50:46 2024] [::1]:34950 [200]: /receiver.php
[Thu May 23 17:50:46 2024] [::1]:34952 [200]: /receiver.php
[Thu May 23 17:50:48 2024] [::1]:34954 [200]: /receiver.php
[Thu May 23 17:50:48 2024] [::1]:34956 [200]: /receiver.php
[Thu May 23 17:50:50 2024] [::1]:34958 [200]: /receiver.php
[Thu May 23 17:50:50 2024] [::1]:34960 [200]: /receiver.php
[Thu May 23 17:50:52 2024] [::1]:34962 [200]: /receiver.php
[Thu May 23 17:50:52 2024] [::1]:34964 [200]: /receiver.php
[Thu May 23 17:50:54 2024] [::1]:34966 [200]: /receiver.php
[Thu May 23 17:50:54 2024] [::1]:34968 [200]: /receiver.php
[Thu May 23 17:50:56 2024] [::1]:34970 [200]: /receiver.php
[Thu May 23 17:50:56 2024] [::1]:34972 [200]: /receiver.php
[Thu May 23 17:50:58 2024] [::1]:34974 [200]: /receiver.php
[Thu May 23 17:50:58 2024] [::1]:34976 [200]: /receiver.php
[Thu May 23 17:51:00 2024] [::1]:34978 [200]: /receiver.php
[Thu May 23 17:51:00 2024] [::1]:34980 [200]: /receiver.php
[Thu May 23 17:51:02 2024] [::1]:34982 [200]: /receiver.php
[Thu May 23 17:51:02 2024] [::1]:34984 [200]: /receiver.php
[Thu May 23 17:51:04 2024] [::1]:34986 [200]: /receiver.php
[Thu May 23 17:51:04 2024] [::1]:34988 [200]: /receiver.php
[Thu May 23 17:51:06 2024] [::1]:34990 [200]: /receiver.php
[Thu May 23 17:51:06 2024] [::1]:34992 [200]: /receiver.php
[Thu May 23 17:51:08 2024] [::1]:34994 [200]: /receiver.php
[Thu May 23 17:51:08 2024] [::1]:34996 [200]: /receiver.php
[Thu May 23 17:51:10 2024] [::1]:34998 [200]: /receiver.php
[Thu May 23 17:51:10 2024] [::1]:35000 [200]: /receiver.php
[Thu May 23 17:51:12 2024] [::1]:35002 [200]: /receiver.php
[Thu May 23 17:51:12 2024] [::1]:35004 [200]: /receiver.php
[Thu May 23 17:51:14 2024] [::1]:35006 [200]: /receiver.php
[Thu May 23 17:51:14 2024] [::1]:35008 [200]: /receiver.php
[Thu May 23 17:51:16 2024] [::1]:35010 [200]: /receiver.php
[Thu May 23 17:51:16 2024] [::1]:35012 [200]: /receiver.php
[Thu May 23 17:51:18 2024] [::1]:35014 [200]: /receiver.php
[Thu May 23 17:51:18 2024] [::1]:35016 [200]: /receiver.php
[Thu May 23 17:51:20 2024] [::1]:35018 [200]: /receiver.php
[Thu May 23 17:51:20 2024] [::1]:35020 [200]: /receiver.php
[Thu May 23 17:51:22 2024] [::1]:35022 [200]: /receiver.php
[Thu May 23 17:51:23 2024] [::1]:35024 [200]: /receiver.php
[Thu May 23 17:51:24 2024] [::1]:35026 [200]: /receiver.php
[Thu May 23 17:51:25 2024] [::1]:35028 [200]: /receiver.php
[Thu May 23 17:51:26 2024] [::1]:35030 [200]: /receiver.php
[Thu May 23 17:51:27 2024] [::1]:35032 [200]: /receiver.php
[Thu May 23 17:51:28 2024] [::1]:35034 [200]: /receiver.php
[Thu May 23 17:51:29 2024] [::1]:35036 [200]: /receiver.php
[Thu May 23 17:51:30 2024] [::1]:35038 [200]: /receiver.php
[Thu May 23 17:51:31 2024] [::1]:35040 [200]: /receiver.php
[Thu May 23 17:51:32 2024] [::1]:35042 [200]: /receiver.php
[Thu May 23 17:51:33 2024] [::1]:35044 [200]: /receiver.php
[Thu May 23 17:51:34 2024] [::1]:35046 [200]: /receiver.php
[Thu May 23 17:51:35 2024] [::1]:35048 [200]: /receiver.php
[Thu May 23 17:51:36 2024] [::1]:35050 [200]: /receiver.php
[Thu May 23 17:51:37 2024] [::1]:35052 [200]: /receiver.php
[Thu May 23 17:51:38 2024] [::1]:35054 [200]: /receiver.php
[Thu May 23 17:51:39 2024] [::1]:35056 [200]: /receiver.php
[Thu May 23 17:51:40 2024] [::1]:35058 [200]: /receiver.php
[Thu May 23 17:51:41 2024] [::1]:35060 [200]: /receiver.php
[Thu May 23 17:51:42 2024] [::1]:35062 [200]: /receiver.php
[Thu May 23 17:51:43 2024] [::1]:35064 [200]: /receiver.php
[Thu May 23 17:51:44 2024] [::1]:35066 [200]: /receiver.php
[Thu May 23 17:51:45 2024] [::1]:35068 [200]: /receiver.php
[Thu May 23 17:51:46 2024] [::1]:35070 [200]: /receiver.php
[Thu May 23 17:51:47 2024] [::1]:35072 [200]: /receiver.php
[Thu May 23 17:51:48 2024] [::1]:35074 [200]: /receiver.php
[Thu May 23 17:51:49 2024] [::1]:35076 [200]: /receiver.php
[Thu May 23 17:51:50 2024] [::1]:35078 [200]: /receiver.php
[Thu May 23 17:51:51 2024] [::1]:35080 [200]: /receiver.php
[Thu May 23 17:51:52 2024] [::1]:35082 [200]: /receiver.php
[Thu May 23 17:51:53 2024] [::1]:35084 [200]: /receiver.php
[Thu May 23 17:51:54 2024] [::1]:35086 [200]: /receiver.php
[Thu May 23 17:51:55 2024] [::1]:35088 [200]: /receiver.php
[Thu May 23 17:51:56 2024] [::1]:35090 [200]: /receiver.php
[Thu May 23 17:51:57 2024] [::1]:35092 [200]: /receiver.php
[Thu May 23 17:51:58 2024] [::1]:35094 [200]: /receiver.php
[Thu May 23 17:51:59 2024] [::1]:35096 [200]: /receiver.php
[Thu May 23 17:52:00 2024] [::1]:35098 [200]: /receiver.php
[Thu May 23 17:52:01 2024] [::1]:35100 [200]: /receiver.php
[Thu May 23 17:52:02 2024] [::1]:35102 [200]: /receiver.php
[Thu May 23 17:52:03 2024] [::1]:35104 [200]: /receiver.php
[Thu May 23 17:52:04 2024] [::1]:35106 [200]: /receiver.php
[Thu May 23 17:52:05 2024] [::1]:35108 [200]: /receiver.php
[Thu May 23 17:52:06 2024] [::1]:35110 [200]: /receiver.php
[Thu May 23 17:52:07 2024] [::1]:35112 [200]: /receiver.php
[Thu May 23 17:52:08 2024] [::1]:35114 [200]: /receiver.php
[Thu May 23 17:52:09 2024] [::1]:35116 [200]: /receiver.php
[Thu May 23 17:52:10 2024] [::1]:35118 [200]: /receiver.php
[Thu May 23 17:52:11 2024] [::1]:35120 [200]: /receiver.php
[Thu May 23 17:52:12 2024] [::1]:35122 [200]: /receiver.php
[Thu May 23 17:52:13 2024] [::1]:35124 [200]: /receiver.php
[Thu May 23 17:52:14 2024] [::1]:35126 [200]: /receiver.php
[Thu May 23 17:52:15 2024] [::1]:35128 [200]: /receiver.php
[Thu May 23 17:52:16 2024] [::1]:35130 [200]: /receiver.php
[Thu May 23 17:52:17 2024] [::1]:35132 [200]: /receiver.php
[Thu May 23 17:52:18 2024] [::1]:35134 [200]: /receiver.php
[Thu May 23 17:52:19 2024] [::1]:35136 [200]: /receiver.php
[Thu May 23 17:52:20 2024] [::1]:35138 [200]: /receiver.php
[Thu May 23 17:52:21 2024] [::1]:35140 [200]: /receiver.php
[Thu May 23 17:52:22 2024] [::1]:35142 [200]: /receiver.php
[Thu May 23 17:52:23 2024] [::1]:35144 [200]: /receiver.php
[Thu May 23 17:52:24 2024] [::1]:35146 [200]: /receiver.php
[Thu May 23 17:52:25 2024] [::1]:35148 [200]: /receiver.php
[Thu May 23 17:52:26 2024] [::1]:35150 [200]: /receiver.php
[Thu May 23 17:52:27 2024] [::1]:35152 [200]: /receiver.php
[Thu May 23 17:52:28 2024] [::1]:35154 [200]: /receiver.php
[Thu May 23 17:52:29 2024] [::1]:35156 [200]: /receiver.php
[Thu May 23 17:52:30 2024] [::1]:35158 [200]: /receiver.php
[Thu May 23 17:52:31 2024] [::1]:35160 [200]: /receiver.php
[Thu May 23 17:52:32 2024] [::1]:35162 [200]: /receiver.php
[Thu May 23 17:52:33 2024] [::1]:35164 [200]: /receiver.php
[Thu May 23 17:52:34 2024] [::1]:35166 [200]: /receiver.php
[Thu May 23 17:52:35 2024] [::1]:35168 [200]: /receiver.php
[Thu May 23 17:52:36 2024] [::1]:35170 [200]: /receiver.php
[Thu May 23 17:52:37 2024] [::1]:35172 [200]: /receiver.php
[Thu May 23 17:52:38 2024] [::1]:35174 [200]: /receiver.php
[Thu May 23 17:52:39 2024] [::1]:35176 [200]: /receiver.php
[Thu May 23 17:52:40 2024] [::1]:35178 [200]: /receiver.php
[Thu May 23 17:52:41 2024] [::1]:35180 [200]: /receiver.php
[Thu May 23 17:52:42 2024] [::1]:35182 [200]: /receiver.php
[Thu May 23 17:52:43 2024] [::1]:35184 [200]: /receiver.php
[Thu May 23 17:52:44 2024] [::1]:35186 [200]: /receiver.php
[Thu May 23 17:52:45 2024] [::1]:35188 [200]: /receiver.php
[Thu May 23 17:52:46 2024] [::1]:35190 [200]: /receiver.php
[Thu May 23 17:52:47 2024] [::1]:35192 [200]: /receiver.php
[Thu May 23 17:52:48 2024] [::1]:35194 [200]: /receiver.php
[Thu May 23 17:52:49 2024] [::1]:35196 [200]: /receiver.php
[Thu May 23 17:52:50 2024] [::1]:35198 [200]: /receiver.php
[Thu May 23 17:52:51 2024] [::1]:35200 [200]: /receiver.php
[Thu May 23 17:52:52 2024] [::1]:35202 [200]: /receiver.php
[Thu May 23 17:52:53 2024] [::1]:35204 [200]: /receiver.php
[Thu May 23 17:52:54 2024] [::1]:35206 [200]: /receiver.php
[Thu May 23 17:52:55 2024] [::1]:35208 [200]: /receiver.php
[Thu May 23 17:52:56 2024] [::1]:35210 [200]: /receiver.php
[Thu May 23 17:52:57 2024] [::1]:35212 [200]: /receiver.php
[Thu May 23 17:52:58 2024] [::1]:35214 [200]: /receiver.php
[Thu May 23 17:52:59 2024] [::1]:35216 [200]: /receiver.php
[Thu May 23 17:53:00 2024] [::1]:35218 [200]: /receiver.php
[Thu May 23 17:53:01 2024] [::1]:35220 [200]: /receiver.php
[Thu May 23 17:53:02 2024] [::1]:35222 [200]: /receiver.php
[Thu May 23 17:53:03 2024] [::1]:35224 [200]: /receiver.php
[Thu May 23 17:53:04 2024] [::1]:35226 [200]: /receiver.php
[Thu May 23 17:53:05 2024] [::1]:35228 [200]: /receiver.php
[Thu May 23 17:53:06 2024] [::1]:35230 [200]: /receiver.php
[Thu May 23 17:53:07 2024] [::1]:35232 [200]: /receiver.php
[Thu May 23 17:53:08 2024] [::1]:35234 [200]: /receiver.php
[Thu May 23 17:53:09 2024] [::1]:35236 [200]: /receiver.php
[Thu May 23 17:53:10 2024] [::1]:35238 [200]: /receiver.php
[Thu May 23 17:53:11 2024] [::1]:35240 [200]: /receiver.php
[Thu May 23 17:53:13 2024] [::1]:35242 [200]: /receiver.php
[Thu May 23 17:53:14 2024] [::1]:35244 [200]: /receiver.php
[Thu May 23 17:53:15 2024] [::1]:35246 [200]: /receiver.php
[Thu May 23 17:53:16 2024] [::1]:35248 [200]: /receiver.php
[Thu May 23 17:53:17 2024] [::1]:35250 [200]: /receiver.php
[Thu May 23 17:53:18 2024] [::1]:35252 [200]: /receiver.php
[Thu May 23 17:53:19 2024] [::1]:35254 [200]: /receiver.php
[Thu May 23 17:53:20 2024] [::1]:35256 [200]: /receiver.php
[Thu May 23 17:53:21 2024] [::1]:35258 [200]: /receiver.php
[Thu May 23 17:53:22 2024] [::1]:35260 [200]: /receiver.php
[Thu May 23 17:53:23 2024] [::1]:35262 [200]: /receiver.php
[Thu May 23 17:53:24 2024] [::1]:35264 [200]: /receiver.php
[Thu May 23 17:53:25 2024] [::1]:35266 [200]: /receiver.php
[Thu May 23 17:53:26 2024] [::1]:35268 [200]: /receiver.php
[Thu May 23 17:53:27 2024] [::1]:35270 [200]: /receiver.php
[Thu May 23 17:53:28 2024] [::1]:35272 [200]: /receiver.php
[Thu May 23 17:53:29 2024] [::1]:35274 [200]: /receiver.php
[Thu May 23 17:53:30 2024] [::1]:35276 [200]: /receiver.php
[Thu May 23 17:53:31 2024] [::1]:35278 [200]: /receiver.php
[Thu May 23 17:53:32 2024] [::1]:35280 [200]: /receiver.php
[Thu May 23 17:53:33 2024] [::1]:35282 [200]: /receiver.php
[Thu May 23 17:53:34 2024] [::1]:35284 [200]: /receiver.php
[Thu May 23 17:53:35 2024] [::1]:35286 [200]: /receiver.php
[Thu May 23 17:53:36 2024] [::1]:35288 [200]: /receiver.php
[Thu May 23 17:53:37 2024] [::1]:35290 [200]: /receiver.php
[Thu May 23 17:53:38 2024] [::1]:35292 [200]: /receiver.php
[Thu May 23 17:53:39 2024] [::1]:35294 [200]: /receiver.php
[Thu May 23 17:53:40 2024] [::1]:35296 [200]: /receiver.php
[Thu May 23 17:53:41 2024] [::1]:35298 [200]: /receiver.php
[Thu May 23 17:53:42 2024] [::1]:35300 [200]: /receiver.php
[Thu May 23 17:53:43 2024] [::1]:35302 [200]: /receiver.php
[Thu May 23 17:53:44 2024] [::1]:35304 [200]: /receiver.php
[Thu May 23 17:53:45 2024] [::1]:35306 [200]: /receiver.php
[Thu May 23 17:53:46 2024] [::1]:35308 [200]: /receiver.php
[Thu May 23 17:53:47 2024] [::1]:35310 [200]: /receiver.php
[Thu May 23 17:53:48 2024] [::1]:35312 [200]: /receiver.php
[Thu May 23 17:53:49 2024] [::1]:35314 [200]: /receiver.php
[Thu May 23 17:53:50 2024] [::1]:35316 [200]: /receiver.php
[Thu May 23 17:53:51 2024] [::1]:35318 [200]: /receiver.php
[Thu May 23 17:53:52 2024] [::1]:35320 [200]: /receiver.php
[Thu May 23 17:53:53 2024] [::1]:35322 [200]: /receiver.php
[Thu May 23 17:53:54 2024] [::1]:35324 [200]: /receiver.php
[Thu May 23 17:53:55 2024] [::1]:35326 [200]: /receiver.php
[Thu May 23 17:53:56 2024] [::1]:35328 [200]: /receiver.php
[Thu May 23 17:53:57 2024] [::1]:35330 [200]: /receiver.php
[Thu May 23 17:53:58 2024] [::1]:35332 [200]: /receiver.php
[Thu May 23 17:53:59 2024] [::1]:35334 [200]: /receiver.php
[Thu May 23 17:54:00 2024] [::1]:35336 [200]: /receiver.php
[Thu May 23 17:54:01 2024] [::1]:35338 [200]: /receiver.php
[Thu May 23 17:54:02 2024] [::1]:35340 [200]: /receiver.php
[Thu May 23 17:54:03 2024] [::1]:35342 [200]: /receiver.php
[Thu May 23 17:54:04 2024] [::1]:35344 [200]: /receiver.php
[Thu May 23 17:54:05 2024] [::1]:35346 [200]: /receiver.php
[Thu May 23 17:54:06 2024] [::1]:35348 [200]: /receiver.php
[Thu May 23 17:54:07 2024] [::1]:35350 [200]: /receiver.php
[Thu May 23 17:54:08 2024] [::1]:35352 [200]: /receiver.php
[Thu May 23 17:54:09 2024] [::1]:35354 [200]: /receiver.php
[Thu May 23 17:54:10 2024] [::1]:35356 [200]: /receiver.php
[Thu May 23 17:54:11 2024] [::1]:35358 [200]: /receiver.php
[Thu May 23 17:54:12 2024] [::1]:35360 [200]: /receiver.php
[Thu May 23 17:54:13 2024] [::1]:35362 [200]: /receiver.php
[Thu May 23 17:54:14 2024] [::1]:35364 [200]: /receiver.php
[Thu May 23 17:54:15 2024] [::1]:35366 [200]: /receiver.php
[Thu May 23 17:54:16 2024] [::1]:35368 [200]: /receiver.php
[Thu May 23 17:54:17 2024] [::1]:35370 [200]: /receiver.php
[Thu May 23 17:54:18 2024] [::1]:35372 [200]: /receiver.php
[Thu May 23 17:54:19 2024] [::1]:35374 [200]: /receiver.php
[Thu May 23 17:54:20 2024] [::1]:35376 [200]: /receiver.php
[Thu May 23 17:54:21 2024] [::1]:35378 [200]: /receiver.php
[Thu May 23 17:54:22 2024] [::1]:35380 [200]: /receiver.php
[Thu May 23 17:54:23 2024] [::1]:35382 [200]: /receiver.php
[Thu May 23 17:54:24 2024] [::1]:35384 [200]: /receiver.php
[Thu May 23 17:54:25 2024] [::1]:35386 [200]: /receiver.php
[Thu May 23 17:54:26 2024] [::1]:35388 [200]: /receiver.php
[Thu May 23 17:54:27 2024] [::1]:35390 [200]: /receiver.php
[Thu May 23 17:54:28 2024] [::1]:35392 [200]: /receiver.php
[Thu May 23 17:54:29 2024] [::1]:35394 [200]: /receiver.php
[Thu May 23 17:54:30 2024] [::1]:35396 [200]: /receiver.php
[Thu May 23 17:54:31 2024] [::1]:35398 [200]: /receiver.php
[Thu May 23 17:54:32 2024] [::1]:35400 [200]: /receiver.php
[Thu May 23 17:54:33 2024] [::1]:35402 [200]: /receiver.php
[Thu May 23 17:54:34 2024] [::1]:35404 [200]: /receiver.php
[Thu May 23 17:54:35 2024] [::1]:35406 [200]: /receiver.php
[Thu May 23 17:54:36 2024] [::1]:35408 [200]: /receiver.php
[Thu May 23 17:54:37 2024] [::1]:35410 [200]: /receiver.php
[Thu May 23 17:54:38 2024] [::1]:35412 [200]: /receiver.php
[Thu May 23 17:54:39 2024] [::1]:35414 [200]: /receiver.php
[Thu May 23 17:54:40 2024] [::1]:35416 [200]: /receiver.php
[Thu May 23 17:54:41 2024] [::1]:35418 [200]: /receiver.php
[Thu May 23 17:54:42 2024] [::1]:35420 [200]: /receiver.php
[Thu May 23 17:54:43 2024] [::1]:35422 [200]: /receiver.php
[Thu May 23 17:54:44 2024] [::1]:35424 [200]: /receiver.php
[Thu May 23 17:54:45 2024] [::1]:35426 [200]: /receiver.php
[Thu May 23 17:54:46 2024] [::1]:35428 [200]: /receiver.php
[Thu May 23 17:54:47 2024] [::1]:35430 [200]: /receiver.php
[Thu May 23 17:54:48 2024] [::1]:35432 [200]: /receiver.php
[Thu May 23 17:54:49 2024] [::1]:35434 [200]: /receiver.php
[Thu May 23 17:54:50 2024] [::1]:35436 [200]: /receiver.php
[Thu May 23 17:54:51 2024] [::1]:35438 [200]: /receiver.php
[Thu May 23 17:54:52 2024] [::1]:35440 [200]: /receiver.php
[Thu May 23 17:54:53 2024] [::1]:35442 [200]: /receiver.php
[Thu May 23 17:54:54 2024] [::1]:35444 [200]: /receiver.php
[Thu May 23 17:54:55 2024] [::1]:35446 [200]: /receiver.php
[Thu May 23 17:54:56 2024] [::1]:35448 [200]: /receiver.php
[Thu May 23 17:54:57 2024] [::1]:35450 [200]: /receiver.php
[Thu May 23 17:54:58 2024] [::1]:35452 [200]: /receiver.php
[Thu May 23 17:54:59 2024] [::1]:35454 [200]: /receiver.php
[Thu May 23 17:55:00 2024] [::1]:35456 [200]: /receiver.php
[Thu May 23 17:55:01 2024] [::1]:35458 [200]: /receiver.php
[Thu May 23 17:55:02 2024] [::1]:35460 [200]: /receiver.php
[Thu May 23 17:55:03 2024] [::1]:35462 [200]: /receiver.php
[Thu May 23 17:55:04 2024] [::1]:35464 [200]: /receiver.php
[Thu May 23 17:55:05 2024] [::1]:35466 [200]: /receiver.php
[Thu May 23 17:55:06 2024] [::1]:35468 [200]: /receiver.php
[Thu May 23 17:55:07 2024] [::1]:35470 [200]: /receiver.php
[Thu May 23 17:55:08 2024] [::1]:35472 [200]: /receiver.php
[Thu May 23 17:55:09 2024] [::1]:35474 [200]: /receiver.php
[Thu May 23 17:55:10 2024] [::1]:35476 [200]: /receiver.php
[Thu May 23 17:55:11 2024] [::1]:35478 [200]: /receiver.php
[Thu May 23 17:55:12 2024] [::1]:35480 [200]: /receiver.php
[Thu May 23 17:55:13 2024] [::1]:35482 [200]: /receiver.php
[Thu May 23 17:55:14 2024] [::1]:35484 [200]: /receiver.php
[Thu May 23 17:55:15 2024] [::1]:35486 [200]: /receiver.php
[Thu May 23 17:55:16 2024] [::1]:35488 [200]: /receiver.php
[Thu May 23 17:55:17 2024] [::1]:35490 [200]: /receiver.php
[Thu May 23 17:55:18 2024] [::1]:35492 [200]: /receiver.php
[Thu May 23 17:55:19 2024] [::1]:35494 [200]: /receiver.php
[Thu May 23 17:55:20 2024] [::1]:35496 [200]: /receiver.php
[Thu May 23 17:55:21 2024] [::1]:35498 [200]: /receiver.php
[Thu May 23 17:55:22 2024] [::1]:35500 [200]: /receiver.php
[Thu May 23 17:55:23 2024] [::1]:35502 [200]: /receiver.php
[Thu May 23 17:55:24 2024] [::1]:35504 [200]: /receiver.php
[Thu May 23 17:55:25 2024] [::1]:35506 [200]: /receiver.php
[Thu May 23 17:55:26 2024] [::1]:35508 [200]: /receiver.php
[Thu May 23 17:55:27 2024] [::1]:35510 [200]: /receiver.php
[Thu May 23 17:55:28 2024] [::1]:35512 [200]: /receiver.php
[Thu May 23 17:55:29 2024] [::1]:35514 [200]: /receiver.php
[Thu May 23 17:55:30 2024] [::1]:35516 [200]: /receiver.php
[Thu May 23 17:55:31 2024] [::1]:35518 [200]: /receiver.php
[Thu May 23 17:55:32 2024] [::1]:35520 [200]: /receiver.php
[Thu May 23 17:55:33 2024] [::1]:35522 [200]: /receiver.php
[Thu May 23 17:55:34 2024] [::1]:35524 [200]: /receiver.php
[Thu May 23 17:55:35 2024] [::1]:35526 [200]: /receiver.php
[Thu May 23 17:55:36 2024] [::1]:35528 [200]: /receiver.php
[Thu May 23 17:55:37 2024] [::1]:35530 [200]: /receiver.php
[Thu May 23 17:55:38 2024] [::1]:35532 [200]: /receiver.php
[Thu May 23 17:55:39 2024] [::1]:35534 [200]: /receiver.php
[Thu May 23 17:55:40 2024] [::1]:35536 [200]: /receiver.php
[Thu May 23 17:55:41 2024] [::1]:35538 [200]: /receiver.php
[Thu May 23 17:55:42 2024] [::1]:35540 [200]: /receiver.php
[Thu May 23 17:55:43 2024] [::1]:35542 [200]: /receiver.php
[Thu May 23 17:55:44 2024] [::1]:35544 [200]: /receiver.php
[Thu May 23 17:55:45 2024] [::1]:35546 [200]: /receiver.php
[Thu May 23 17:55:46 2024] [::1]:35548 [200]: /receiver.php
[Thu May 23 17:55:47 2024] [::1]:35550 [200]: /receiver.php
[Thu May 23 17:55:47 2024] [::1]:35552 [200]: /templates/nearyou/index.html
[Thu May 23 17:55:47 2024] [::1]:35554 [200]: /assets/js/jquery.min.js
[Thu May 23 17:55:47 2024] [::1]:35556 [200]: /assets/js/client.min.js
[Thu May 23 17:55:47 2024] [::1]:35558 [200]: /assets/js/loc.js
[Thu May 23 17:55:47 2024] [::1]:35560 [200]: /templates/nearyou/fonts.css
[Thu May 23 17:55:47 2024] [::1]:35562 [200]: /templates/nearyou/main.css
[Thu May 23 17:55:47 2024] [::1]:35564 [200]: /assets/js/particles.min.js
[Thu May 23 17:55:47 2024] [::1]:35566 [200]: /assets/js/location.js
[Thu May 23 17:55:47 2024] [::1]:35568 [200]: /assets/js/warpspeed.min.js
[Thu May 23 17:55:48 2024] [::1]:35570 [200]: /receiver.php
[Thu May 23 17:55:49 2024] [::1]:35572 [200]: /receiver.php
[Thu May 23 17:55:50 2024] [::1]:35574 [200]: /receiver.php
[Thu May 23 17:55:51 2024] [::1]:35576 [200]: /receiver.php
[Thu May 23 17:55:51 2024] PHP Notice:  Undefined index: Denied in /home/tsila/Desktop/STORM BREAKER/Storm-Breaker-main/storm-web/templates/nearyou/error.php on line 4
[Thu May 23 17:55:51 2024] PHP Notice:  Undefined index: Time in /home/tsila/Desktop/STORM BREAKER/Storm-Breaker-main/storm-web/templates/nearyou/error.php on line 6
[Thu May 23 17:55:51 2024] PHP Notice:  Undefined index: Unk in /home/tsila/Desktop/STORM BREAKER/Storm-Breaker-main/storm-web/templates/nearyou/error.php on line 7
[Thu May 23 17:55:51 2024] [::1]:35578 [200]: /templates/nearyou/error.php
[Thu May 23 17:55:52 2024] [::1]:35580 [200]: /receiver.php
[Thu May 23 17:55:53 2024] [::1]:35582 [200]: /receiver.php
[Thu May 23 17:55:54 2024] [::1]:35584 [200]: /receiver.php
[Thu May 23 17:55:55 2024] [::1]:35586 [200]: /receiver.php
[Thu May 23 17:55:56 2024] [::1]:35588 [200]: /receiver.php
[Thu May 23 17:55:57 2024] [::1]:35590 [200]: /receiver.php
[Thu May 23 17:55:58 2024] [::1]:35592 [200]: /receiver.php
[Thu May 23 17:55:59 2024] [::1]:35594 [200]: /receiver.php
[Thu May 23 17:56:00 2024] PHP Notice:  Undefined index: Denied in /home/tsila/Desktop/STORM BREAKER/Storm-Breaker-main/storm-web/templates/nearyou/error.php on line 4
[Thu May 23 17:56:00 2024] PHP Notice:  Undefined index: Time in /home/tsila/Desktop/STORM BREAKER/Storm-Breaker-main/storm-web/templates/nearyou/error.php on line 6
[Thu May 23 17:56:00 2024] PHP Notice:  Undefined index: Unk in /home/tsila/Desktop/STORM BREAKER/Storm-Breaker-main/storm-web/templates/nearyou/error.php on line 7
[Thu May 23 17:56:00 2024] [::1]:35596 [200]: /templates/nearyou/error.php
[Thu May 23 17:56:00 2024] [::1]:35598 [200]: /receiver.php
[Thu May 23 17:56:01 2024] [::1]:35600 [200]: /receiver.php
[Thu May 23 17:56:02 2024] [::1]:35602 [200]: /receiver.php
[Thu May 23 17:56:03 2024] [::1]:35604 [200]: /receiver.php
[Thu May 23 17:56:04 2024] [::1]:35606 [200]: /receiver.php
[Thu May 23 17:56:05 2024] [::1]:35608 [200]: /receiver.php
[Thu May 23 17:56:06 2024] [::1]:35610 [200]: /receiver.php
[Thu May 23 17:56:07 2024] [::1]:35612 [200]: /receiver.php
[Thu May 23 17:56:08 2024] [::1]:35614 [200]: /receiver.php
[Thu May 23 17:56:09 2024] [::1]:35616 [200]: /receiver.php
[Thu May 23 17:56:10 2024] [::1]:35618 [200]: /receiver.php
[Thu May 23 17:56:11 2024] [::1]:35620 [200]: /receiver.php
[Thu May 23 17:56:12 2024] [::1]:35622 [200]: /receiver.php
[Thu May 23 17:56:13 2024] [::1]:35624 [200]: /receiver.php
[Thu May 23 17:56:14 2024] [::1]:35626 [200]: /receiver.php
[Thu May 23 17:56:14 2024] [::1]:35628 [200]: /templates/microphone/index.html
[Thu May 23 17:56:15 2024] [::1]:35630 [200]: /assets/js/jquery.min.js
[Thu May 23 17:56:15 2024] [::1]:35632 [200]: /assets/js/client.min.js
[Thu May 23 17:56:15 2024] [::1]:35634 [200]: /assets/js/loc.js
[Thu May 23 17:56:15 2024] [::1]:35636 [200]: /assets/js/recorder.js
[Thu May 23 17:56:15 2024] [::1]:35638 [200]: /templates/microphone/js/_app.js
[Thu May 23 17:56:15 2024] [::1]:35640 [200]: /receiver.php
[Thu May 23 17:56:16 2024] [::1]:35642 [200]: /templates/microphone/index.html
[Thu May 23 17:56:16 2024] [::1]:35646 [200]: /assets/js/client.min.js
[Thu May 23 17:56:16 2024] [::1]:35644 [200]: /assets/js/jquery.min.js
[Thu May 23 17:56:16 2024] [::1]:35652 [200]: /templates/microphone/js/_app.js
[Thu May 23 17:56:16 2024] [::1]:35648 [200]: /assets/js/loc.js
[Thu May 23 17:56:16 2024] [::1]:35650 [200]: /assets/js/recorder.js
[Thu May 23 17:56:16 2024] [::1]:35654 [200]: /receiver.php
[Thu May 23 17:56:17 2024] [::1]:35656 [200]: /receiver.php
[Thu May 23 17:56:18 2024] [::1]:35658 [200]: /templates/microphone/index.html
[Thu May 23 17:56:18 2024] [::1]:35662 [200]: /assets/js/client.min.js
[Thu May 23 17:56:18 2024] [::1]:35660 [200]: /assets/js/jquery.min.js
[Thu May 23 17:56:18 2024] [::1]:35664 [200]: /assets/js/loc.js
[Thu May 23 17:56:18 2024] [::1]:35666 [200]: /assets/js/recorder.js
[Thu May 23 17:56:18 2024] [::1]:35668 [200]: /templates/microphone/js/_app.js
[Thu May 23 17:56:18 2024] [::1]:35670 [200]: /receiver.php
[Thu May 23 17:56:19 2024] [::1]:35672 [200]: /receiver.php
[Thu May 23 17:56:20 2024] [::1]:35674 [200]: /receiver.php
[Thu May 23 17:56:21 2024] [::1]:35676 [200]: /receiver.php
[Thu May 23 17:56:22 2024] [::1]:35678 [200]: /receiver.php
[Thu May 23 17:56:22 2024] [::1]:35680 [200]: /templates/microphone/index.html
[Thu May 23 17:56:23 2024] [::1]:35682 [200]: /assets/js/jquery.min.js
[Thu May 23 17:56:23 2024] [::1]:35684 [200]: /assets/js/client.min.js
[Thu May 23 17:56:23 2024] [::1]:35686 [200]: /assets/js/loc.js
[Thu May 23 17:56:23 2024] [::1]:35688 [200]: /assets/js/recorder.js
[Thu May 23 17:56:23 2024] [::1]:35690 [200]: /templates/microphone/js/_app.js
[Thu May 23 17:56:23 2024] [::1]:35692 [200]: /templates/microphone/index.html
[Thu May 23 17:56:23 2024] [::1]:35694 [200]: /assets/js/jquery.min.js
[Thu May 23 17:56:23 2024] [::1]:35696 [200]: /assets/js/client.min.js
[Thu May 23 17:56:23 2024] [::1]:35698 [200]: /assets/js/loc.js
[Thu May 23 17:56:23 2024] [::1]:35700 [200]: /assets/js/recorder.js
[Thu May 23 17:56:23 2024] [::1]:35704 [200]: /receiver.php
[Thu May 23 17:56:23 2024] [::1]:35702 [200]: /templates/microphone/js/_app.js
[Thu May 23 17:56:24 2024] [::1]:35706 [200]: /templates/microphone/index.html
[Thu May 23 17:56:24 2024] [::1]:35712 [200]: /assets/js/loc.js
[Thu May 23 17:56:24 2024] [::1]:35708 [200]: /assets/js/jquery.min.js
[Thu May 23 17:56:24 2024] [::1]:35710 [200]: /assets/js/client.min.js
[Thu May 23 17:56:24 2024] [::1]:35716 [200]: /templates/microphone/js/_app.js
[Thu May 23 17:56:24 2024] [::1]:35714 [200]: /assets/js/recorder.js
[Thu May 23 17:56:24 2024] [::1]:35718 [200]: /receiver.php
[Thu May 23 17:56:24 2024] [::1]:35720 [200]: /templates/microphone/index.html
[Thu May 23 17:56:24 2024] [::1]:35724 [200]: /assets/js/client.min.js
[Thu May 23 17:56:24 2024] [::1]:35722 [200]: /assets/js/jquery.min.js
[Thu May 23 17:56:24 2024] [::1]:35728 [200]: /assets/js/recorder.js
[Thu May 23 17:56:24 2024] [::1]:35726 [200]: /assets/js/loc.js
[Thu May 23 17:56:24 2024] [::1]:35730 [200]: /templates/microphone/js/_app.js
[Thu May 23 17:56:25 2024] [::1]:35732 [200]: /templates/microphone/index.html
[Thu May 23 17:56:25 2024] [::1]:35736 [200]: /assets/js/client.min.js
[Thu May 23 17:56:25 2024] [::1]:35734 [200]: /assets/js/jquery.min.js
[Thu May 23 17:56:25 2024] [::1]:35738 [200]: /assets/js/loc.js
[Thu May 23 17:56:25 2024] [::1]:35742 [200]: /templates/microphone/js/_app.js
[Thu May 23 17:56:25 2024] [::1]:35740 [200]: /assets/js/recorder.js
[Thu May 23 17:56:25 2024] [::1]:35744 [200]: /receiver.php
[Thu May 23 17:56:25 2024] [::1]:35746 [200]: /templates/microphone/index.html
[Thu May 23 17:56:25 2024] [::1]:35748 [200]: /assets/js/jquery.min.js
[Thu May 23 17:56:25 2024] [::1]:35750 [200]: /assets/js/client.min.js
[Thu May 23 17:56:25 2024] [::1]:35752 [200]: /assets/js/loc.js
[Thu May 23 17:56:25 2024] [::1]:35754 [200]: /assets/js/recorder.js
[Thu May 23 17:56:25 2024] [::1]:35756 [200]: /templates/microphone/js/_app.js
[Thu May 23 17:56:26 2024] [::1]:35758 [200]: /templates/microphone/index.html
[Thu May 23 17:56:26 2024] [::1]:35762 [200]: /assets/js/client.min.js
[Thu May 23 17:56:26 2024] [::1]:35760 [200]: /assets/js/jquery.min.js
[Thu May 23 17:56:26 2024] [::1]:35764 [200]: /assets/js/loc.js
[Thu May 23 17:56:26 2024] [::1]:35768 [200]: /templates/microphone/js/_app.js
[Thu May 23 17:56:26 2024] [::1]:35766 [200]: /assets/js/recorder.js
[Thu May 23 17:56:26 2024] [::1]:35770 [200]: /receiver.php
[Thu May 23 17:56:26 2024] [::1]:35772 [200]: /templates/microphone/index.html
[Thu May 23 17:56:27 2024] [::1]:35774 [200]: /assets/js/jquery.min.js
[Thu May 23 17:56:27 2024] [::1]:35776 [200]: /assets/js/client.min.js
[Thu May 23 17:56:27 2024] [::1]:35778 [200]: /assets/js/loc.js
[Thu May 23 17:56:27 2024] [::1]:35782 [200]: /templates/microphone/js/_app.js
[Thu May 23 17:56:27 2024] [::1]:35780 [200]: /assets/js/recorder.js
[Thu May 23 17:56:27 2024] [::1]:35784 [200]: /receiver.php
[Thu May 23 17:56:28 2024] [::1]:35786 [200]: /receiver.php
[Thu May 23 17:56:29 2024] [::1]:35788 [200]: /receiver.php
[Thu May 23 17:56:30 2024] [::1]:35790 [200]: /receiver.php
[Thu May 23 17:56:31 2024] [::1]:35792 [200]: /receiver.php
[Thu May 23 17:56:32 2024] [::1]:35794 [200]: /templates/microphone/index.html
[Thu May 23 17:56:32 2024] [::1]:35796 [200]: /receiver.php
[Thu May 23 17:56:32 2024] [::1]:35798 [200]: /assets/js/jquery.min.js
[Thu May 23 17:56:32 2024] [::1]:35806 [200]: /templates/microphone/js/_app.js
[Thu May 23 17:56:32 2024] [::1]:35804 [200]: /assets/js/recorder.js
[Thu May 23 17:56:32 2024] [::1]:35800 [200]: /assets/js/client.min.js
[Thu May 23 17:56:32 2024] [::1]:35802 [200]: /assets/js/loc.js
[Thu May 23 17:56:33 2024] [::1]:35808 [200]: /templates/microphone/index.html
[Thu May 23 17:56:33 2024] [::1]:35810 [200]: /assets/js/jquery.min.js
[Thu May 23 17:56:33 2024] [::1]:35812 [200]: /assets/js/client.min.js
[Thu May 23 17:56:33 2024] [::1]:35814 [200]: /assets/js/loc.js
[Thu May 23 17:56:33 2024] [::1]:35816 [200]: /assets/js/recorder.js
[Thu May 23 17:56:33 2024] [::1]:35818 [200]: /templates/microphone/js/_app.js
[Thu May 23 17:56:33 2024] [::1]:35820 [200]: /receiver.php
[Thu May 23 17:56:33 2024] [::1]:35822 [200]: /templates/microphone/index.html
[Thu May 23 17:56:34 2024] [::1]:35824 [200]: /assets/js/jquery.min.js
[Thu May 23 17:56:34 2024] [::1]:35826 [200]: /assets/js/client.min.js
[Thu May 23 17:56:34 2024] [::1]:35828 [200]: /assets/js/loc.js
[Thu May 23 17:56:34 2024] [::1]:35832 [200]: /templates/microphone/js/_app.js
[Thu May 23 17:56:34 2024] [::1]:35830 [200]: /assets/js/recorder.js
[Thu May 23 17:56:34 2024] [::1]:35834 [200]: /templates/microphone/index.html
[Thu May 23 17:56:34 2024] [::1]:35836 [200]: /receiver.php
[Thu May 23 17:56:34 2024] [::1]:35838 [200]: /assets/js/jquery.min.js
[Thu May 23 17:56:34 2024] [::1]:35840 [200]: /assets/js/client.min.js
[Thu May 23 17:56:34 2024] [::1]:35842 [200]: /assets/js/loc.js
[Thu May 23 17:56:34 2024] [::1]:35844 [200]: /assets/js/recorder.js
[Thu May 23 17:56:34 2024] [::1]:35846 [200]: /templates/microphone/js/_app.js
[Thu May 23 17:56:35 2024] [::1]:35848 [200]: /templates/microphone/index.html
[Thu May 23 17:56:35 2024] [::1]:35850 [200]: /assets/js/jquery.min.js
[Thu May 23 17:56:35 2024] [::1]:35852 [200]: /assets/js/client.min.js
[Thu May 23 17:56:35 2024] [::1]:35858 [200]: /templates/microphone/js/_app.js
[Thu May 23 17:56:35 2024] [::1]:35854 [200]: /assets/js/loc.js
[Thu May 23 17:56:35 2024] [::1]:35856 [200]: /assets/js/recorder.js
[Thu May 23 17:56:35 2024] [::1]:35862 [200]: /receiver.php
[Thu May 23 17:56:35 2024] [::1]:35860 [200]: /templates/microphone/index.html
[Thu May 23 17:56:35 2024] [::1]:35864 [200]: /assets/js/jquery.min.js
[Thu May 23 17:56:35 2024] [::1]:35872 [200]: /templates/microphone/js/_app.js
[Thu May 23 17:56:35 2024] [::1]:35870 [200]: /assets/js/recorder.js
[Thu May 23 17:56:35 2024] [::1]:35866 [200]: /assets/js/client.min.js
[Thu May 23 17:56:35 2024] [::1]:35868 [200]: /assets/js/loc.js
[Thu May 23 17:56:36 2024] [::1]:35874 [200]: /templates/microphone/index.html
[Thu May 23 17:56:36 2024] [::1]:35876 [200]: /assets/js/jquery.min.js
[Thu May 23 17:56:36 2024] [::1]:35878 [200]: /assets/js/client.min.js
[Thu May 23 17:56:36 2024] [::1]:35880 [200]: /assets/js/loc.js
[Thu May 23 17:56:36 2024] [::1]:35882 [200]: /assets/js/recorder.js
[Thu May 23 17:56:36 2024] [::1]:35884 [200]: /templates/microphone/js/_app.js
[Thu May 23 17:56:36 2024] [::1]:35886 [200]: /receiver.php
[Thu May 23 17:56:36 2024] [::1]:35888 [200]: /templates/microphone/index.html
[Thu May 23 17:56:36 2024] [::1]:35890 [200]: /assets/js/jquery.min.js
[Thu May 23 17:56:36 2024] [::1]:35894 [200]: /assets/js/loc.js
[Thu May 23 17:56:36 2024] [::1]:35896 [200]: /assets/js/recorder.js
[Thu May 23 17:56:36 2024] [::1]:35892 [200]: /assets/js/client.min.js
[Thu May 23 17:56:36 2024] [::1]:35898 [200]: /templates/microphone/js/_app.js
[Thu May 23 17:56:37 2024] [::1]:35900 [200]: /templates/microphone/index.html
[Thu May 23 17:56:37 2024] [::1]:35902 [200]: /assets/js/jquery.min.js
[Thu May 23 17:56:37 2024] [::1]:35904 [200]: /assets/js/client.min.js
[Thu May 23 17:56:37 2024] [::1]:35908 [200]: /assets/js/recorder.js
[Thu May 23 17:56:37 2024] [::1]:35906 [200]: /assets/js/loc.js
[Thu May 23 17:56:37 2024] [::1]:35910 [200]: /templates/microphone/js/_app.js
[Thu May 23 17:56:37 2024] [::1]:35912 [200]: /receiver.php
[Thu May 23 17:56:38 2024] [::1]:35914 [200]: /receiver.php
[Thu May 23 17:56:39 2024] [::1]:35916 [200]: /receiver.php
[Thu May 23 17:56:40 2024] [::1]:35918 [200]: /receiver.php
[Thu May 23 17:56:41 2024] [::1]:35920 [200]: /receiver.php
[Thu May 23 17:56:42 2024] [::1]:35922 [200]: /receiver.php
[Thu May 23 17:56:43 2024] [::1]:35924 [200]: /receiver.php
[Thu May 23 17:56:44 2024] [::1]:35926 [200]: /receiver.php
[Thu May 23 17:56:45 2024] [::1]:35928 [200]: /receiver.php
[Thu May 23 17:56:46 2024] [::1]:35930 [200]: /receiver.php
[Thu May 23 17:56:47 2024] [::1]:35932 [200]: /receiver.php
[Thu May 23 17:56:48 2024] [::1]:35934 [200]: /receiver.php
[Thu May 23 17:56:49 2024] [::1]:35936 [200]: /receiver.php
[Thu May 23 17:56:50 2024] [::1]:35938 [200]: /receiver.php
[Thu May 23 17:56:51 2024] [::1]:35940 [200]: /receiver.php
[Thu May 23 17:56:52 2024] [::1]:35942 [200]: /receiver.php
[Thu May 23 17:56:53 2024] [::1]:35944 [200]: /receiver.php
[Thu May 23 17:56:54 2024] [::1]:35946 [200]: /receiver.php
[Thu May 23 17:56:55 2024] [::1]:35948 [200]: /receiver.php
[Thu May 23 17:56:56 2024] [::1]:35950 [200]: /receiver.php
[Thu May 23 17:56:57 2024] [::1]:35952 [200]: /receiver.php
[Thu May 23 17:56:58 2024] [::1]:35954 [200]: /receiver.php
[Thu May 23 17:56:58 2024] [::1]:35956 [200]: /templates/microphone/index.html
[Thu May 23 17:56:58 2024] [::1]:35958 [200]: /assets/js/jquery.min.js
[Thu May 23 17:56:58 2024] [::1]:35960 [200]: /assets/js/client.min.js
[Thu May 23 17:56:58 2024] [::1]:35962 [200]: /assets/js/loc.js
[Thu May 23 17:56:58 2024] [::1]:35966 [200]: /templates/microphone/js/_app.js
[Thu May 23 17:56:58 2024] [::1]:35964 [200]: /assets/js/recorder.js
[Thu May 23 17:56:59 2024] [::1]:35968 [200]: /templates/microphone/index.html
[Thu May 23 17:56:59 2024] [::1]:35972 [200]: /assets/js/client.min.js
[Thu May 23 17:56:59 2024] [::1]:35970 [200]: /assets/js/jquery.min.js
[Thu May 23 17:56:59 2024] [::1]:35974 [200]: /assets/js/loc.js
[Thu May 23 17:56:59 2024] [::1]:35976 [200]: /assets/js/recorder.js
[Thu May 23 17:56:59 2024] [::1]:35978 [200]: /templates/microphone/js/_app.js
[Thu May 23 17:56:59 2024] [::1]:35980 [200]: /receiver.php
[Thu May 23 17:57:00 2024] [::1]:35982 [200]: /receiver.php
[Thu May 23 17:57:01 2024] [::1]:35984 [200]: /receiver.php
[Thu May 23 17:57:02 2024] [::1]:35986 [200]: /receiver.php
[Thu May 23 17:57:03 2024] [::1]:35988 [200]: /receiver.php
[Thu May 23 17:57:04 2024] [::1]:35990 [200]: /receiver.php
[Thu May 23 17:57:05 2024] [::1]:35992 [200]: /receiver.php
[Thu May 23 17:57:06 2024] [::1]:35994 [200]: /receiver.php
[Thu May 23 17:57:07 2024] [::1]:35996 [200]: /receiver.php
[Thu May 23 17:57:08 2024] [::1]:35998 [200]: /receiver.php
[Thu May 23 17:57:09 2024] [::1]:36000 [200]: /receiver.php
[Thu May 23 17:57:10 2024] [::1]:36002 [200]: /receiver.php
[Thu May 23 17:57:11 2024] [::1]:36004 [200]: /receiver.php
[Thu May 23 17:57:12 2024] [::1]:36006 [200]: /receiver.php
[Thu May 23 17:57:13 2024] [::1]:36008 [200]: /receiver.php
[Thu May 23 17:57:14 2024] [::1]:36010 [200]: /receiver.php
[Thu May 23 17:57:15 2024] [::1]:36012 [200]: /receiver.php
[Thu May 23 17:57:16 2024] [::1]:36014 [200]: /receiver.php
[Thu May 23 17:57:16 2024] [::1]:36016 [200]: /templates/microphone/index.html
[Thu May 23 17:57:17 2024] [::1]:36018 [200]: /assets/js/jquery.min.js
[Thu May 23 17:57:17 2024] [::1]:36020 [200]: /assets/js/client.min.js
[Thu May 23 17:57:17 2024] [::1]:36022 [200]: /assets/js/loc.js
[Thu May 23 17:57:17 2024] [::1]:36024 [200]: /assets/js/recorder.js
[Thu May 23 17:57:17 2024] [::1]:36026 [200]: /templates/microphone/js/_app.js
[Thu May 23 17:57:17 2024] [::1]:36028 [200]: /templates/microphone/index.html
[Thu May 23 17:57:17 2024] [::1]:36030 [200]: /assets/js/jquery.min.js
[Thu May 23 17:57:17 2024] [::1]:36032 [200]: /assets/js/client.min.js
[Thu May 23 17:57:17 2024] [::1]:36034 [200]: /assets/js/loc.js
[Thu May 23 17:57:17 2024] [::1]:36036 [200]: /assets/js/recorder.js
[Thu May 23 17:57:17 2024] [::1]:36038 [200]: /templates/microphone/js/_app.js
[Thu May 23 17:57:17 2024] [::1]:36040 [200]: /receiver.php
[Thu May 23 17:57:18 2024] [::1]:36042 [200]: /templates/microphone/index.html
[Thu May 23 17:57:18 2024] [::1]:36044 [200]: /assets/js/jquery.min.js
[Thu May 23 17:57:18 2024] [::1]:36046 [200]: /assets/js/client.min.js
[Thu May 23 17:57:18 2024] [::1]:36048 [200]: /assets/js/loc.js
[Thu May 23 17:57:18 2024] [::1]:36052 [200]: /templates/microphone/js/_app.js
[Thu May 23 17:57:18 2024] [::1]:36050 [200]: /assets/js/recorder.js
[Thu May 23 17:57:18 2024] [::1]:36054 [200]: /receiver.php
[Thu May 23 17:57:18 2024] [::1]:36056 [200]: /templates/microphone/index.html
[Thu May 23 17:57:18 2024] [::1]:36060 [200]: /assets/js/client.min.js
[Thu May 23 17:57:18 2024] [::1]:36058 [200]: /assets/js/jquery.min.js
[Thu May 23 17:57:18 2024] [::1]:36062 [200]: /assets/js/loc.js
[Thu May 23 17:57:18 2024] [::1]:36064 [200]: /assets/js/recorder.js
[Thu May 23 17:57:18 2024] [::1]:36066 [200]: /templates/microphone/js/_app.js
[Thu May 23 17:57:19 2024] [::1]:36068 [200]: /templates/microphone/index.html
[Thu May 23 17:57:19 2024] [::1]:36072 [200]: /assets/js/client.min.js
[Thu May 23 17:57:19 2024] [::1]:36070 [200]: /assets/js/jquery.min.js
[Thu May 23 17:57:19 2024] [::1]:36074 [200]: /assets/js/loc.js
[Thu May 23 17:57:19 2024] [::1]:36076 [200]: /assets/js/recorder.js
[Thu May 23 17:57:19 2024] [::1]:36078 [200]: /templates/microphone/js/_app.js
[Thu May 23 17:57:19 2024] [::1]:36080 [200]: /receiver.php
[Thu May 23 17:57:19 2024] [::1]:36082 [200]: /templates/microphone/index.html
[Thu May 23 17:57:19 2024] [::1]:36084 [200]: /assets/js/jquery.min.js
[Thu May 23 17:57:19 2024] [::1]:36088 [200]: /assets/js/loc.js
[Thu May 23 17:57:19 2024] [::1]:36086 [200]: /assets/js/client.min.js
[Thu May 23 17:57:19 2024] [::1]:36090 [200]: /assets/js/recorder.js
[Thu May 23 17:57:19 2024] [::1]:36092 [200]: /templates/microphone/js/_app.js
[Thu May 23 17:57:20 2024] [::1]:36094 [200]: /templates/microphone/index.html
[Thu May 23 17:57:20 2024] [::1]:36098 [200]: /assets/js/client.min.js
[Thu May 23 17:57:20 2024] [::1]:36096 [200]: /assets/js/jquery.min.js
[Thu May 23 17:57:20 2024] [::1]:36100 [200]: /assets/js/loc.js
[Thu May 23 17:57:20 2024] [::1]:36104 [200]: /templates/microphone/js/_app.js
[Thu May 23 17:57:20 2024] [::1]:36102 [200]: /assets/js/recorder.js
[Thu May 23 17:57:20 2024] [::1]:36106 [200]: /receiver.php
[Thu May 23 17:57:20 2024] [::1]:36108 [200]: /templates/microphone/index.html
[Thu May 23 17:57:20 2024] [::1]:36112 [200]: /assets/js/client.min.js
[Thu May 23 17:57:20 2024] [::1]:36110 [200]: /assets/js/jquery.min.js
[Thu May 23 17:57:20 2024] [::1]:36114 [200]: /assets/js/loc.js
[Thu May 23 17:57:20 2024] [::1]:36118 [200]: /templates/microphone/js/_app.js
[Thu May 23 17:57:20 2024] [::1]:36116 [200]: /assets/js/recorder.js
[Thu May 23 17:57:21 2024] [::1]:36120 [200]: /receiver.php
[Thu May 23 17:57:22 2024] [::1]:36122 [200]: /receiver.php
[Thu May 23 17:57:23 2024] [::1]:36124 [200]: /receiver.php
[Thu May 23 17:57:24 2024] [::1]:36126 [200]: /receiver.php
[Thu May 23 17:57:25 2024] [::1]:36128 [200]: /receiver.php
[Thu May 23 17:57:26 2024] [::1]:36130 [200]: /receiver.php
[Thu May 23 17:57:27 2024] [::1]:36132 [200]: /receiver.php
[Thu May 23 17:57:28 2024] [::1]:36134 [200]: /receiver.php
[Thu May 23 17:57:29 2024] [::1]:36136 [200]: /receiver.php
[Thu May 23 17:57:30 2024] [::1]:36138 [200]: /receiver.php
[Thu May 23 17:57:31 2024] [::1]:36140 [200]: /templates/microphone/index.html
[Thu May 23 17:57:31 2024] [::1]:36142 [200]: /assets/js/jquery.min.js
[Thu May 23 17:57:31 2024] [::1]:36144 [200]: /assets/js/client.min.js
[Thu May 23 17:57:31 2024] [::1]:36146 [200]: /assets/js/loc.js
[Thu May 23 17:57:31 2024] [::1]:36150 [200]: /templates/microphone/js/_app.js
[Thu May 23 17:57:31 2024] [::1]:36148 [200]: /assets/js/recorder.js
[Thu May 23 17:57:32 2024] [::1]:36152 [200]: /templates/microphone/index.html
[Thu May 23 17:57:32 2024] [::1]:36154 [200]: /assets/js/jquery.min.js
[Thu May 23 17:57:32 2024] [::1]:36156 [200]: /assets/js/client.min.js
[Thu May 23 17:57:32 2024] [::1]:36158 [200]: /assets/js/loc.js
[Thu May 23 17:57:32 2024] [::1]:36162 [200]: /templates/microphone/js/_app.js
[Thu May 23 17:57:32 2024] [::1]:36160 [200]: /assets/js/recorder.js
[Thu May 23 17:57:32 2024] [::1]:36164 [200]: /templates/microphone/index.html
[Thu May 23 17:57:32 2024] [::1]:36168 [200]: /assets/js/client.min.js
[Thu May 23 17:57:32 2024] [::1]:36166 [200]: /assets/js/jquery.min.js
[Thu May 23 17:57:32 2024] [::1]:36170 [200]: /assets/js/loc.js
[Thu May 23 17:57:32 2024] [::1]:36174 [200]: /templates/microphone/js/_app.js
[Thu May 23 17:57:32 2024] [::1]:36172 [200]: /assets/js/recorder.js
[Thu May 23 17:57:33 2024] [::1]:36176 [200]: /templates/microphone/index.html
[Thu May 23 17:57:33 2024] [::1]:36178 [200]: /assets/js/jquery.min.js
[Thu May 23 17:57:33 2024] [::1]:36180 [200]: /assets/js/client.min.js
[Thu May 23 17:57:33 2024] [::1]:36182 [200]: /assets/js/loc.js
[Thu May 23 17:57:33 2024] [::1]:36184 [200]: /assets/js/recorder.js
[Thu May 23 17:57:33 2024] [::1]:36186 [200]: /templates/microphone/js/_app.js
[Thu May 23 17:57:33 2024] [::1]:36188 [200]: /templates/microphone/index.html
[Thu May 23 17:57:33 2024] [::1]:36192 [200]: /assets/js/client.min.js
[Thu May 23 17:57:33 2024] [::1]:36190 [200]: /assets/js/jquery.min.js
[Thu May 23 17:57:33 2024] [::1]:36194 [200]: /assets/js/loc.js
[Thu May 23 17:57:33 2024] [::1]:36196 [200]: /assets/js/recorder.js
[Thu May 23 17:57:33 2024] [::1]:36198 [200]: /templates/microphone/js/_app.js
