[Thu May 23 11:43:56 2024] PHP 8.2.18 Development Server (http://localhost:2525) started
[Thu May 23 11:44:38 2024] [::1]:55466 Accepted
[Thu May 23 11:44:38 2024] [::1]:55476 Accepted
[Thu May 23 11:44:38 2024] [::1]:55476 [302]: GET /
[Thu May 23 11:44:38 2024] [::1]:55476 Closing
[Thu May 23 11:44:38 2024] [::1]:55484 Accepted
[Thu May 23 11:44:38 2024] [::1]:55484 [200]: GET /login.php
[Thu May 23 11:44:38 2024] [::1]:55484 Closing
[Thu May 23 11:44:39 2024] [::1]:55490 Accepted
[Thu May 23 11:44:39 2024] [::1]:55490 [200]: GET /assets/css/bootstrap.min.css
[Thu May 23 11:44:39 2024] [::1]:55490 Closing
[Thu May 23 11:44:39 2024] [::1]:55494 Accepted
[Thu May 23 11:44:39 2024] [::1]:55494 [200]: GET /assets/css/style.css
[Thu May 23 11:44:39 2024] [::1]:55494 Closing
[Thu May 23 11:44:39 2024] [::1]:55500 Accepted
[Thu May 23 11:44:39 2024] [::1]:55500 [404]: GET /favicon.ico - No such file or directory
[Thu May 23 11:44:39 2024] [::1]:55500 Closing
[Thu May 23 11:44:43 2024] [::1]:55514 Accepted
[Thu May 23 11:44:43 2024] [::1]:55514 [200]: POST /login.php
[Thu May 23 11:44:43 2024] [::1]:55514 Closing
[Thu May 23 11:44:43 2024] [::1]:55516 Accepted
[Thu May 23 11:44:43 2024] [::1]:55516 [200]: GET /assets/css/bootstrap.min.css
[Thu May 23 11:44:43 2024] [::1]:55516 Closing
[Thu May 23 11:44:43 2024] [::1]:55522 Accepted
[Thu May 23 11:44:43 2024] [::1]:55522 [200]: GET /assets/css/style.css
[Thu May 23 11:44:43 2024] [::1]:55522 Closing
[Thu May 23 11:44:43 2024] [::1]:55536 Accepted
[Thu May 23 11:44:43 2024] [::1]:55536 [200]: GET /panel.php
[Thu May 23 11:44:43 2024] [::1]:55536 Closing
[Thu May 23 11:44:43 2024] [::1]:55542 Accepted
[Thu May 23 11:44:43 2024] [::1]:55542 [200]: GET /assets/css/bootstrap.min.css
[Thu May 23 11:44:43 2024] [::1]:55542 Closing
[Thu May 23 11:44:43 2024] [::1]:55552 Accepted
[Thu May 23 11:44:43 2024] [::1]:55552 [200]: GET /assets/css/light-theme.min.css
[Thu May 23 11:44:43 2024] [::1]:55552 Closing
[Thu May 23 11:44:43 2024] [::1]:55564 Accepted
[Thu May 23 11:44:43 2024] [::1]:55568 Accepted
[Thu May 23 11:44:43 2024] [::1]:55564 [200]: GET /assets/js/jquery.min.js
[Thu May 23 11:44:43 2024] [::1]:55584 Accepted
[Thu May 23 11:44:43 2024] [::1]:55568 [200]: GET /assets/js/script.js
[Thu May 23 11:44:43 2024] [::1]:55564 Closing
[Thu May 23 11:44:43 2024] [::1]:55568 Closing
[Thu May 23 11:44:43 2024] [::1]:55598 Accepted
[Thu May 23 11:44:43 2024] [::1]:55584 [200]: GET /assets/js/sweetalert2.min.js
[Thu May 23 11:44:43 2024] [::1]:55584 Closing
[Thu May 23 11:44:43 2024] [::1]:55598 [200]: GET /assets/js/growl-notification.min.js
[Thu May 23 11:44:43 2024] [::1]:55598 Closing
[Thu May 23 11:44:43 2024] [::1]:55602 Accepted
[Thu May 23 11:44:43 2024] [::1]:55602 [200]: GET /Settings.json
[Thu May 23 11:44:43 2024] [::1]:55602 Closing
[Thu May 23 11:44:43 2024] [::1]:55604 Accepted
[Thu May 23 11:44:43 2024] [::1]:55604 [200]: POST /list_templates.php
[Thu May 23 11:44:43 2024] [::1]:55604 Closing
[Thu May 23 11:44:43 2024] [::1]:55466 Closed without sending a request; it was probably just an unused speculative preconnection
[Thu May 23 11:44:43 2024] [::1]:55466 Closing
[Thu May 23 11:44:46 2024] [::1]:39602 Accepted
[Thu May 23 11:44:46 2024] [::1]:39602 [200]: POST /receiver.php
[Thu May 23 11:44:46 2024] [::1]:39602 Closing
[Thu May 23 11:44:48 2024] [::1]:39604 Accepted
[Thu May 23 11:44:48 2024] [::1]:39604 [200]: POST /receiver.php
[Thu May 23 11:44:48 2024] [::1]:39604 Closing
[Thu May 23 11:44:50 2024] [::1]:39620 Accepted
[Thu May 23 11:44:50 2024] [::1]:39620 [200]: POST /receiver.php
[Thu May 23 11:44:50 2024] [::1]:39620 Closing
[Thu May 23 11:44:52 2024] [::1]:39628 Accepted
[Thu May 23 11:44:52 2024] [::1]:39628 [200]: POST /receiver.php
[Thu May 23 11:44:52 2024] [::1]:39628 Closing
[Thu May 23 11:44:54 2024] [::1]:39636 Accepted
[Thu May 23 11:44:54 2024] [::1]:39636 [200]: POST /receiver.php
[Thu May 23 11:44:54 2024] [::1]:39636 Closing
[Thu May 23 11:44:56 2024] [::1]:48506 Accepted
[Thu May 23 11:44:56 2024] [::1]:48506 [200]: POST /receiver.php
[Thu May 23 11:44:56 2024] [::1]:48506 Closing
[Thu May 23 11:44:58 2024] [::1]:48508 Accepted
[Thu May 23 11:44:58 2024] [::1]:48508 [200]: POST /receiver.php
[Thu May 23 11:44:58 2024] [::1]:48508 Closing
[Thu May 23 11:45:00 2024] [::1]:48510 Accepted
[Thu May 23 11:45:00 2024] [::1]:48510 [200]: POST /receiver.php
[Thu May 23 11:45:00 2024] [::1]:48510 Closing
[Thu May 23 11:45:02 2024] [::1]:48514 Accepted
[Thu May 23 11:45:02 2024] [::1]:48514 [200]: POST /receiver.php
[Thu May 23 11:45:02 2024] [::1]:48514 Closing
[Thu May 23 11:45:55 2024] [::1]:50082 Accepted
[Thu May 23 11:45:58 2024] [::1]:58358 Accepted
[Thu May 23 11:45:58 2024] [::1]:58366 Accepted
[Thu May 23 11:45:58 2024] [::1]:58366 [302]: GET /
[Thu May 23 11:45:58 2024] [::1]:58366 Closing
[Thu May 23 11:45:58 2024] [::1]:58376 Accepted
[Thu May 23 11:45:58 2024] [::1]:58376 [200]: GET /panel.php
[Thu May 23 11:45:58 2024] [::1]:58376 Closing
[Thu May 23 11:45:58 2024] [::1]:58384 Accepted
[Thu May 23 11:45:58 2024] [::1]:58384 [200]: GET /assets/css/bootstrap.min.css
[Thu May 23 11:45:58 2024] [::1]:58384 Closing
[Thu May 23 11:45:58 2024] [::1]:58392 Accepted
[Thu May 23 11:45:58 2024] [::1]:58408 Accepted
[Thu May 23 11:45:58 2024] [::1]:58392 [200]: GET /assets/css/light-theme.min.css
[Thu May 23 11:45:58 2024] [::1]:58392 Closing
[Thu May 23 11:45:58 2024] [::1]:58408 [200]: GET /assets/js/jquery.min.js
[Thu May 23 11:45:58 2024] [::1]:58424 Accepted
[Thu May 23 11:45:58 2024] [::1]:58408 Closing
[Thu May 23 11:45:58 2024] [::1]:58428 Accepted
[Thu May 23 11:45:58 2024] [::1]:58424 [200]: GET /assets/js/script.js
[Thu May 23 11:45:58 2024] [::1]:58428 [200]: GET /assets/js/sweetalert2.min.js
[Thu May 23 11:45:58 2024] [::1]:58442 Accepted
[Thu May 23 11:45:58 2024] [::1]:58424 Closing
[Thu May 23 11:45:58 2024] [::1]:58428 Closing
[Thu May 23 11:45:58 2024] [::1]:58442 [200]: GET /assets/js/growl-notification.min.js
[Thu May 23 11:45:58 2024] [::1]:58442 Closing
[Thu May 23 11:45:58 2024] [::1]:58448 Accepted
[Thu May 23 11:45:58 2024] [::1]:58448 [200]: POST /list_templates.php
[Thu May 23 11:45:58 2024] [::1]:58448 Closing
[Thu May 23 11:45:58 2024] [::1]:58450 Accepted
[Thu May 23 11:45:58 2024] [::1]:58450 [200]: GET /Settings.json
[Thu May 23 11:45:58 2024] [::1]:58450 Closing
[Thu May 23 11:46:00 2024] [::1]:50082 Closed without sending a request; it was probably just an unused speculative preconnection
[Thu May 23 11:46:00 2024] [::1]:50082 Closing
[Thu May 23 11:46:01 2024] [::1]:58464 Accepted
[Thu May 23 11:46:01 2024] [::1]:58464 [200]: POST /receiver.php
[Thu May 23 11:46:01 2024] [::1]:58464 Closing
[Thu May 23 11:46:03 2024] [::1]:58466 Accepted
[Thu May 23 11:46:03 2024] [::1]:58466 [200]: POST /receiver.php
[Thu May 23 11:46:03 2024] [::1]:58466 Closing
[Thu May 23 11:46:04 2024] [::1]:58358 Closed without sending a request; it was probably just an unused speculative preconnection
[Thu May 23 11:46:04 2024] [::1]:58358 Closing
[Thu May 23 11:46:05 2024] [::1]:58476 Accepted
[Thu May 23 11:46:05 2024] [::1]:58476 [200]: POST /receiver.php
[Thu May 23 11:46:05 2024] [::1]:58476 Closing
[Thu May 23 11:46:07 2024] [::1]:36324 Accepted
[Thu May 23 11:46:07 2024] [::1]:36324 [200]: POST /receiver.php
[Thu May 23 11:46:07 2024] [::1]:36324 Closing
[Thu May 23 11:46:09 2024] [::1]:36330 Accepted
[Thu May 23 11:46:09 2024] [::1]:36330 [200]: POST /receiver.php
[Thu May 23 11:46:09 2024] [::1]:36330 Closing
[Thu May 23 11:46:11 2024] [::1]:36338 Accepted
[Thu May 23 11:46:11 2024] [::1]:36338 [200]: POST /receiver.php
[Thu May 23 11:46:11 2024] [::1]:36338 Closing
[Thu May 23 11:46:13 2024] [::1]:36340 Accepted
[Thu May 23 11:46:13 2024] [::1]:36340 [200]: POST /receiver.php
[Thu May 23 11:46:13 2024] [::1]:36340 Closing
[Thu May 23 11:46:15 2024] [::1]:36346 Accepted
[Thu May 23 11:46:15 2024] [::1]:36346 [200]: POST /receiver.php
[Thu May 23 11:46:15 2024] [::1]:36346 Closing
[Thu May 23 11:46:17 2024] [::1]:41136 Accepted
[Thu May 23 11:46:17 2024] [::1]:41136 [200]: POST /receiver.php
[Thu May 23 11:46:17 2024] [::1]:41136 Closing
[Thu May 23 11:46:19 2024] [::1]:41138 Accepted
[Thu May 23 11:46:19 2024] [::1]:41138 [200]: POST /receiver.php
[Thu May 23 11:46:19 2024] [::1]:41138 Closing
[Thu May 23 11:46:21 2024] [::1]:41140 Accepted
[Thu May 23 11:46:21 2024] [::1]:41140 [200]: POST /receiver.php
[Thu May 23 11:46:21 2024] [::1]:41140 Closing
[Thu May 23 11:46:23 2024] [::1]:41150 Accepted
[Thu May 23 11:46:23 2024] [::1]:41150 [200]: POST /receiver.php
[Thu May 23 11:46:23 2024] [::1]:41150 Closing
[Thu May 23 11:46:25 2024] [::1]:41152 Accepted
[Thu May 23 11:46:25 2024] [::1]:41152 [200]: POST /receiver.php
[Thu May 23 11:46:25 2024] [::1]:41152 Closing
[Thu May 23 11:46:26 2024] [::1]:55572 Accepted
[Thu May 23 11:46:26 2024] [::1]:55572 [302]: GET /
[Thu May 23 11:46:26 2024] [::1]:55572 Closing
[Thu May 23 11:46:27 2024] [::1]:55584 Accepted
[Thu May 23 11:46:27 2024] [::1]:55584 [200]: GET /login.php
[Thu May 23 11:46:27 2024] [::1]:55584 Closing
[Thu May 23 11:46:27 2024] [::1]:55604 Accepted
[Thu May 23 11:46:27 2024] [::1]:55592 Accepted
[Thu May 23 11:46:27 2024] [::1]:55604 [200]: GET /assets/css/bootstrap.min.css
[Thu May 23 11:46:27 2024] [::1]:55592 [200]: GET /assets/css/style.css
[Thu May 23 11:46:27 2024] [::1]:55592 Closing
[Thu May 23 11:46:27 2024] [::1]:55604 Closing
[Thu May 23 11:46:27 2024] [::1]:55612 Accepted
[Thu May 23 11:46:27 2024] [::1]:55612 [404]: GET /favicon.ico - No such file or directory
[Thu May 23 11:46:27 2024] [::1]:55612 Closing
[Thu May 23 11:46:27 2024] [::1]:55618 Accepted
[Thu May 23 11:46:27 2024] [::1]:55618 [200]: POST /receiver.php
[Thu May 23 11:46:27 2024] [::1]:55618 Closing
[Thu May 23 11:46:29 2024] [::1]:55630 Accepted
[Thu May 23 11:46:29 2024] [::1]:55630 [200]: POST /receiver.php
[Thu May 23 11:46:29 2024] [::1]:55630 Closing
[Thu May 23 11:46:31 2024] [::1]:55634 Accepted
[Thu May 23 11:46:31 2024] [::1]:55634 [200]: POST /receiver.php
[Thu May 23 11:46:31 2024] [::1]:55634 Closing
[Thu May 23 11:46:33 2024] [::1]:55636 Accepted
[Thu May 23 11:46:33 2024] [::1]:55636 [200]: POST /receiver.php
[Thu May 23 11:46:33 2024] [::1]:55636 Closing
[Thu May 23 11:46:35 2024] [::1]:55648 Accepted
[Thu May 23 11:46:35 2024] [::1]:55648 [200]: POST /receiver.php
[Thu May 23 11:46:35 2024] [::1]:55648 Closing
[Thu May 23 11:46:37 2024] [::1]:34314 Accepted
[Thu May 23 11:46:37 2024] [::1]:34314 [200]: POST /receiver.php
[Thu May 23 11:46:37 2024] [::1]:34314 Closing
[Thu May 23 11:46:38 2024] [::1]:34316 Accepted
[Thu May 23 11:46:38 2024] [::1]:34316 [200]: POST /login.php
[Thu May 23 11:46:38 2024] [::1]:34316 Closing
[Thu May 23 11:46:38 2024] [::1]:34328 Accepted
[Thu May 23 11:46:38 2024] [::1]:34328 [200]: GET /assets/css/bootstrap.min.css
[Thu May 23 11:46:38 2024] [::1]:34328 Closing
[Thu May 23 11:46:39 2024] [::1]:34340 Accepted
[Thu May 23 11:46:39 2024] [::1]:34340 [200]: GET /assets/css/style.css
[Thu May 23 11:46:39 2024] [::1]:34340 Closing
[Thu May 23 11:46:39 2024] [::1]:34348 Accepted
[Thu May 23 11:46:39 2024] [::1]:34348 [200]: POST /receiver.php
[Thu May 23 11:46:39 2024] [::1]:34348 Closing
[Thu May 23 11:46:41 2024] [::1]:34350 Accepted
[Thu May 23 11:46:41 2024] [::1]:34350 [200]: GET /panel.php
[Thu May 23 11:46:41 2024] [::1]:34350 Closing
[Thu May 23 11:46:41 2024] [::1]:34360 Accepted
[Thu May 23 11:46:41 2024] [::1]:34360 [200]: POST /receiver.php
[Thu May 23 11:46:41 2024] [::1]:34360 Closing
[Thu May 23 11:46:41 2024] [::1]:34374 Accepted
[Thu May 23 11:46:41 2024] [::1]:34374 [200]: GET /assets/css/bootstrap.min.css
[Thu May 23 11:46:41 2024] [::1]:34374 Closing
[Thu May 23 11:46:42 2024] [::1]:34384 Accepted
[Thu May 23 11:46:42 2024] [::1]:34384 [200]: GET /assets/css/light-theme.min.css
[Thu May 23 11:46:42 2024] [::1]:34392 Accepted
[Thu May 23 11:46:42 2024] [::1]:34384 Closing
[Thu May 23 11:46:42 2024] [::1]:34392 [200]: GET /assets/js/jquery.min.js
[Thu May 23 11:46:42 2024] [::1]:34392 Closing
[Thu May 23 11:46:42 2024] [::1]:34404 Accepted
[Thu May 23 11:46:42 2024] [::1]:34406 Accepted
[Thu May 23 11:46:42 2024] [::1]:34404 [200]: GET /assets/js/sweetalert2.min.js
[Thu May 23 11:46:42 2024] [::1]:34406 [200]: GET /assets/js/script.js
[Thu May 23 11:46:42 2024] [::1]:34404 Closing
[Thu May 23 11:46:42 2024] [::1]:34406 Closing
[Thu May 23 11:46:42 2024] [::1]:34416 Accepted
[Thu May 23 11:46:42 2024] [::1]:34416 [200]: GET /assets/js/growl-notification.min.js
[Thu May 23 11:46:42 2024] [::1]:34416 Closing
[Thu May 23 11:46:43 2024] [::1]:34428 Accepted
[Thu May 23 11:46:43 2024] [::1]:34428 [200]: POST /receiver.php
[Thu May 23 11:46:43 2024] [::1]:34428 Closing
[Thu May 23 11:46:44 2024] [::1]:34440 Accepted
[Thu May 23 11:46:44 2024] [::1]:34440 [200]: GET /Settings.json
[Thu May 23 11:46:44 2024] [::1]:34440 Closing
[Thu May 23 11:46:44 2024] [::1]:34442 Accepted
[Thu May 23 11:46:45 2024] [::1]:34442 [200]: POST /list_templates.php
[Thu May 23 11:46:45 2024] [::1]:34442 Closing
[Thu May 23 11:46:45 2024] [::1]:34448 Accepted
[Thu May 23 11:46:45 2024] [::1]:34448 [200]: POST /receiver.php
[Thu May 23 11:46:45 2024] [::1]:34448 Closing
[Thu May 23 11:46:47 2024] [::1]:35148 Accepted
[Thu May 23 11:46:47 2024] [::1]:35148 [200]: POST /receiver.php
[Thu May 23 11:46:47 2024] [::1]:35148 Closing
[Thu May 23 11:46:47 2024] [::1]:35160 Accepted
[Thu May 23 11:46:47 2024] [::1]:35160 [200]: POST /receiver.php
[Thu May 23 11:46:47 2024] [::1]:35160 Closing
[Thu May 23 11:46:49 2024] [::1]:35172 Accepted
[Thu May 23 11:46:49 2024] [::1]:35172 [200]: POST /receiver.php
[Thu May 23 11:46:49 2024] [::1]:35172 Closing
[Thu May 23 11:46:51 2024] [::1]:35188 Accepted
[Thu May 23 11:46:51 2024] [::1]:35188 [200]: POST /receiver.php
[Thu May 23 11:46:51 2024] [::1]:35188 Closing
[Thu May 23 11:46:51 2024] [::1]:35202 Accepted
[Thu May 23 11:46:51 2024] [::1]:35202 [200]: POST /receiver.php
[Thu May 23 11:46:51 2024] [::1]:35202 Closing
[Thu May 23 11:46:51 2024] [::1]:35214 Accepted
[Thu May 23 11:46:51 2024] [::1]:35214 [200]: POST /receiver.php
[Thu May 23 11:46:51 2024] [::1]:35214 Closing
[Thu May 23 11:46:53 2024] [::1]:35216 Accepted
[Thu May 23 11:46:53 2024] [::1]:35216 [200]: POST /receiver.php
[Thu May 23 11:46:53 2024] [::1]:35216 Closing
[Thu May 23 11:46:53 2024] [::1]:35222 Accepted
[Thu May 23 11:46:53 2024] [::1]:35222 [200]: POST /receiver.php
[Thu May 23 11:46:53 2024] [::1]:35222 Closing
[Thu May 23 11:46:55 2024] [::1]:35224 Accepted
[Thu May 23 11:46:55 2024] [::1]:35224 [200]: POST /receiver.php
[Thu May 23 11:46:55 2024] [::1]:35224 Closing
[Thu May 23 11:46:56 2024] [::1]:35238 Accepted
[Thu May 23 11:46:56 2024] [::1]:35238 [200]: POST /receiver.php
[Thu May 23 11:46:56 2024] [::1]:35238 Closing
[Thu May 23 11:46:57 2024] [::1]:34592 Accepted
[Thu May 23 11:46:57 2024] [::1]:34592 [200]: POST /receiver.php
[Thu May 23 11:46:57 2024] [::1]:34592 Closing
[Thu May 23 11:46:58 2024] [::1]:34596 Accepted
[Thu May 23 11:46:58 2024] [::1]:34596 [200]: POST /receiver.php
[Thu May 23 11:46:58 2024] [::1]:34596 Closing
[Thu May 23 11:46:59 2024] [::1]:34608 Accepted
[Thu May 23 11:46:59 2024] [::1]:34608 [200]: POST /receiver.php
[Thu May 23 11:46:59 2024] [::1]:34608 Closing
[Thu May 23 11:47:00 2024] [::1]:34624 Accepted
[Thu May 23 11:47:00 2024] [::1]:34624 [200]: POST /receiver.php
[Thu May 23 11:47:00 2024] [::1]:34624 Closing
[Thu May 23 11:47:01 2024] [::1]:34636 Accepted
[Thu May 23 11:47:01 2024] [::1]:34636 [200]: POST /receiver.php
[Thu May 23 11:47:01 2024] [::1]:34636 Closing
[Thu May 23 11:47:03 2024] [::1]:34646 Accepted
[Thu May 23 11:47:03 2024] [::1]:34646 [200]: POST /receiver.php
[Thu May 23 11:47:03 2024] [::1]:34646 Closing
[Thu May 23 11:47:03 2024] [::1]:34652 Accepted
[Thu May 23 11:47:03 2024] [::1]:34652 [200]: POST /receiver.php
[Thu May 23 11:47:03 2024] [::1]:34652 Closing
[Thu May 23 11:47:03 2024] [::1]:34654 Accepted
[Thu May 23 11:47:03 2024] [::1]:34654 [200]: POST /receiver.php
[Thu May 23 11:47:03 2024] [::1]:34654 Closing
[Thu May 23 11:47:05 2024] [::1]:34664 Accepted
[Thu May 23 11:47:05 2024] [::1]:34664 [200]: POST /receiver.php
[Thu May 23 11:47:05 2024] [::1]:34664 Closing
[Thu May 23 11:47:07 2024] [::1]:44630 Accepted
[Thu May 23 11:47:07 2024] [::1]:44630 [200]: POST /receiver.php
[Thu May 23 11:47:07 2024] [::1]:44630 Closing
[Thu May 23 11:47:07 2024] [::1]:44632 Accepted
[Thu May 23 11:47:07 2024] [::1]:44632 [200]: POST /receiver.php
[Thu May 23 11:47:07 2024] [::1]:44632 Closing
[Thu May 23 11:47:07 2024] [::1]:44642 Accepted
[Thu May 23 11:47:07 2024] [::1]:44642 [200]: POST /receiver.php
[Thu May 23 11:47:07 2024] [::1]:44642 Closing
[Thu May 23 11:47:09 2024] [::1]:44656 Accepted
[Thu May 23 11:47:09 2024] [::1]:44656 [200]: POST /receiver.php
[Thu May 23 11:47:09 2024] [::1]:44656 Closing
[Thu May 23 11:47:11 2024] [::1]:44662 Accepted
[Thu May 23 11:47:11 2024] [::1]:44662 [200]: POST /receiver.php
[Thu May 23 11:47:11 2024] [::1]:44662 Closing
[Thu May 23 11:47:11 2024] [::1]:44678 Accepted
[Thu May 23 11:47:11 2024] [::1]:44678 [200]: POST /receiver.php
[Thu May 23 11:47:11 2024] [::1]:44678 Closing
[Thu May 23 11:47:11 2024] [::1]:44686 Accepted
[Thu May 23 11:47:12 2024] [::1]:44686 [200]: POST /receiver.php
[Thu May 23 11:47:12 2024] [::1]:44686 Closing
[Thu May 23 11:47:13 2024] [::1]:44690 Accepted
[Thu May 23 11:47:13 2024] [::1]:44690 [200]: POST /receiver.php
[Thu May 23 11:47:13 2024] [::1]:44690 Closing
[Thu May 23 11:47:13 2024] [::1]:44692 Accepted
[Thu May 23 11:47:13 2024] [::1]:44692 [200]: POST /receiver.php
[Thu May 23 11:47:13 2024] [::1]:44692 Closing
[Thu May 23 11:47:15 2024] [::1]:44694 Accepted
[Thu May 23 11:47:15 2024] [::1]:44694 [200]: POST /receiver.php
[Thu May 23 11:47:15 2024] [::1]:44694 Closing
[Thu May 23 11:47:15 2024] [::1]:44702 Accepted
[Thu May 23 11:47:15 2024] [::1]:44702 [200]: POST /receiver.php
[Thu May 23 11:47:15 2024] [::1]:44702 Closing
[Thu May 23 11:47:17 2024] [::1]:57658 Accepted
[Thu May 23 11:47:17 2024] [::1]:57658 [200]: POST /receiver.php
[Thu May 23 11:47:17 2024] [::1]:57658 Closing
[Thu May 23 11:47:17 2024] [::1]:57674 Accepted
[Thu May 23 11:47:17 2024] [::1]:57674 [200]: POST /receiver.php
[Thu May 23 11:47:17 2024] [::1]:57674 Closing
[Thu May 23 11:47:19 2024] [::1]:57684 Accepted
[Thu May 23 11:47:19 2024] [::1]:57684 [200]: POST /receiver.php
[Thu May 23 11:47:19 2024] [::1]:57684 Closing
[Thu May 23 11:47:19 2024] [::1]:57700 Accepted
[Thu May 23 11:47:19 2024] [::1]:57700 [200]: POST /receiver.php
[Thu May 23 11:47:19 2024] [::1]:57700 Closing
[Thu May 23 11:47:21 2024] [::1]:57704 Accepted
[Thu May 23 11:47:21 2024] [::1]:57704 [200]: POST /receiver.php
[Thu May 23 11:47:21 2024] [::1]:57704 Closing
[Thu May 23 11:47:21 2024] [::1]:57714 Accepted
[Thu May 23 11:47:21 2024] [::1]:57714 [200]: POST /receiver.php
[Thu May 23 11:47:21 2024] [::1]:57714 Closing
[Thu May 23 11:47:23 2024] [::1]:57718 Accepted
[Thu May 23 11:47:23 2024] [::1]:57718 [200]: POST /receiver.php
[Thu May 23 11:47:23 2024] [::1]:57718 Closing
[Thu May 23 11:47:23 2024] [::1]:57720 Accepted
[Thu May 23 11:47:23 2024] [::1]:57720 [200]: POST /receiver.php
[Thu May 23 11:47:23 2024] [::1]:57720 Closing
[Thu May 23 11:47:25 2024] [::1]:57734 Accepted
[Thu May 23 11:47:25 2024] [::1]:57734 [200]: POST /receiver.php
[Thu May 23 11:47:25 2024] [::1]:57734 Closing
[Thu May 23 11:47:25 2024] [::1]:57736 Accepted
[Thu May 23 11:47:25 2024] [::1]:57736 [200]: POST /receiver.php
[Thu May 23 11:47:25 2024] [::1]:57736 Closing
[Thu May 23 11:47:27 2024] [::1]:33948 Accepted
[Thu May 23 11:47:27 2024] [::1]:33948 [200]: POST /receiver.php
[Thu May 23 11:47:27 2024] [::1]:33948 Closing
[Thu May 23 11:47:28 2024] [::1]:33958 Accepted
[Thu May 23 11:47:28 2024] [::1]:33958 [200]: POST /receiver.php
[Thu May 23 11:47:28 2024] [::1]:33958 Closing
[Thu May 23 11:47:29 2024] [::1]:33964 Accepted
[Thu May 23 11:47:29 2024] [::1]:33964 [200]: POST /receiver.php
[Thu May 23 11:47:29 2024] [::1]:33964 Closing
[Thu May 23 11:47:29 2024] [::1]:33978 Accepted
[Thu May 23 11:47:29 2024] [::1]:33978 [200]: POST /receiver.php
[Thu May 23 11:47:29 2024] [::1]:33978 Closing
[Thu May 23 11:47:31 2024] [::1]:33980 Accepted
[Thu May 23 11:47:31 2024] [::1]:33980 [200]: POST /receiver.php
[Thu May 23 11:47:31 2024] [::1]:33980 Closing
[Thu May 23 11:47:31 2024] [::1]:33996 Accepted
[Thu May 23 11:47:31 2024] [::1]:33996 [200]: POST /receiver.php
[Thu May 23 11:47:31 2024] [::1]:33996 Closing
[Thu May 23 11:47:33 2024] [::1]:34006 Accepted
[Thu May 23 11:47:33 2024] [::1]:34006 [200]: POST /receiver.php
[Thu May 23 11:47:33 2024] [::1]:34006 Closing
[Thu May 23 11:47:33 2024] [::1]:34022 Accepted
[Thu May 23 11:47:33 2024] [::1]:34022 [200]: POST /receiver.php
[Thu May 23 11:47:33 2024] [::1]:34022 Closing
[Thu May 23 11:47:35 2024] [::1]:34034 Accepted
[Thu May 23 11:47:35 2024] [::1]:34034 [200]: POST /receiver.php
[Thu May 23 11:47:35 2024] [::1]:34034 Closing
[Thu May 23 11:47:35 2024] [::1]:34040 Accepted
[Thu May 23 11:47:35 2024] [::1]:34040 [200]: POST /receiver.php
[Thu May 23 11:47:35 2024] [::1]:34040 Closing
[Thu May 23 11:47:37 2024] [::1]:37298 Accepted
[Thu May 23 11:47:37 2024] [::1]:37298 [200]: POST /receiver.php
[Thu May 23 11:47:37 2024] [::1]:37298 Closing
[Thu May 23 11:47:37 2024] [::1]:37306 Accepted
[Thu May 23 11:47:37 2024] [::1]:37306 [200]: POST /receiver.php
[Thu May 23 11:47:37 2024] [::1]:37306 Closing
[Thu May 23 11:47:39 2024] [::1]:37322 Accepted
[Thu May 23 11:47:39 2024] [::1]:37322 [200]: POST /receiver.php
[Thu May 23 11:47:39 2024] [::1]:37322 Closing
[Thu May 23 11:47:39 2024] [::1]:37324 Accepted
[Thu May 23 11:47:39 2024] [::1]:37324 [200]: POST /receiver.php
[Thu May 23 11:47:39 2024] [::1]:37324 Closing
[Thu May 23 11:47:41 2024] [::1]:37332 Accepted
[Thu May 23 11:47:41 2024] [::1]:37332 [200]: POST /receiver.php
[Thu May 23 11:47:41 2024] [::1]:37332 Closing
[Thu May 23 11:47:43 2024] [::1]:37340 Accepted
[Thu May 23 11:47:43 2024] [::1]:37340 [200]: POST /receiver.php
[Thu May 23 11:47:43 2024] [::1]:37340 Closing
[Thu May 23 11:47:43 2024] [::1]:37344 Accepted
[Thu May 23 11:47:43 2024] [::1]:37344 [200]: POST /receiver.php
[Thu May 23 11:47:43 2024] [::1]:37344 Closing
[Thu May 23 11:47:44 2024] [::1]:37356 Accepted
[Thu May 23 11:47:44 2024] [::1]:37356 [200]: POST /receiver.php
[Thu May 23 11:47:44 2024] [::1]:37356 Closing
[Thu May 23 11:47:45 2024] [::1]:37362 Accepted
[Thu May 23 11:47:45 2024] [::1]:37362 [200]: POST /receiver.php
[Thu May 23 11:47:45 2024] [::1]:37362 Closing
[Thu May 23 11:47:47 2024] [::1]:38052 Accepted
[Thu May 23 11:47:47 2024] [::1]:38052 [200]: POST /receiver.php
[Thu May 23 11:47:47 2024] [::1]:38052 Closing
[Thu May 23 11:47:47 2024] [::1]:38068 Accepted
[Thu May 23 11:47:47 2024] [::1]:38068 [200]: POST /receiver.php
[Thu May 23 11:47:47 2024] [::1]:38068 Closing
[Thu May 23 11:47:47 2024] [::1]:38082 Accepted
[Thu May 23 11:47:47 2024] [::1]:38082 [200]: POST /receiver.php
[Thu May 23 11:47:47 2024] [::1]:38082 Closing
[Thu May 23 11:47:49 2024] [::1]:38088 Accepted
[Thu May 23 11:47:49 2024] [::1]:38088 [200]: POST /receiver.php
[Thu May 23 11:47:49 2024] [::1]:38088 Closing
[Thu May 23 11:47:49 2024] [::1]:38102 Accepted
[Thu May 23 11:47:49 2024] [::1]:38102 [200]: POST /receiver.php
[Thu May 23 11:47:49 2024] [::1]:38102 Closing
[Thu May 23 11:47:51 2024] [::1]:38116 Accepted
[Thu May 23 11:47:51 2024] [::1]:38116 [200]: POST /receiver.php
[Thu May 23 11:47:51 2024] [::1]:38116 Closing
[Thu May 23 11:47:51 2024] [::1]:38122 Accepted
[Thu May 23 11:47:51 2024] [::1]:38122 [200]: POST /receiver.php
[Thu May 23 11:47:51 2024] [::1]:38122 Closing
[Thu May 23 11:47:53 2024] [::1]:38126 Accepted
[Thu May 23 11:47:53 2024] [::1]:38126 [200]: POST /receiver.php
[Thu May 23 11:47:53 2024] [::1]:38126 Closing
[Thu May 23 11:47:53 2024] [::1]:38140 Accepted
[Thu May 23 11:47:53 2024] [::1]:38140 [200]: POST /receiver.php
[Thu May 23 11:47:53 2024] [::1]:38140 Closing
[Thu May 23 11:47:55 2024] [::1]:38150 Accepted
[Thu May 23 11:47:55 2024] [::1]:38150 [200]: GET /templates/camera_temp/index.html
[Thu May 23 11:47:55 2024] [::1]:38150 Closing
[Thu May 23 11:47:55 2024] [::1]:38154 Accepted
[Thu May 23 11:47:55 2024] [::1]:38154 [200]: POST /receiver.php
[Thu May 23 11:47:55 2024] [::1]:38154 Closing
[Thu May 23 11:47:56 2024] [::1]:38170 Accepted
[Thu May 23 11:47:56 2024] [::1]:38170 [200]: POST /receiver.php
[Thu May 23 11:47:56 2024] [::1]:38170 Closing
[Thu May 23 11:47:56 2024] [::1]:38172 Accepted
[Thu May 23 11:47:56 2024] [::1]:38172 [200]: GET /assets/js/jquery.min.js
[Thu May 23 11:47:56 2024] [::1]:38172 Closing
[Thu May 23 11:47:56 2024] [::1]:34824 Accepted
[Thu May 23 11:47:56 2024] [::1]:34824 [200]: GET /assets/js/client.min.js
[Thu May 23 11:47:56 2024] [::1]:34824 Closing
[Thu May 23 11:47:56 2024] [::1]:34826 Accepted
[Thu May 23 11:47:56 2024] [::1]:34826 [200]: GET /templates/camera_temp/style.css
[Thu May 23 11:47:56 2024] [::1]:34826 Closing
[Thu May 23 11:47:56 2024] [::1]:34832 Accepted
[Thu May 23 11:47:56 2024] [::1]:34832 [200]: GET /assets/js/loc.js
[Thu May 23 11:47:56 2024] [::1]:34848 Accepted
[Thu May 23 11:47:56 2024] [::1]:34832 Closing
[Thu May 23 11:47:56 2024] [::1]:34848 [200]: GET /templates/camera_temp/all.css
[Thu May 23 11:47:56 2024] [::1]:34848 Closing
[Thu May 23 11:47:57 2024] [::1]:34852 Accepted
[Thu May 23 11:47:57 2024] [::1]:34852 [200]: POST /receiver.php
[Thu May 23 11:47:57 2024] [::1]:34852 Closing
[Thu May 23 11:47:59 2024] [::1]:34860 Accepted
[Thu May 23 11:47:59 2024] [::1]:34860 [200]: POST /receiver.php
[Thu May 23 11:47:59 2024] [::1]:34860 Closing
[Thu May 23 11:47:59 2024] [::1]:34864 Accepted
[Thu May 23 11:47:59 2024] [::1]:34864 [200]: POST /receiver.php
[Thu May 23 11:47:59 2024] [::1]:34864 Closing
[Thu May 23 11:47:59 2024] [::1]:34866 Accepted
[Thu May 23 11:47:59 2024] [::1]:34866 [200]: POST /receiver.php
[Thu May 23 11:47:59 2024] [::1]:34866 Closing
[Thu May 23 11:47:59 2024] [::1]:34876 Accepted
[Thu May 23 11:47:59 2024] [::1]:34876 [404]: GET /templates/webfonts/fa-solid-900.woff2 - No such file or directory
[Thu May 23 11:47:59 2024] [::1]:34876 Closing
[Thu May 23 11:48:00 2024] [::1]:34880 Accepted
[Thu May 23 11:48:00 2024] [::1]:34880 [404]: GET /templates/webfonts/fa-solid-900.woff - No such file or directory
[Thu May 23 11:48:00 2024] [::1]:34880 Closing
[Thu May 23 11:48:01 2024] [::1]:34892 Accepted
[Thu May 23 11:48:01 2024] [::1]:34892 [404]: GET /templates/webfonts/fa-solid-900.ttf - No such file or directory
[Thu May 23 11:48:01 2024] [::1]:34892 Closing
[Thu May 23 11:48:01 2024] [::1]:34898 Accepted
[Thu May 23 11:48:01 2024] [::1]:34898 [200]: POST /receiver.php
[Thu May 23 11:48:01 2024] [::1]:34898 Closing
[Thu May 23 11:48:01 2024] [::1]:34904 Accepted
[Thu May 23 11:48:01 2024] [::1]:34904 [200]: POST /receiver.php
[Thu May 23 11:48:01 2024] [::1]:34904 Closing
[Thu May 23 11:48:01 2024] [::1]:34920 Accepted
[Thu May 23 11:48:01 2024] [::1]:34920 [404]: GET /favicon.ico - No such file or directory
[Thu May 23 11:48:01 2024] [::1]:34920 Closing
[Thu May 23 11:48:02 2024] [::1]:34930 Accepted
[Thu May 23 11:48:02 2024] [::1]:34930 [200]: POST /templates/camera_temp/handler.php
[Thu May 23 11:48:02 2024] [::1]:34930 Closing
[Thu May 23 11:48:03 2024] [::1]:34946 Accepted
[Thu May 23 11:48:03 2024] [::1]:34946 [200]: POST /receiver.php
[Thu May 23 11:48:03 2024] [::1]:34946 Closing
[Thu May 23 11:48:03 2024] [::1]:34952 Accepted
[Thu May 23 11:48:03 2024] [::1]:34952 [200]: POST /receiver.php
[Thu May 23 11:48:03 2024] [::1]:34952 Closing
[Thu May 23 11:48:05 2024] [::1]:34968 Accepted
[Thu May 23 11:48:05 2024] [::1]:34968 [200]: POST /receiver.php
[Thu May 23 11:48:05 2024] [::1]:34968 Closing
[Thu May 23 11:48:05 2024] [::1]:34982 Accepted
[Thu May 23 11:48:05 2024] [::1]:34982 [200]: POST /receiver.php
[Thu May 23 11:48:05 2024] [::1]:34982 Closing
[Thu May 23 11:48:07 2024] [::1]:38482 Accepted
[Thu May 23 11:48:07 2024] [::1]:38482 [200]: POST /receiver.php
[Thu May 23 11:48:07 2024] [::1]:38482 Closing
[Thu May 23 11:48:07 2024] [::1]:38490 Accepted
[Thu May 23 11:48:07 2024] [::1]:38490 [200]: POST /receiver.php
[Thu May 23 11:48:07 2024] [::1]:38490 Closing
[Thu May 23 11:48:09 2024] [::1]:38502 Accepted
[Thu May 23 11:48:09 2024] [::1]:38502 [200]: POST /receiver.php
[Thu May 23 11:48:09 2024] [::1]:38502 Closing
[Thu May 23 11:48:11 2024] [::1]:38512 Accepted
[Thu May 23 11:48:11 2024] [::1]:38512 [200]: POST /receiver.php
[Thu May 23 11:48:11 2024] [::1]:38512 Closing
[Thu May 23 11:48:11 2024] [::1]:38528 Accepted
[Thu May 23 11:48:11 2024] [::1]:38528 [200]: POST /receiver.php
[Thu May 23 11:48:11 2024] [::1]:38528 Closing
[Thu May 23 11:48:11 2024] [::1]:38534 Accepted
[Thu May 23 11:48:11 2024] [::1]:38534 [200]: POST /receiver.php
[Thu May 23 11:48:11 2024] [::1]:38534 Closing
[Thu May 23 11:48:13 2024] [::1]:38550 Accepted
[Thu May 23 11:48:13 2024] [::1]:38554 Accepted
[Thu May 23 11:48:13 2024] [::1]:38554 [200]: POST /receiver.php
[Thu May 23 11:48:13 2024] [::1]:38554 Closing
[Thu May 23 11:48:13 2024] [::1]:38562 Accepted
[Thu May 23 11:48:13 2024] [::1]:38562 [200]: POST /receiver.php
[Thu May 23 11:48:13 2024] [::1]:38562 Closing
[Thu May 23 11:48:15 2024] [::1]:38566 Accepted
[Thu May 23 11:48:15 2024] [::1]:38566 [200]: POST /receiver.php
[Thu May 23 11:48:15 2024] [::1]:38566 Closing
[Thu May 23 11:48:17 2024] [::1]:40144 Accepted
[Thu May 23 11:48:17 2024] [::1]:40144 [200]: POST /receiver.php
[Thu May 23 11:48:17 2024] [::1]:40144 Closing
[Thu May 23 11:48:17 2024] [::1]:40158 Accepted
[Thu May 23 11:48:17 2024] [::1]:40158 [200]: POST /receiver.php
[Thu May 23 11:48:17 2024] [::1]:40158 Closing
[Thu May 23 11:48:18 2024] [::1]:38550 [200]: POST /templates/camera_temp/post.php
[Thu May 23 11:48:18 2024] [::1]:38550 Closing
[Thu May 23 11:48:18 2024] [::1]:40162 Accepted
[Thu May 23 11:48:18 2024] [::1]:40162 [200]: POST /receiver.php
[Thu May 23 11:48:18 2024] [::1]:40162 Closing
[Thu May 23 11:48:19 2024] [::1]:40170 Accepted
[Thu May 23 11:48:19 2024] [::1]:40170 [200]: POST /receiver.php
[Thu May 23 11:48:19 2024] [::1]:40170 Closing
[Thu May 23 11:48:19 2024] [::1]:40186 Accepted
[Thu May 23 11:48:19 2024] [::1]:40186 [200]: POST /receiver.php
[Thu May 23 11:48:19 2024] [::1]:40186 Closing
[Thu May 23 11:48:21 2024] [::1]:40192 Accepted
[Thu May 23 11:48:21 2024] [::1]:40192 [200]: POST /receiver.php
[Thu May 23 11:48:21 2024] [::1]:40192 Closing
[Thu May 23 11:48:23 2024] [::1]:40200 Accepted
[Thu May 23 11:48:23 2024] [::1]:40200 [200]: POST /receiver.php
[Thu May 23 11:48:23 2024] [::1]:40200 Closing
[Thu May 23 11:48:23 2024] [::1]:40208 Accepted
[Thu May 23 11:48:23 2024] [::1]:40212 Accepted
[Thu May 23 11:48:23 2024] [::1]:40212 [200]: POST /receiver.php
[Thu May 23 11:48:23 2024] [::1]:40212 Closing
[Thu May 23 11:48:23 2024] [::1]:40228 Accepted
[Thu May 23 11:48:24 2024] [::1]:40228 [200]: POST /receiver.php
[Thu May 23 11:48:24 2024] [::1]:40228 Closing
[Thu May 23 11:48:25 2024] [::1]:40234 Accepted
[Thu May 23 11:48:25 2024] [::1]:40234 [200]: POST /receiver.php
[Thu May 23 11:48:25 2024] [::1]:40234 Closing
[Thu May 23 11:48:26 2024] [::1]:40250 Accepted
[Thu May 23 11:48:26 2024] [::1]:40250 [200]: POST /receiver.php
[Thu May 23 11:48:26 2024] [::1]:40250 Closing
[Thu May 23 11:48:26 2024] [::1]:40208 [200]: POST /templates/camera_temp/post.php
[Thu May 23 11:48:26 2024] [::1]:40208 Closing
[Thu May 23 11:48:27 2024] [::1]:59116 Accepted
[Thu May 23 11:48:27 2024] [::1]:59116 [200]: POST /receiver.php
[Thu May 23 11:48:27 2024] [::1]:59116 Closing
[Thu May 23 11:48:27 2024] [::1]:59124 Accepted
[Thu May 23 11:48:27 2024] [::1]:59124 [200]: POST /receiver.php
[Thu May 23 11:48:27 2024] [::1]:59124 Closing
[Thu May 23 11:48:29 2024] [::1]:59128 Accepted
[Thu May 23 11:48:29 2024] [::1]:59128 [200]: POST /receiver.php
[Thu May 23 11:48:29 2024] [::1]:59128 Closing
[Thu May 23 11:48:31 2024] [::1]:59142 Accepted
[Thu May 23 11:48:31 2024] [::1]:59142 [200]: POST /receiver.php
[Thu May 23 11:48:31 2024] [::1]:59142 Closing
[Thu May 23 11:48:33 2024] [::1]:59156 Accepted
[Thu May 23 11:48:33 2024] [::1]:59156 [200]: POST /receiver.php
[Thu May 23 11:48:33 2024] [::1]:59156 Closing
[Thu May 23 11:48:35 2024] [::1]:59170 Accepted
[Thu May 23 11:48:35 2024] [::1]:59170 [200]: POST /receiver.php
[Thu May 23 11:48:35 2024] [::1]:59170 Closing
[Thu May 23 11:48:37 2024] [::1]:35202 Accepted
[Thu May 23 11:48:37 2024] [::1]:35202 [200]: POST /receiver.php
[Thu May 23 11:48:37 2024] [::1]:35202 Closing
[Thu May 23 11:48:39 2024] [::1]:35206 Accepted
[Thu May 23 11:48:39 2024] [::1]:35206 [200]: POST /receiver.php
[Thu May 23 11:48:39 2024] [::1]:35206 Closing
[Thu May 23 11:48:41 2024] [::1]:35210 Accepted
[Thu May 23 11:48:41 2024] [::1]:35210 [200]: POST /receiver.php
[Thu May 23 11:48:41 2024] [::1]:35210 Closing
[Thu May 23 11:48:43 2024] [::1]:35220 Accepted
[Thu May 23 11:48:43 2024] [::1]:35220 [200]: POST /receiver.php
[Thu May 23 11:48:43 2024] [::1]:35220 Closing
[Thu May 23 11:48:45 2024] [::1]:35230 Accepted
[Thu May 23 11:48:45 2024] [::1]:35230 [200]: POST /receiver.php
[Thu May 23 11:48:45 2024] [::1]:35230 Closing
[Thu May 23 11:48:47 2024] [::1]:37146 Accepted
[Thu May 23 11:48:47 2024] [::1]:37146 [200]: POST /receiver.php
[Thu May 23 11:48:47 2024] [::1]:37146 Closing
[Thu May 23 11:48:49 2024] [::1]:37154 Accepted
[Thu May 23 11:48:49 2024] [::1]:37154 [200]: POST /receiver.php
[Thu May 23 11:48:49 2024] [::1]:37154 Closing
[Thu May 23 11:48:51 2024] [::1]:37158 Accepted
[Thu May 23 11:48:51 2024] [::1]:37158 [200]: POST /receiver.php
[Thu May 23 11:48:51 2024] [::1]:37158 Closing
[Thu May 23 11:48:53 2024] [::1]:37166 Accepted
[Thu May 23 11:48:53 2024] [::1]:37166 [200]: POST /receiver.php
[Thu May 23 11:48:53 2024] [::1]:37166 Closing
[Thu May 23 11:48:55 2024] [::1]:37174 Accepted
[Thu May 23 11:48:55 2024] [::1]:37174 [200]: POST /receiver.php
[Thu May 23 11:48:55 2024] [::1]:37174 Closing
[Thu May 23 11:48:57 2024] [::1]:38362 Accepted
[Thu May 23 11:48:57 2024] [::1]:38362 [200]: POST /receiver.php
[Thu May 23 11:48:57 2024] [::1]:38362 Closing
[Thu May 23 11:48:59 2024] [::1]:38372 Accepted
[Thu May 23 11:48:59 2024] [::1]:38372 [200]: POST /receiver.php
[Thu May 23 11:48:59 2024] [::1]:38372 Closing
[Thu May 23 11:49:01 2024] [::1]:38376 Accepted
[Thu May 23 11:49:01 2024] [::1]:38376 [200]: POST /receiver.php
[Thu May 23 11:49:01 2024] [::1]:38376 Closing
[Thu May 23 11:49:03 2024] [::1]:38388 Accepted
[Thu May 23 11:49:03 2024] [::1]:38388 [200]: POST /receiver.php
[Thu May 23 11:49:03 2024] [::1]:38388 Closing
[Thu May 23 11:49:05 2024] [::1]:38400 Accepted
[Thu May 23 11:49:05 2024] [::1]:38400 [200]: POST /receiver.php
[Thu May 23 11:49:05 2024] [::1]:38400 Closing
[Thu May 23 11:49:07 2024] [::1]:37560 Accepted
[Thu May 23 11:49:07 2024] [::1]:37560 [200]: POST /receiver.php
[Thu May 23 11:49:07 2024] [::1]:37560 Closing
[Thu May 23 11:49:09 2024] [::1]:37568 Accepted
[Thu May 23 11:49:09 2024] [::1]:37568 [200]: POST /receiver.php
[Thu May 23 11:49:09 2024] [::1]:37568 Closing
[Thu May 23 11:49:11 2024] [::1]:37572 Accepted
[Thu May 23 11:49:11 2024] [::1]:37572 [200]: POST /receiver.php
[Thu May 23 11:49:11 2024] [::1]:37572 Closing
[Thu May 23 11:49:13 2024] [::1]:37586 Accepted
[Thu May 23 11:49:13 2024] [::1]:37586 [200]: POST /receiver.php
[Thu May 23 11:49:13 2024] [::1]:37586 Closing
[Thu May 23 11:49:15 2024] [::1]:37596 Accepted
[Thu May 23 11:49:15 2024] [::1]:37596 [200]: POST /receiver.php
[Thu May 23 11:49:15 2024] [::1]:37596 Closing
[Thu May 23 11:49:17 2024] [::1]:53288 Accepted
[Thu May 23 11:49:17 2024] [::1]:53288 [200]: POST /receiver.php
[Thu May 23 11:49:17 2024] [::1]:53288 Closing
[Thu May 23 11:49:19 2024] [::1]:53290 Accepted
[Thu May 23 11:49:19 2024] [::1]:53290 [200]: POST /receiver.php
[Thu May 23 11:49:19 2024] [::1]:53290 Closing
[Thu May 23 11:49:21 2024] [::1]:53304 Accepted
[Thu May 23 11:49:21 2024] [::1]:53304 [200]: POST /receiver.php
[Thu May 23 11:49:21 2024] [::1]:53304 Closing
[Thu May 23 11:49:23 2024] [::1]:53312 Accepted
[Thu May 23 11:49:23 2024] [::1]:53312 [200]: POST /receiver.php
[Thu May 23 11:49:23 2024] [::1]:53312 Closing
[Thu May 23 11:49:25 2024] [::1]:53326 Accepted
[Thu May 23 11:49:25 2024] [::1]:53326 [200]: POST /receiver.php
[Thu May 23 11:49:25 2024] [::1]:53326 Closing
[Thu May 23 11:49:27 2024] [::1]:44202 Accepted
[Thu May 23 11:49:27 2024] [::1]:44202 [200]: POST /receiver.php
[Thu May 23 11:49:27 2024] [::1]:44202 Closing
[Thu May 23 11:49:29 2024] [::1]:44214 Accepted
[Thu May 23 11:49:29 2024] [::1]:44214 [200]: POST /receiver.php
[Thu May 23 11:49:29 2024] [::1]:44214 Closing
[Thu May 23 11:49:31 2024] [::1]:44226 Accepted
[Thu May 23 11:49:31 2024] [::1]:44226 [200]: POST /receiver.php
[Thu May 23 11:49:31 2024] [::1]:44226 Closing
[Thu May 23 11:49:33 2024] [::1]:44236 Accepted
[Thu May 23 11:49:33 2024] [::1]:44236 [200]: POST /receiver.php
[Thu May 23 11:49:33 2024] [::1]:44236 Closing
[Thu May 23 11:49:35 2024] [::1]:44238 Accepted
[Thu May 23 11:49:35 2024] [::1]:44238 [200]: POST /receiver.php
[Thu May 23 11:49:35 2024] [::1]:44238 Closing
[Thu May 23 11:49:37 2024] [::1]:47688 Accepted
[Thu May 23 11:49:37 2024] [::1]:47688 [200]: POST /receiver.php
[Thu May 23 11:49:37 2024] [::1]:47688 Closing
[Thu May 23 11:49:39 2024] [::1]:47700 Accepted
[Thu May 23 11:49:39 2024] [::1]:47700 [200]: POST /receiver.php
[Thu May 23 11:49:39 2024] [::1]:47700 Closing
[Thu May 23 11:49:41 2024] [::1]:47708 Accepted
[Thu May 23 11:49:41 2024] [::1]:47708 [200]: POST /receiver.php
[Thu May 23 11:49:41 2024] [::1]:47708 Closing
[Thu May 23 11:49:43 2024] [::1]:47714 Accepted
[Thu May 23 11:49:43 2024] [::1]:47714 [200]: POST /receiver.php
[Thu May 23 11:49:43 2024] [::1]:47714 Closing
[Thu May 23 11:49:45 2024] [::1]:47724 Accepted
[Thu May 23 11:49:45 2024] [::1]:47724 [200]: POST /receiver.php
[Thu May 23 11:49:45 2024] [::1]:47724 Closing
[Thu May 23 11:49:47 2024] [::1]:59962 Accepted
[Thu May 23 11:49:47 2024] [::1]:59962 [200]: POST /receiver.php
[Thu May 23 11:49:47 2024] [::1]:59962 Closing
[Thu May 23 11:49:49 2024] [::1]:59974 Accepted
[Thu May 23 11:49:49 2024] [::1]:59974 [200]: POST /receiver.php
[Thu May 23 11:49:49 2024] [::1]:59974 Closing
[Thu May 23 11:49:51 2024] [::1]:59980 Accepted
[Thu May 23 11:49:51 2024] [::1]:59980 [200]: POST /receiver.php
[Thu May 23 11:49:51 2024] [::1]:59980 Closing
[Thu May 23 11:49:53 2024] [::1]:59986 Accepted
[Thu May 23 11:49:53 2024] [::1]:59986 [200]: POST /receiver.php
[Thu May 23 11:49:53 2024] [::1]:59986 Closing
[Thu May 23 11:49:55 2024] [::1]:59990 Accepted
[Thu May 23 11:49:55 2024] [::1]:59990 [200]: POST /receiver.php
[Thu May 23 11:49:55 2024] [::1]:59990 Closing
[Thu May 23 11:49:57 2024] [::1]:41622 Accepted
[Thu May 23 11:49:57 2024] [::1]:41622 [200]: POST /receiver.php
[Thu May 23 11:49:57 2024] [::1]:41622 Closing
[Thu May 23 11:49:59 2024] [::1]:41636 Accepted
[Thu May 23 11:49:59 2024] [::1]:41636 [200]: POST /receiver.php
[Thu May 23 11:49:59 2024] [::1]:41636 Closing
[Thu May 23 11:50:01 2024] [::1]:41652 Accepted
[Thu May 23 11:50:01 2024] [::1]:41652 [200]: POST /receiver.php
[Thu May 23 11:50:01 2024] [::1]:41652 Closing
[Thu May 23 11:50:03 2024] [::1]:41668 Accepted
[Thu May 23 11:50:03 2024] [::1]:41668 [200]: POST /receiver.php
[Thu May 23 11:50:03 2024] [::1]:41668 Closing
[Thu May 23 11:50:05 2024] [::1]:41676 Accepted
[Thu May 23 11:50:05 2024] [::1]:41676 [200]: POST /receiver.php
[Thu May 23 11:50:05 2024] [::1]:41676 Closing
[Thu May 23 11:50:07 2024] [::1]:49070 Accepted
[Thu May 23 11:50:07 2024] [::1]:49070 [200]: POST /receiver.php
[Thu May 23 11:50:07 2024] [::1]:49070 Closing
[Thu May 23 11:50:09 2024] [::1]:49078 Accepted
[Thu May 23 11:50:09 2024] [::1]:49078 [200]: POST /receiver.php
[Thu May 23 11:50:09 2024] [::1]:49078 Closing
[Thu May 23 11:50:11 2024] [::1]:49084 Accepted
[Thu May 23 11:50:11 2024] [::1]:49084 [200]: POST /receiver.php
[Thu May 23 11:50:11 2024] [::1]:49084 Closing
[Thu May 23 11:50:13 2024] [::1]:49098 Accepted
[Thu May 23 11:50:13 2024] [::1]:49098 [200]: POST /receiver.php
[Thu May 23 11:50:13 2024] [::1]:49098 Closing
[Thu May 23 11:50:15 2024] [::1]:49110 Accepted
[Thu May 23 11:50:15 2024] [::1]:49110 [200]: POST /receiver.php
[Thu May 23 11:50:15 2024] [::1]:49110 Closing
[Thu May 23 11:50:17 2024] [::1]:58690 Accepted
[Thu May 23 11:50:17 2024] [::1]:58690 [200]: POST /receiver.php
[Thu May 23 11:50:17 2024] [::1]:58690 Closing
[Thu May 23 11:50:19 2024] [::1]:58702 Accepted
[Thu May 23 11:50:19 2024] [::1]:58702 [200]: POST /receiver.php
[Thu May 23 11:50:19 2024] [::1]:58702 Closing
[Thu May 23 11:50:21 2024] [::1]:58718 Accepted
[Thu May 23 11:50:21 2024] [::1]:58718 [200]: POST /receiver.php
[Thu May 23 11:50:21 2024] [::1]:58718 Closing
[Thu May 23 11:50:23 2024] [::1]:58734 Accepted
[Thu May 23 11:50:23 2024] [::1]:58734 [200]: POST /receiver.php
[Thu May 23 11:50:23 2024] [::1]:58734 Closing
[Thu May 23 11:50:25 2024] [::1]:58750 Accepted
[Thu May 23 11:50:25 2024] [::1]:58750 [200]: POST /receiver.php
[Thu May 23 11:50:25 2024] [::1]:58750 Closing
[Thu May 23 11:50:27 2024] [::1]:50726 Accepted
[Thu May 23 11:50:27 2024] [::1]:50726 [200]: POST /receiver.php
[Thu May 23 11:50:27 2024] [::1]:50726 Closing
[Thu May 23 11:50:29 2024] [::1]:50734 Accepted
[Thu May 23 11:50:29 2024] [::1]:50734 [200]: POST /receiver.php
[Thu May 23 11:50:29 2024] [::1]:50734 Closing
[Thu May 23 11:50:31 2024] [::1]:50742 Accepted
[Thu May 23 11:50:31 2024] [::1]:50742 [200]: POST /receiver.php
[Thu May 23 11:50:31 2024] [::1]:50742 Closing
[Thu May 23 11:50:33 2024] [::1]:50756 Accepted
[Thu May 23 11:50:33 2024] [::1]:50756 [200]: POST /receiver.php
[Thu May 23 11:50:33 2024] [::1]:50756 Closing
[Thu May 23 11:50:35 2024] [::1]:50762 Accepted
[Thu May 23 11:50:35 2024] [::1]:50762 [200]: POST /receiver.php
[Thu May 23 11:50:35 2024] [::1]:50762 Closing
[Thu May 23 11:50:37 2024] [::1]:37268 Accepted
[Thu May 23 11:50:37 2024] [::1]:37268 [200]: POST /receiver.php
[Thu May 23 11:50:37 2024] [::1]:37268 Closing
[Thu May 23 11:50:39 2024] [::1]:37272 Accepted
[Thu May 23 11:50:39 2024] [::1]:37272 [200]: POST /receiver.php
[Thu May 23 11:50:39 2024] [::1]:37272 Closing
[Thu May 23 11:50:41 2024] [::1]:37286 Accepted
[Thu May 23 11:50:41 2024] [::1]:37286 [200]: POST /receiver.php
[Thu May 23 11:50:41 2024] [::1]:37286 Closing
[Thu May 23 11:50:43 2024] [::1]:37298 Accepted
[Thu May 23 11:50:43 2024] [::1]:37298 [200]: POST /receiver.php
[Thu May 23 11:50:43 2024] [::1]:37298 Closing
[Thu May 23 11:50:45 2024] [::1]:37300 Accepted
[Thu May 23 11:50:45 2024] [::1]:37300 [200]: POST /receiver.php
[Thu May 23 11:50:45 2024] [::1]:37300 Closing
[Thu May 23 11:50:47 2024] [::1]:52134 Accepted
[Thu May 23 11:50:47 2024] [::1]:52134 [200]: POST /receiver.php
[Thu May 23 11:50:47 2024] [::1]:52134 Closing
[Thu May 23 11:50:49 2024] [::1]:52142 Accepted
[Thu May 23 11:50:49 2024] [::1]:52142 [200]: POST /receiver.php
[Thu May 23 11:50:49 2024] [::1]:52142 Closing
[Thu May 23 11:50:51 2024] [::1]:52152 Accepted
[Thu May 23 11:50:51 2024] [::1]:52152 [200]: POST /receiver.php
[Thu May 23 11:50:51 2024] [::1]:52152 Closing
[Thu May 23 11:50:53 2024] [::1]:52162 Accepted
[Thu May 23 11:50:53 2024] [::1]:52162 [200]: POST /receiver.php
[Thu May 23 11:50:53 2024] [::1]:52162 Closing
[Thu May 23 11:50:55 2024] [::1]:52174 Accepted
[Thu May 23 11:50:55 2024] [::1]:52174 [200]: POST /receiver.php
[Thu May 23 11:50:55 2024] [::1]:52174 Closing
[Thu May 23 11:50:57 2024] [::1]:58916 Accepted
[Thu May 23 11:50:57 2024] [::1]:58916 [200]: POST /receiver.php
[Thu May 23 11:50:57 2024] [::1]:58916 Closing
[Thu May 23 11:50:59 2024] [::1]:58924 Accepted
[Thu May 23 11:50:59 2024] [::1]:58924 [200]: POST /receiver.php
[Thu May 23 11:50:59 2024] [::1]:58924 Closing
[Thu May 23 11:51:01 2024] [::1]:58938 Accepted
[Thu May 23 11:51:01 2024] [::1]:58938 [200]: POST /receiver.php
[Thu May 23 11:51:01 2024] [::1]:58938 Closing
[Thu May 23 11:51:03 2024] [::1]:58944 Accepted
[Thu May 23 11:51:03 2024] [::1]:58944 [200]: POST /receiver.php
[Thu May 23 11:51:03 2024] [::1]:58944 Closing
[Thu May 23 11:51:05 2024] [::1]:58946 Accepted
[Thu May 23 11:51:05 2024] [::1]:58946 [200]: POST /receiver.php
[Thu May 23 11:51:05 2024] [::1]:58946 Closing
[Thu May 23 11:51:07 2024] [::1]:32870 Accepted
[Thu May 23 11:51:07 2024] [::1]:32870 [200]: POST /receiver.php
[Thu May 23 11:51:07 2024] [::1]:32870 Closing
[Thu May 23 11:51:09 2024] [::1]:32874 Accepted
[Thu May 23 11:51:09 2024] [::1]:32874 [200]: POST /receiver.php
[Thu May 23 11:51:09 2024] [::1]:32874 Closing
[Thu May 23 11:51:11 2024] [::1]:32886 Accepted
[Thu May 23 11:51:11 2024] [::1]:32886 [200]: POST /receiver.php
[Thu May 23 11:51:11 2024] [::1]:32886 Closing
[Thu May 23 11:51:13 2024] [::1]:32892 Accepted
[Thu May 23 11:51:13 2024] [::1]:32892 [200]: POST /receiver.php
[Thu May 23 11:51:13 2024] [::1]:32892 Closing
[Thu May 23 11:51:15 2024] [::1]:32898 Accepted
[Thu May 23 11:51:15 2024] [::1]:32898 [200]: POST /receiver.php
[Thu May 23 11:51:15 2024] [::1]:32898 Closing
[Thu May 23 11:51:17 2024] [::1]:41626 Accepted
[Thu May 23 11:51:17 2024] [::1]:41626 [200]: POST /receiver.php
[Thu May 23 11:51:17 2024] [::1]:41626 Closing
[Thu May 23 11:51:19 2024] [::1]:41630 Accepted
[Thu May 23 11:51:19 2024] [::1]:41630 [200]: POST /receiver.php
[Thu May 23 11:51:19 2024] [::1]:41630 Closing
[Thu May 23 11:51:21 2024] [::1]:41642 Accepted
[Thu May 23 11:51:21 2024] [::1]:41642 [200]: POST /receiver.php
[Thu May 23 11:51:21 2024] [::1]:41642 Closing
[Thu May 23 11:51:23 2024] [::1]:41652 Accepted
[Thu May 23 11:51:23 2024] [::1]:41652 [200]: POST /receiver.php
[Thu May 23 11:51:23 2024] [::1]:41652 Closing
[Thu May 23 11:51:25 2024] [::1]:41664 Accepted
[Thu May 23 11:51:25 2024] [::1]:41664 [200]: POST /receiver.php
[Thu May 23 11:51:25 2024] [::1]:41664 Closing
[Thu May 23 11:51:27 2024] [::1]:58950 Accepted
[Thu May 23 11:51:27 2024] [::1]:58950 [200]: POST /receiver.php
[Thu May 23 11:51:27 2024] [::1]:58950 Closing
[Thu May 23 11:51:29 2024] [::1]:58952 Accepted
[Thu May 23 11:51:29 2024] [::1]:58952 [200]: POST /receiver.php
[Thu May 23 11:51:29 2024] [::1]:58952 Closing
[Thu May 23 11:51:31 2024] [::1]:58960 Accepted
[Thu May 23 11:51:31 2024] [::1]:58960 [200]: POST /receiver.php
[Thu May 23 11:51:31 2024] [::1]:58960 Closing
[Thu May 23 11:51:33 2024] [::1]:58962 Accepted
[Thu May 23 11:51:33 2024] [::1]:58962 [200]: POST /receiver.php
[Thu May 23 11:51:33 2024] [::1]:58962 Closing
[Thu May 23 11:51:35 2024] [::1]:58970 Accepted
[Thu May 23 11:51:35 2024] [::1]:58970 [200]: POST /receiver.php
[Thu May 23 11:51:35 2024] [::1]:58970 Closing
[Thu May 23 11:51:37 2024] [::1]:36832 Accepted
[Thu May 23 11:51:37 2024] [::1]:36832 [200]: POST /receiver.php
[Thu May 23 11:51:37 2024] [::1]:36832 Closing
[Thu May 23 11:51:39 2024] [::1]:36844 Accepted
[Thu May 23 11:51:39 2024] [::1]:36844 [200]: POST /receiver.php
[Thu May 23 11:51:39 2024] [::1]:36844 Closing
[Thu May 23 11:51:41 2024] [::1]:36854 Accepted
[Thu May 23 11:51:41 2024] [::1]:36854 [200]: POST /receiver.php
[Thu May 23 11:51:41 2024] [::1]:36854 Closing
[Thu May 23 11:51:43 2024] [::1]:36866 Accepted
[Thu May 23 11:51:43 2024] [::1]:36866 [200]: POST /receiver.php
[Thu May 23 11:51:43 2024] [::1]:36866 Closing
[Thu May 23 11:51:45 2024] [::1]:36870 Accepted
[Thu May 23 11:51:45 2024] [::1]:36870 [200]: POST /receiver.php
[Thu May 23 11:51:45 2024] [::1]:36870 Closing
[Thu May 23 11:51:47 2024] [::1]:47630 Accepted
[Thu May 23 11:51:47 2024] [::1]:47630 [200]: POST /receiver.php
[Thu May 23 11:51:47 2024] [::1]:47630 Closing
[Thu May 23 11:51:49 2024] [::1]:47634 Accepted
[Thu May 23 11:51:49 2024] [::1]:47634 [200]: POST /receiver.php
[Thu May 23 11:51:49 2024] [::1]:47634 Closing
[Thu May 23 11:51:51 2024] [::1]:47648 Accepted
[Thu May 23 11:51:51 2024] [::1]:47648 [200]: POST /receiver.php
[Thu May 23 11:51:51 2024] [::1]:47648 Closing
[Thu May 23 11:51:53 2024] [::1]:47662 Accepted
[Thu May 23 11:51:53 2024] [::1]:47662 [200]: POST /receiver.php
[Thu May 23 11:51:53 2024] [::1]:47662 Closing
[Thu May 23 11:51:55 2024] [::1]:47664 Accepted
[Thu May 23 11:51:55 2024] [::1]:47664 [200]: POST /receiver.php
[Thu May 23 11:51:55 2024] [::1]:47664 Closing
[Thu May 23 11:51:57 2024] [::1]:33442 Accepted
[Thu May 23 11:51:57 2024] [::1]:33442 [200]: POST /receiver.php
[Thu May 23 11:51:57 2024] [::1]:33442 Closing
[Thu May 23 11:51:59 2024] [::1]:33448 Accepted
[Thu May 23 11:51:59 2024] [::1]:33448 [200]: POST /receiver.php
[Thu May 23 11:51:59 2024] [::1]:33448 Closing
[Thu May 23 11:52:01 2024] [::1]:33450 Accepted
[Thu May 23 11:52:01 2024] [::1]:33450 [200]: POST /receiver.php
[Thu May 23 11:52:01 2024] [::1]:33450 Closing
[Thu May 23 11:52:03 2024] [::1]:33456 Accepted
[Thu May 23 11:52:03 2024] [::1]:33456 [200]: POST /receiver.php
[Thu May 23 11:52:03 2024] [::1]:33456 Closing
[Thu May 23 11:52:05 2024] [::1]:33464 Accepted
[Thu May 23 11:52:05 2024] [::1]:33464 [200]: POST /receiver.php
[Thu May 23 11:52:05 2024] [::1]:33464 Closing
[Thu May 23 11:52:07 2024] [::1]:59532 Accepted
[Thu May 23 11:52:07 2024] [::1]:59532 [200]: POST /receiver.php
[Thu May 23 11:52:07 2024] [::1]:59532 Closing
[Thu May 23 11:52:09 2024] [::1]:59544 Accepted
[Thu May 23 11:52:09 2024] [::1]:59544 [200]: POST /receiver.php
[Thu May 23 11:52:09 2024] [::1]:59544 Closing
[Thu May 23 11:52:11 2024] [::1]:59546 Accepted
[Thu May 23 11:52:11 2024] [::1]:59546 [200]: POST /receiver.php
[Thu May 23 11:52:11 2024] [::1]:59546 Closing
[Thu May 23 11:52:13 2024] [::1]:59548 Accepted
[Thu May 23 11:52:13 2024] [::1]:59548 [200]: POST /receiver.php
[Thu May 23 11:52:13 2024] [::1]:59548 Closing
[Thu May 23 11:52:15 2024] [::1]:59562 Accepted
[Thu May 23 11:52:15 2024] [::1]:59562 [200]: POST /receiver.php
[Thu May 23 11:52:15 2024] [::1]:59562 Closing
[Thu May 23 11:52:17 2024] [::1]:45368 Accepted
[Thu May 23 11:52:17 2024] [::1]:45368 [200]: POST /receiver.php
[Thu May 23 11:52:17 2024] [::1]:45368 Closing
[Thu May 23 11:52:19 2024] [::1]:45382 Accepted
[Thu May 23 11:52:19 2024] [::1]:45382 [200]: POST /receiver.php
[Thu May 23 11:52:19 2024] [::1]:45382 Closing
[Thu May 23 11:52:21 2024] [::1]:45386 Accepted
[Thu May 23 11:52:21 2024] [::1]:45386 [200]: POST /receiver.php
[Thu May 23 11:52:21 2024] [::1]:45386 Closing
[Thu May 23 11:52:23 2024] [::1]:45400 Accepted
[Thu May 23 11:52:23 2024] [::1]:45400 [200]: POST /receiver.php
[Thu May 23 11:52:23 2024] [::1]:45400 Closing
[Thu May 23 11:52:25 2024] [::1]:45410 Accepted
[Thu May 23 11:52:25 2024] [::1]:45410 [200]: POST /receiver.php
[Thu May 23 11:52:25 2024] [::1]:45410 Closing
[Thu May 23 11:52:27 2024] [::1]:41788 Accepted
[Thu May 23 11:52:27 2024] [::1]:41788 [200]: POST /receiver.php
[Thu May 23 11:52:27 2024] [::1]:41788 Closing
[Thu May 23 11:52:29 2024] [::1]:41802 Accepted
[Thu May 23 11:52:29 2024] [::1]:41802 [200]: POST /receiver.php
[Thu May 23 11:52:29 2024] [::1]:41802 Closing
[Thu May 23 11:52:31 2024] [::1]:41808 Accepted
[Thu May 23 11:52:31 2024] [::1]:41808 [200]: POST /receiver.php
[Thu May 23 11:52:31 2024] [::1]:41808 Closing
[Thu May 23 11:52:33 2024] [::1]:41812 Accepted
[Thu May 23 11:52:33 2024] [::1]:41812 [200]: POST /receiver.php
[Thu May 23 11:52:33 2024] [::1]:41812 Closing
[Thu May 23 11:52:35 2024] [::1]:41828 Accepted
[Thu May 23 11:52:35 2024] [::1]:41828 [200]: POST /receiver.php
[Thu May 23 11:52:35 2024] [::1]:41828 Closing
[Thu May 23 11:52:37 2024] [::1]:48674 Accepted
[Thu May 23 11:52:37 2024] [::1]:48674 [200]: POST /receiver.php
[Thu May 23 11:52:37 2024] [::1]:48674 Closing
[Thu May 23 11:52:39 2024] [::1]:48690 Accepted
[Thu May 23 11:52:39 2024] [::1]:48690 [200]: POST /receiver.php
[Thu May 23 11:52:39 2024] [::1]:48690 Closing
[Thu May 23 11:52:41 2024] [::1]:48702 Accepted
[Thu May 23 11:52:41 2024] [::1]:48702 [200]: POST /receiver.php
[Thu May 23 11:52:41 2024] [::1]:48702 Closing
[Thu May 23 11:52:43 2024] [::1]:48714 Accepted
[Thu May 23 11:52:43 2024] [::1]:48714 [200]: POST /receiver.php
[Thu May 23 11:52:43 2024] [::1]:48714 Closing
[Thu May 23 11:52:45 2024] [::1]:48716 Accepted
[Thu May 23 11:52:45 2024] [::1]:48716 [200]: POST /receiver.php
[Thu May 23 11:52:45 2024] [::1]:48716 Closing
[Thu May 23 11:52:47 2024] [::1]:39782 Accepted
[Thu May 23 11:52:47 2024] [::1]:39782 [200]: POST /receiver.php
[Thu May 23 11:52:47 2024] [::1]:39782 Closing
[Thu May 23 11:52:49 2024] [::1]:39798 Accepted
[Thu May 23 11:52:49 2024] [::1]:39798 [200]: POST /receiver.php
[Thu May 23 11:52:49 2024] [::1]:39798 Closing
[Thu May 23 11:52:51 2024] [::1]:39806 Accepted
[Thu May 23 11:52:51 2024] [::1]:39806 [200]: POST /receiver.php
[Thu May 23 11:52:51 2024] [::1]:39806 Closing
[Thu May 23 11:52:53 2024] [::1]:39808 Accepted
[Thu May 23 11:52:53 2024] [::1]:39808 [200]: POST /receiver.php
[Thu May 23 11:52:53 2024] [::1]:39808 Closing
[Thu May 23 11:52:55 2024] [::1]:39824 Accepted
[Thu May 23 11:52:55 2024] [::1]:39824 [200]: POST /receiver.php
[Thu May 23 11:52:55 2024] [::1]:39824 Closing
[Thu May 23 11:52:57 2024] [::1]:45820 Accepted
[Thu May 23 11:52:57 2024] [::1]:45820 [200]: POST /receiver.php
[Thu May 23 11:52:57 2024] [::1]:45820 Closing
