[Sun May 26 12:49:10 2024] PHP 8.2.18 Development Server (http://localhost:2525) started
[Sun May 26 12:50:33 2024] [::1]:42590 Accepted
[Sun May 26 12:50:33 2024] [::1]:42590 [302]: GET /
[Sun May 26 12:50:33 2024] [::1]:42590 Closing
[Sun May 26 12:50:34 2024] [::1]:42596 Accepted
[Sun May 26 12:50:34 2024] [::1]:42596 [200]: GET /login.php
[Sun May 26 12:50:34 2024] [::1]:42596 Closing
[Sun May 26 12:50:35 2024] [::1]:42606 Accepted
[Sun May 26 12:50:35 2024] [::1]:42606 [200]: GET /assets/css/bootstrap.min.css
[Sun May 26 12:50:35 2024] [::1]:42612 Accepted
[Sun May 26 12:50:35 2024] [::1]:42606 Closing
[Sun May 26 12:50:35 2024] [::1]:42612 [200]: GET /assets/css/style.css
[Sun May 26 12:50:35 2024] [::1]:42612 Closing
[Sun May 26 12:50:35 2024] [::1]:42624 Accepted
[Sun May 26 12:50:35 2024] [::1]:42624 [404]: GET /favicon.ico - No such file or directory
[Sun May 26 12:50:35 2024] [::1]:42624 Closing
[Sun May 26 12:50:47 2024] [::1]:49878 Accepted
[Sun May 26 12:50:47 2024] [::1]:49878 [200]: POST /login.php
[Sun May 26 12:50:47 2024] [::1]:49878 Closing
[Sun May 26 12:50:48 2024] [::1]:49886 Accepted
[Sun May 26 12:50:48 2024] [::1]:49900 Accepted
[Sun May 26 12:50:48 2024] [::1]:49886 [200]: GET /assets/css/style.css
[Sun May 26 12:50:48 2024] [::1]:49900 [200]: GET /assets/css/bootstrap.min.css
[Sun May 26 12:50:48 2024] [::1]:49886 Closing
[Sun May 26 12:50:48 2024] [::1]:49900 Closing
[Sun May 26 12:50:51 2024] [::1]:49916 Accepted
[Sun May 26 12:50:51 2024] [::1]:49916 [200]: GET /panel.php
[Sun May 26 12:50:51 2024] [::1]:49916 Closing
[Sun May 26 12:50:52 2024] [::1]:49920 Accepted
[Sun May 26 12:50:52 2024] [::1]:49920 [200]: GET /assets/css/bootstrap.min.css
[Sun May 26 12:50:52 2024] [::1]:49920 Closing
[Sun May 26 12:50:52 2024] [::1]:49932 Accepted
[Sun May 26 12:50:52 2024] [::1]:49932 [200]: GET /assets/css/light-theme.min.css
[Sun May 26 12:50:52 2024] [::1]:49932 Closing
[Sun May 26 12:50:52 2024] [::1]:49946 Accepted
[Sun May 26 12:50:52 2024] [::1]:49946 [200]: GET /assets/js/jquery.min.js
[Sun May 26 12:50:52 2024] [::1]:49958 Accepted
[Sun May 26 12:50:52 2024] [::1]:49946 Closing
[Sun May 26 12:50:52 2024] [::1]:49958 [200]: GET /assets/js/script.js
[Sun May 26 12:50:52 2024] [::1]:49958 Closing
[Sun May 26 12:50:52 2024] [::1]:49974 Accepted
[Sun May 26 12:50:52 2024] [::1]:49982 Accepted
[Sun May 26 12:50:52 2024] [::1]:49982 [200]: GET /assets/js/sweetalert2.min.js
[Sun May 26 12:50:52 2024] [::1]:49974 [200]: GET /assets/js/growl-notification.min.js
[Sun May 26 12:50:52 2024] [::1]:49982 Closing
[Sun May 26 12:50:52 2024] [::1]:49974 Closing
[Sun May 26 12:50:56 2024] [::1]:57644 Accepted
[Sun May 26 12:50:56 2024] [::1]:57644 [200]: GET /Settings.json
[Sun May 26 12:50:56 2024] [::1]:57644 Closing
[Sun May 26 12:50:56 2024] [::1]:57646 Accepted
[Sun May 26 12:50:56 2024] [::1]:57646 [200]: POST /list_templates.php
[Sun May 26 12:50:56 2024] [::1]:57646 Closing
[Sun May 26 12:50:59 2024] [::1]:57660 Accepted
[Sun May 26 12:50:59 2024] [::1]:57660 [200]: POST /receiver.php
[Sun May 26 12:50:59 2024] [::1]:57660 Closing
[Sun May 26 12:51:01 2024] [::1]:57670 Accepted
[Sun May 26 12:51:01 2024] [::1]:57670 [200]: POST /receiver.php
[Sun May 26 12:51:01 2024] [::1]:57670 Closing
[Sun May 26 12:51:03 2024] [::1]:48530 Accepted
[Sun May 26 12:51:03 2024] [::1]:48530 [200]: POST /receiver.php
[Sun May 26 12:51:03 2024] [::1]:48530 Closing
[Sun May 26 12:51:05 2024] [::1]:48544 Accepted
[Sun May 26 12:51:05 2024] [::1]:48544 [200]: POST /receiver.php
[Sun May 26 12:51:05 2024] [::1]:48544 Closing
[Sun May 26 12:51:08 2024] [::1]:48552 Accepted
[Sun May 26 12:51:08 2024] [::1]:48552 [200]: POST /receiver.php
[Sun May 26 12:51:08 2024] [::1]:48552 Closing
[Sun May 26 12:51:09 2024] [::1]:48562 Accepted
[Sun May 26 12:51:09 2024] [::1]:48562 [200]: POST /receiver.php
[Sun May 26 12:51:09 2024] [::1]:48562 Closing
[Sun May 26 12:51:11 2024] [::1]:48568 Accepted
[Sun May 26 12:51:11 2024] [::1]:48568 [200]: POST /receiver.php
[Sun May 26 12:51:11 2024] [::1]:48568 Closing
[Sun May 26 12:51:13 2024] [::1]:35720 Accepted
[Sun May 26 12:51:13 2024] [::1]:35720 [200]: POST /receiver.php
[Sun May 26 12:51:13 2024] [::1]:35720 Closing
[Sun May 26 12:51:16 2024] [::1]:35726 Accepted
[Sun May 26 12:51:16 2024] [::1]:35726 [200]: POST /receiver.php
[Sun May 26 12:51:16 2024] [::1]:35726 Closing
[Sun May 26 12:51:17 2024] [::1]:35738 Accepted
[Sun May 26 12:51:17 2024] [::1]:35738 [200]: POST /receiver.php
[Sun May 26 12:51:17 2024] [::1]:35738 Closing
[Sun May 26 12:51:19 2024] [::1]:35752 Accepted
[Sun May 26 12:51:19 2024] [::1]:35752 [200]: POST /receiver.php
[Sun May 26 12:51:19 2024] [::1]:35752 Closing
[Sun May 26 12:51:21 2024] [::1]:35764 Accepted
[Sun May 26 12:51:21 2024] [::1]:35764 [200]: POST /receiver.php
[Sun May 26 12:51:21 2024] [::1]:35764 Closing
[Sun May 26 12:51:23 2024] [::1]:48082 Accepted
[Sun May 26 12:51:23 2024] [::1]:48082 [200]: POST /receiver.php
[Sun May 26 12:51:23 2024] [::1]:48082 Closing
[Sun May 26 12:51:26 2024] [::1]:48096 Accepted
[Sun May 26 12:51:26 2024] [::1]:48096 [200]: POST /receiver.php
[Sun May 26 12:51:26 2024] [::1]:48096 Closing
[Sun May 26 12:51:27 2024] [::1]:48098 Accepted
[Sun May 26 12:51:27 2024] [::1]:48098 [200]: POST /receiver.php
[Sun May 26 12:51:27 2024] [::1]:48098 Closing
[Sun May 26 12:51:29 2024] [::1]:48100 Accepted
[Sun May 26 12:51:29 2024] [::1]:48100 [200]: POST /receiver.php
[Sun May 26 12:51:29 2024] [::1]:48100 Closing
[Sun May 26 12:51:31 2024] [::1]:48110 Accepted
[Sun May 26 12:51:31 2024] [::1]:48110 [200]: POST /receiver.php
[Sun May 26 12:51:31 2024] [::1]:48110 Closing
[Sun May 26 12:51:33 2024] [::1]:52630 Accepted
[Sun May 26 12:51:33 2024] [::1]:52630 [200]: POST /receiver.php
[Sun May 26 12:51:33 2024] [::1]:52630 Closing
[Sun May 26 12:51:35 2024] [::1]:52644 Accepted
[Sun May 26 12:51:35 2024] [::1]:52644 [200]: POST /receiver.php
[Sun May 26 12:51:35 2024] [::1]:52644 Closing
[Sun May 26 12:51:37 2024] [::1]:52646 Accepted
[Sun May 26 12:51:37 2024] [::1]:52646 [200]: POST /receiver.php
[Sun May 26 12:51:37 2024] [::1]:52646 Closing
[Sun May 26 12:51:40 2024] [::1]:52648 Accepted
[Sun May 26 12:51:40 2024] [::1]:52648 [200]: POST /receiver.php
[Sun May 26 12:51:40 2024] [::1]:52648 Closing
[Sun May 26 12:51:41 2024] [::1]:52658 Accepted
[Sun May 26 12:51:41 2024] [::1]:52658 [200]: POST /receiver.php
[Sun May 26 12:51:41 2024] [::1]:52658 Closing
[Sun May 26 12:51:45 2024] [::1]:40964 Accepted
[Sun May 26 12:51:45 2024] [::1]:40964 [200]: POST /receiver.php
[Sun May 26 12:51:45 2024] [::1]:40964 Closing
[Sun May 26 12:51:45 2024] [::1]:40970 Accepted
[Sun May 26 12:51:45 2024] [::1]:40970 [200]: POST /receiver.php
[Sun May 26 12:51:45 2024] [::1]:40970 Closing
[Sun May 26 12:51:47 2024] [::1]:40978 Accepted
[Sun May 26 12:51:47 2024] [::1]:40978 [200]: POST /receiver.php
[Sun May 26 12:51:47 2024] [::1]:40978 Closing
[Sun May 26 12:51:49 2024] [::1]:40980 Accepted
[Sun May 26 12:51:49 2024] [::1]:40980 [200]: POST /receiver.php
[Sun May 26 12:51:49 2024] [::1]:40980 Closing
[Sun May 26 12:51:52 2024] [::1]:40986 Accepted
[Sun May 26 12:51:52 2024] [::1]:40986 [200]: POST /receiver.php
[Sun May 26 12:51:52 2024] [::1]:40986 Closing
[Sun May 26 12:51:53 2024] [::1]:48544 Accepted
[Sun May 26 12:51:53 2024] [::1]:48544 [200]: POST /receiver.php
[Sun May 26 12:51:53 2024] [::1]:48544 Closing
[Sun May 26 12:51:55 2024] [::1]:48560 Accepted
[Sun May 26 12:51:55 2024] [::1]:48560 [200]: POST /receiver.php
[Sun May 26 12:51:55 2024] [::1]:48560 Closing
[Sun May 26 12:51:57 2024] [::1]:48568 Accepted
[Sun May 26 12:51:57 2024] [::1]:48568 [200]: POST /receiver.php
[Sun May 26 12:51:57 2024] [::1]:48568 Closing
[Sun May 26 12:51:59 2024] [::1]:48582 Accepted
[Sun May 26 12:51:59 2024] [::1]:48582 [200]: POST /receiver.php
[Sun May 26 12:51:59 2024] [::1]:48582 Closing
[Sun May 26 12:52:01 2024] [::1]:48594 Accepted
[Sun May 26 12:52:01 2024] [::1]:48594 [200]: POST /receiver.php
[Sun May 26 12:52:01 2024] [::1]:48594 Closing
[Sun May 26 12:52:03 2024] [::1]:58780 Accepted
[Sun May 26 12:52:03 2024] [::1]:58780 [200]: POST /receiver.php
[Sun May 26 12:52:03 2024] [::1]:58780 Closing
[Sun May 26 12:52:06 2024] [::1]:58782 Accepted
[Sun May 26 12:52:06 2024] [::1]:58782 [200]: POST /receiver.php
[Sun May 26 12:52:06 2024] [::1]:58782 Closing
[Sun May 26 12:52:07 2024] [::1]:58788 Accepted
[Sun May 26 12:52:07 2024] [::1]:58788 [200]: POST /receiver.php
[Sun May 26 12:52:07 2024] [::1]:58788 Closing
[Sun May 26 12:52:09 2024] [::1]:58804 Accepted
[Sun May 26 12:52:09 2024] [::1]:58804 [200]: POST /receiver.php
[Sun May 26 12:52:09 2024] [::1]:58804 Closing
[Sun May 26 12:52:12 2024] [::1]:58812 Accepted
[Sun May 26 12:52:12 2024] [::1]:58812 [200]: POST /receiver.php
[Sun May 26 12:52:12 2024] [::1]:58812 Closing
[Sun May 26 12:52:17 2024] [::1]:33474 Accepted
[Sun May 26 12:52:17 2024] [::1]:33486 Accepted
[Sun May 26 12:52:17 2024] [::1]:33474 [200]: POST /receiver.php
[Sun May 26 12:52:17 2024] [::1]:33474 Closing
[Sun May 26 12:52:17 2024] [::1]:33494 Accepted
[Sun May 26 12:52:17 2024] [::1]:33494 [200]: POST /receiver.php
[Sun May 26 12:52:17 2024] [::1]:33494 Closing
[Sun May 26 12:52:17 2024] [::1]:33486 [200]: POST /receiver.php
[Sun May 26 12:52:17 2024] [::1]:33486 Closing
[Sun May 26 12:52:19 2024] [::1]:33500 Accepted
[Sun May 26 12:52:19 2024] [::1]:33500 [200]: POST /receiver.php
[Sun May 26 12:52:19 2024] [::1]:33500 Closing
[Sun May 26 12:52:21 2024] [::1]:33506 Accepted
[Sun May 26 12:52:21 2024] [::1]:33506 [200]: POST /receiver.php
[Sun May 26 12:52:21 2024] [::1]:33506 Closing
[Sun May 26 12:52:23 2024] [::1]:40936 Accepted
[Sun May 26 12:52:23 2024] [::1]:40936 [200]: POST /receiver.php
[Sun May 26 12:52:23 2024] [::1]:40936 Closing
[Sun May 26 12:52:25 2024] [::1]:40944 Accepted
[Sun May 26 12:52:25 2024] [::1]:40944 [200]: POST /receiver.php
[Sun May 26 12:52:25 2024] [::1]:40944 Closing
[Sun May 26 12:52:27 2024] [::1]:40956 Accepted
[Sun May 26 12:52:27 2024] [::1]:40956 [200]: POST /receiver.php
[Sun May 26 12:52:27 2024] [::1]:40956 Closing
[Sun May 26 12:52:30 2024] [::1]:40972 Accepted
[Sun May 26 12:52:31 2024] [::1]:40972 [200]: POST /receiver.php
[Sun May 26 12:52:31 2024] [::1]:40972 Closing
[Sun May 26 12:52:31 2024] [::1]:40974 Accepted
[Sun May 26 12:52:31 2024] [::1]:40974 [200]: POST /receiver.php
[Sun May 26 12:52:31 2024] [::1]:40974 Closing
[Sun May 26 12:52:33 2024] [::1]:42988 Accepted
[Sun May 26 12:52:33 2024] [::1]:42988 [200]: POST /receiver.php
[Sun May 26 12:52:33 2024] [::1]:42988 Closing
[Sun May 26 12:52:36 2024] [::1]:43000 Accepted
[Sun May 26 12:52:36 2024] [::1]:43000 [200]: POST /receiver.php
[Sun May 26 12:52:36 2024] [::1]:43000 Closing
[Sun May 26 12:52:37 2024] [::1]:43014 Accepted
[Sun May 26 12:52:37 2024] [::1]:43014 [200]: POST /receiver.php
[Sun May 26 12:52:37 2024] [::1]:43014 Closing
[Sun May 26 12:52:40 2024] [::1]:43026 Accepted
[Sun May 26 12:52:41 2024] [::1]:43026 [200]: POST /receiver.php
[Sun May 26 12:52:41 2024] [::1]:43026 Closing
[Sun May 26 12:52:41 2024] [::1]:43030 Accepted
[Sun May 26 12:52:41 2024] [::1]:43030 [200]: POST /receiver.php
[Sun May 26 12:52:41 2024] [::1]:43030 Closing
[Sun May 26 12:52:43 2024] [::1]:41834 Accepted
[Sun May 26 12:52:43 2024] [::1]:41834 [200]: POST /receiver.php
[Sun May 26 12:52:43 2024] [::1]:41834 Closing
[Sun May 26 12:52:46 2024] [::1]:41850 Accepted
[Sun May 26 12:52:47 2024] [::1]:41850 [200]: POST /receiver.php
[Sun May 26 12:52:47 2024] [::1]:41850 Closing
[Sun May 26 12:52:47 2024] [::1]:41860 Accepted
[Sun May 26 12:52:47 2024] [::1]:41860 [200]: POST /receiver.php
[Sun May 26 12:52:47 2024] [::1]:41860 Closing
[Sun May 26 12:52:49 2024] [::1]:41866 Accepted
[Sun May 26 12:52:49 2024] [::1]:41866 [200]: POST /receiver.php
[Sun May 26 12:52:49 2024] [::1]:41866 Closing
[Sun May 26 12:52:51 2024] [::1]:41868 Accepted
[Sun May 26 12:52:51 2024] [::1]:41868 [200]: POST /receiver.php
[Sun May 26 12:52:51 2024] [::1]:41868 Closing
[Sun May 26 12:52:55 2024] [::1]:57992 Accepted
[Sun May 26 12:52:56 2024] [::1]:57992 [200]: POST /receiver.php
[Sun May 26 12:52:56 2024] [::1]:57992 Closing
[Sun May 26 12:52:56 2024] [::1]:58004 Accepted
[Sun May 26 12:52:56 2024] [::1]:58004 [200]: POST /receiver.php
[Sun May 26 12:52:56 2024] [::1]:58004 Closing
[Sun May 26 12:52:57 2024] [::1]:58010 Accepted
[Sun May 26 12:52:57 2024] [::1]:58010 [200]: POST /receiver.php
[Sun May 26 12:52:57 2024] [::1]:58010 Closing
[Sun May 26 12:52:59 2024] [::1]:58022 Accepted
[Sun May 26 12:52:59 2024] [::1]:58022 [200]: POST /receiver.php
[Sun May 26 12:52:59 2024] [::1]:58022 Closing
[Sun May 26 12:53:02 2024] [::1]:58036 Accepted
[Sun May 26 12:53:02 2024] [::1]:58036 [200]: POST /receiver.php
[Sun May 26 12:53:02 2024] [::1]:58036 Closing
[Sun May 26 12:53:03 2024] [::1]:41080 Accepted
[Sun May 26 12:53:03 2024] [::1]:41080 [200]: POST /receiver.php
[Sun May 26 12:53:03 2024] [::1]:41080 Closing
[Sun May 26 12:53:05 2024] [::1]:41088 Accepted
[Sun May 26 12:53:05 2024] [::1]:41088 [200]: POST /receiver.php
[Sun May 26 12:53:05 2024] [::1]:41088 Closing
[Sun May 26 12:53:07 2024] [::1]:41098 Accepted
[Sun May 26 12:53:07 2024] [::1]:41098 [200]: POST /receiver.php
[Sun May 26 12:53:07 2024] [::1]:41098 Closing
[Sun May 26 12:53:09 2024] [::1]:41104 Accepted
[Sun May 26 12:53:09 2024] [::1]:41104 [200]: POST /receiver.php
[Sun May 26 12:53:09 2024] [::1]:41104 Closing
[Sun May 26 12:53:11 2024] [::1]:41118 Accepted
[Sun May 26 12:53:11 2024] [::1]:41118 [200]: POST /receiver.php
[Sun May 26 12:53:11 2024] [::1]:41118 Closing
[Sun May 26 12:53:13 2024] [::1]:44082 Accepted
[Sun May 26 12:53:13 2024] [::1]:44082 [200]: POST /receiver.php
[Sun May 26 12:53:13 2024] [::1]:44082 Closing
[Sun May 26 12:53:15 2024] [::1]:44092 Accepted
[Sun May 26 12:53:15 2024] [::1]:44092 [200]: POST /receiver.php
[Sun May 26 12:53:15 2024] [::1]:44092 Closing
[Sun May 26 12:53:17 2024] [::1]:44104 Accepted
[Sun May 26 12:53:17 2024] [::1]:44104 [200]: POST /receiver.php
[Sun May 26 12:53:17 2024] [::1]:44104 Closing
[Sun May 26 12:53:19 2024] [::1]:44114 Accepted
[Sun May 26 12:53:19 2024] [::1]:44114 [200]: POST /receiver.php
[Sun May 26 12:53:19 2024] [::1]:44114 Closing
[Sun May 26 12:53:21 2024] [::1]:44122 Accepted
[Sun May 26 12:53:21 2024] [::1]:44122 [200]: POST /receiver.php
[Sun May 26 12:53:21 2024] [::1]:44122 Closing
[Sun May 26 12:53:23 2024] [::1]:46528 Accepted
[Sun May 26 12:53:23 2024] [::1]:46528 [200]: POST /receiver.php
[Sun May 26 12:53:23 2024] [::1]:46528 Closing
[Sun May 26 12:53:25 2024] [::1]:46544 Accepted
[Sun May 26 12:53:25 2024] [::1]:46544 [200]: POST /receiver.php
[Sun May 26 12:53:25 2024] [::1]:46544 Closing
[Sun May 26 12:53:27 2024] [::1]:46552 Accepted
[Sun May 26 12:53:27 2024] [::1]:46552 [200]: POST /receiver.php
[Sun May 26 12:53:27 2024] [::1]:46552 Closing
[Sun May 26 12:53:29 2024] [::1]:46560 Accepted
[Sun May 26 12:53:29 2024] [::1]:46560 [200]: POST /receiver.php
[Sun May 26 12:53:29 2024] [::1]:46560 Closing
[Sun May 26 12:53:31 2024] [::1]:46564 Accepted
[Sun May 26 12:53:31 2024] [::1]:46564 [200]: POST /receiver.php
[Sun May 26 12:53:31 2024] [::1]:46564 Closing
[Sun May 26 12:53:33 2024] [::1]:52404 Accepted
[Sun May 26 12:53:33 2024] [::1]:52404 [200]: POST /receiver.php
[Sun May 26 12:53:33 2024] [::1]:52404 Closing
[Sun May 26 12:53:35 2024] [::1]:52408 Accepted
[Sun May 26 12:53:35 2024] [::1]:52408 [200]: POST /receiver.php
[Sun May 26 12:53:35 2024] [::1]:52408 Closing
[Sun May 26 12:53:37 2024] [::1]:52410 Accepted
[Sun May 26 12:53:37 2024] [::1]:52410 [200]: POST /receiver.php
[Sun May 26 12:53:37 2024] [::1]:52410 Closing
[Sun May 26 12:53:39 2024] [::1]:52422 Accepted
[Sun May 26 12:53:39 2024] [::1]:52422 [200]: POST /receiver.php
[Sun May 26 12:53:39 2024] [::1]:52422 Closing
[Sun May 26 12:53:41 2024] [::1]:52434 Accepted
[Sun May 26 12:53:41 2024] [::1]:52434 [200]: POST /receiver.php
[Sun May 26 12:53:41 2024] [::1]:52434 Closing
[Sun May 26 12:53:43 2024] [::1]:38824 Accepted
[Sun May 26 12:53:43 2024] [::1]:38824 [200]: POST /receiver.php
[Sun May 26 12:53:43 2024] [::1]:38824 Closing
[Sun May 26 12:53:45 2024] [::1]:38828 Accepted
[Sun May 26 12:53:45 2024] [::1]:38828 [200]: POST /receiver.php
[Sun May 26 12:53:45 2024] [::1]:38828 Closing
[Sun May 26 12:53:47 2024] [::1]:38844 Accepted
[Sun May 26 12:53:47 2024] [::1]:38844 [200]: POST /receiver.php
[Sun May 26 12:53:47 2024] [::1]:38844 Closing
[Sun May 26 12:53:49 2024] [::1]:38852 Accepted
[Sun May 26 12:53:49 2024] [::1]:38852 [200]: POST /receiver.php
[Sun May 26 12:53:49 2024] [::1]:38852 Closing
[Sun May 26 12:53:51 2024] [::1]:38866 Accepted
[Sun May 26 12:53:51 2024] [::1]:38866 [200]: POST /receiver.php
[Sun May 26 12:53:51 2024] [::1]:38866 Closing
[Sun May 26 12:53:53 2024] [::1]:40654 Accepted
[Sun May 26 12:53:53 2024] [::1]:40654 [200]: POST /receiver.php
[Sun May 26 12:53:53 2024] [::1]:40654 Closing
[Sun May 26 12:53:55 2024] [::1]:40660 Accepted
[Sun May 26 12:53:55 2024] [::1]:40660 [200]: POST /receiver.php
[Sun May 26 12:53:55 2024] [::1]:40660 Closing
[Sun May 26 12:53:57 2024] [::1]:40670 Accepted
[Sun May 26 12:53:57 2024] [::1]:40670 [200]: POST /receiver.php
[Sun May 26 12:53:57 2024] [::1]:40670 Closing
[Sun May 26 12:53:59 2024] [::1]:40682 Accepted
[Sun May 26 12:53:59 2024] [::1]:40682 [200]: POST /receiver.php
[Sun May 26 12:53:59 2024] [::1]:40682 Closing
[Sun May 26 12:54:01 2024] [::1]:40694 Accepted
[Sun May 26 12:54:01 2024] [::1]:40694 [200]: POST /receiver.php
[Sun May 26 12:54:01 2024] [::1]:40694 Closing
[Sun May 26 12:54:03 2024] [::1]:41556 Accepted
[Sun May 26 12:54:03 2024] [::1]:41556 [200]: POST /receiver.php
[Sun May 26 12:54:03 2024] [::1]:41556 Closing
[Sun May 26 12:54:05 2024] [::1]:41558 Accepted
[Sun May 26 12:54:05 2024] [::1]:41558 [200]: POST /receiver.php
[Sun May 26 12:54:05 2024] [::1]:41558 Closing
[Sun May 26 12:54:08 2024] [::1]:41572 Accepted
[Sun May 26 12:54:08 2024] [::1]:41572 [200]: POST /receiver.php
[Sun May 26 12:54:08 2024] [::1]:41572 Closing
[Sun May 26 12:54:09 2024] [::1]:41574 Accepted
[Sun May 26 12:54:09 2024] [::1]:41574 [200]: POST /receiver.php
[Sun May 26 12:54:09 2024] [::1]:41574 Closing
[Sun May 26 12:54:11 2024] [::1]:41584 Accepted
[Sun May 26 12:54:11 2024] [::1]:41584 [200]: POST /receiver.php
[Sun May 26 12:54:11 2024] [::1]:41584 Closing
[Sun May 26 12:54:14 2024] [::1]:47262 Accepted
[Sun May 26 12:54:14 2024] [::1]:47262 [200]: POST /receiver.php
[Sun May 26 12:54:14 2024] [::1]:47262 Closing
[Sun May 26 12:54:15 2024] [::1]:47266 Accepted
[Sun May 26 12:54:15 2024] [::1]:47266 [200]: POST /receiver.php
[Sun May 26 12:54:15 2024] [::1]:47266 Closing
[Sun May 26 12:54:18 2024] [::1]:47282 Accepted
[Sun May 26 12:54:19 2024] [::1]:47282 [200]: POST /receiver.php
[Sun May 26 12:54:19 2024] [::1]:47282 Closing
[Sun May 26 12:54:19 2024] [::1]:47286 Accepted
[Sun May 26 12:54:19 2024] [::1]:47286 [200]: POST /receiver.php
[Sun May 26 12:54:19 2024] [::1]:47286 Closing
[Sun May 26 12:54:21 2024] [::1]:47302 Accepted
[Sun May 26 12:54:21 2024] [::1]:47302 [200]: POST /receiver.php
[Sun May 26 12:54:21 2024] [::1]:47302 Closing
[Sun May 26 12:54:23 2024] [::1]:39578 Accepted
[Sun May 26 12:54:23 2024] [::1]:39578 [200]: POST /receiver.php
[Sun May 26 12:54:23 2024] [::1]:39578 Closing
[Sun May 26 12:54:27 2024] [::1]:39590 Accepted
[Sun May 26 12:54:27 2024] [::1]:39590 [200]: POST /receiver.php
[Sun May 26 12:54:27 2024] [::1]:39590 Closing
[Sun May 26 12:54:28 2024] [::1]:39606 Accepted
[Sun May 26 12:54:28 2024] [::1]:39606 [200]: POST /receiver.php
[Sun May 26 12:54:28 2024] [::1]:39606 Closing
[Sun May 26 12:54:29 2024] [::1]:39618 Accepted
[Sun May 26 12:54:29 2024] [::1]:39618 [200]: POST /receiver.php
[Sun May 26 12:54:29 2024] [::1]:39618 Closing
[Sun May 26 12:54:32 2024] [::1]:39632 Accepted
[Sun May 26 12:54:33 2024] [::1]:39632 [200]: POST /receiver.php
[Sun May 26 12:54:33 2024] [::1]:39632 Closing
[Sun May 26 12:54:33 2024] [::1]:56938 Accepted
[Sun May 26 12:54:33 2024] [::1]:56938 [200]: POST /receiver.php
[Sun May 26 12:54:33 2024] [::1]:56938 Closing
[Sun May 26 12:54:35 2024] [::1]:56950 Accepted
[Sun May 26 12:54:35 2024] [::1]:56950 [200]: POST /receiver.php
[Sun May 26 12:54:35 2024] [::1]:56950 Closing
[Sun May 26 12:54:37 2024] [::1]:56954 Accepted
[Sun May 26 12:54:37 2024] [::1]:56954 [200]: POST /receiver.php
[Sun May 26 12:54:37 2024] [::1]:56954 Closing
[Sun May 26 12:54:39 2024] [::1]:56958 Accepted
[Sun May 26 12:54:39 2024] [::1]:56958 [200]: POST /receiver.php
[Sun May 26 12:54:39 2024] [::1]:56958 Closing
[Sun May 26 12:54:41 2024] [::1]:56970 Accepted
[Sun May 26 12:54:41 2024] [::1]:56970 [200]: POST /receiver.php
[Sun May 26 12:54:41 2024] [::1]:56970 Closing
[Sun May 26 12:54:44 2024] [::1]:34342 Accepted
[Sun May 26 12:54:44 2024] [::1]:34342 [200]: POST /receiver.php
[Sun May 26 12:54:44 2024] [::1]:34342 Closing
[Sun May 26 12:54:45 2024] [::1]:34350 Accepted
[Sun May 26 12:54:45 2024] [::1]:34350 [200]: POST /receiver.php
[Sun May 26 12:54:45 2024] [::1]:34350 Closing
[Sun May 26 12:54:49 2024] [::1]:34360 Accepted
[Sun May 26 12:54:49 2024] [::1]:34360 [200]: POST /receiver.php
[Sun May 26 12:54:49 2024] [::1]:34360 Closing
[Sun May 26 12:54:49 2024] [::1]:34376 Accepted
[Sun May 26 12:54:49 2024] [::1]:34376 [200]: POST /receiver.php
[Sun May 26 12:54:49 2024] [::1]:34376 Closing
[Sun May 26 12:54:51 2024] [::1]:34392 Accepted
[Sun May 26 12:54:51 2024] [::1]:34392 [200]: POST /receiver.php
[Sun May 26 12:54:51 2024] [::1]:34392 Closing
[Sun May 26 12:54:54 2024] [::1]:46354 Accepted
[Sun May 26 12:54:54 2024] [::1]:46354 [200]: POST /receiver.php
[Sun May 26 12:54:54 2024] [::1]:46354 Closing
[Sun May 26 12:54:55 2024] [::1]:46356 Accepted
[Sun May 26 12:54:55 2024] [::1]:46356 [200]: POST /receiver.php
[Sun May 26 12:54:55 2024] [::1]:46356 Closing
[Sun May 26 12:54:59 2024] [::1]:46366 Accepted
[Sun May 26 12:55:00 2024] [::1]:46366 [200]: POST /receiver.php
[Sun May 26 12:55:00 2024] [::1]:46366 Closing
[Sun May 26 12:55:00 2024] [::1]:46378 Accepted
[Sun May 26 12:55:00 2024] [::1]:46378 [200]: POST /receiver.php
[Sun May 26 12:55:00 2024] [::1]:46378 Closing
[Sun May 26 12:55:01 2024] [::1]:46394 Accepted
[Sun May 26 12:55:01 2024] [::1]:46394 [200]: POST /receiver.php
[Sun May 26 12:55:01 2024] [::1]:46394 Closing
